ARM GAS  /tmp/ccjJOukp.s 			page 1


   1              		.cpu cortex-m4
   2              		.arch armv7e-m
   3              		.fpu fpv4-sp-d16
   4              		.eabi_attribute 27, 1
   5              		.eabi_attribute 28, 1
   6              		.eabi_attribute 20, 1
   7              		.eabi_attribute 21, 1
   8              		.eabi_attribute 23, 3
   9              		.eabi_attribute 24, 1
  10              		.eabi_attribute 25, 1
  11              		.eabi_attribute 26, 1
  12              		.eabi_attribute 30, 6
  13              		.eabi_attribute 34, 1
  14              		.eabi_attribute 18, 4
  15              		.file	"bootloaderflash.c"
  16              		.text
  17              	.Ltext0:
  18              		.cfi_sections	.debug_frame
  19              		.file 1 "Core/src/bootloaderflash.c"
  20              		.section	.text.Bootloader_FLASH_Erase_Main_App,"ax",%progbits
  21              		.align	1
  22              		.global	Bootloader_FLASH_Erase_Main_App
  23              		.syntax unified
  24              		.thumb
  25              		.thumb_func
  27              	Bootloader_FLASH_Erase_Main_App:
  28              	.LFB113:
   1:Core/src/bootloaderflash.c **** #include "bootloaderflash.h"
   2:Core/src/bootloaderflash.c **** 
   3:Core/src/bootloaderflash.c **** void Bootloader_FLASH_Erase_Main_App(void)
   4:Core/src/bootloaderflash.c **** {
  29              		.loc 1 4 1
  30              		.cfi_startproc
  31              		@ args = 0, pretend = 0, frame = 0
  32              		@ frame_needed = 1, uses_anonymous_args = 0
  33 0000 80B5     		push	{r7, lr}
  34              	.LCFI0:
  35              		.cfi_def_cfa_offset 8
  36              		.cfi_offset 7, -8
  37              		.cfi_offset 14, -4
  38 0002 00AF     		add	r7, sp, #0
  39              	.LCFI1:
  40              		.cfi_def_cfa_register 7
   5:Core/src/bootloaderflash.c ****     FLASH_Unlock();
  41              		.loc 1 5 5
  42 0004 FFF7FEFF 		bl	FLASH_Unlock
   6:Core/src/bootloaderflash.c **** 
   7:Core/src/bootloaderflash.c ****     while (FLASH_EraseSector(FLASH_Sector_4, VoltageRange_3) != FLASH_COMPLETE)
  43              		.loc 1 7 11
  44 0008 00BF     		nop
  45              	.L2:
  46              		.loc 1 7 12 discriminator 1
  47 000a 0221     		movs	r1, #2
  48 000c 2020     		movs	r0, #32
  49 000e FFF7FEFF 		bl	FLASH_EraseSector
  50 0012 0346     		mov	r3, r0
  51              		.loc 1 7 62 discriminator 1
ARM GAS  /tmp/ccjJOukp.s 			page 2


  52 0014 082B     		cmp	r3, #8
  53 0016 F8D1     		bne	.L2
   8:Core/src/bootloaderflash.c ****         ;
   9:Core/src/bootloaderflash.c ****     while (FLASH_EraseSector(FLASH_Sector_5, VoltageRange_3) != FLASH_COMPLETE)
  54              		.loc 1 9 11
  55 0018 00BF     		nop
  56              	.L3:
  57              		.loc 1 9 12 discriminator 1
  58 001a 0221     		movs	r1, #2
  59 001c 2820     		movs	r0, #40
  60 001e FFF7FEFF 		bl	FLASH_EraseSector
  61 0022 0346     		mov	r3, r0
  62              		.loc 1 9 62 discriminator 1
  63 0024 082B     		cmp	r3, #8
  64 0026 F8D1     		bne	.L3
  10:Core/src/bootloaderflash.c ****         ;
  11:Core/src/bootloaderflash.c ****     while (FLASH_EraseSector(FLASH_Sector_6, VoltageRange_3) != FLASH_COMPLETE)
  65              		.loc 1 11 11
  66 0028 00BF     		nop
  67              	.L4:
  68              		.loc 1 11 12 discriminator 1
  69 002a 0221     		movs	r1, #2
  70 002c 3020     		movs	r0, #48
  71 002e FFF7FEFF 		bl	FLASH_EraseSector
  72 0032 0346     		mov	r3, r0
  73              		.loc 1 11 62 discriminator 1
  74 0034 082B     		cmp	r3, #8
  75 0036 F8D1     		bne	.L4
  12:Core/src/bootloaderflash.c ****         ;
  13:Core/src/bootloaderflash.c ****     while (FLASH_EraseSector(FLASH_Sector_7, VoltageRange_3) != FLASH_COMPLETE)
  76              		.loc 1 13 11
  77 0038 00BF     		nop
  78              	.L5:
  79              		.loc 1 13 12 discriminator 1
  80 003a 0221     		movs	r1, #2
  81 003c 3820     		movs	r0, #56
  82 003e FFF7FEFF 		bl	FLASH_EraseSector
  83 0042 0346     		mov	r3, r0
  84              		.loc 1 13 62 discriminator 1
  85 0044 082B     		cmp	r3, #8
  86 0046 F8D1     		bne	.L5
  14:Core/src/bootloaderflash.c ****         ;
  15:Core/src/bootloaderflash.c ****     while (FLASH_EraseSector(FLASH_Sector_8, VoltageRange_3) != FLASH_COMPLETE)
  87              		.loc 1 15 11
  88 0048 00BF     		nop
  89              	.L6:
  90              		.loc 1 15 12 discriminator 1
  91 004a 0221     		movs	r1, #2
  92 004c 4020     		movs	r0, #64
  93 004e FFF7FEFF 		bl	FLASH_EraseSector
  94 0052 0346     		mov	r3, r0
  95              		.loc 1 15 62 discriminator 1
  96 0054 082B     		cmp	r3, #8
  97 0056 F8D1     		bne	.L6
  16:Core/src/bootloaderflash.c ****         ;
  17:Core/src/bootloaderflash.c ****     while (FLASH_EraseSector(FLASH_Sector_9, VoltageRange_3) != FLASH_COMPLETE)
  98              		.loc 1 17 11
ARM GAS  /tmp/ccjJOukp.s 			page 3


  99 0058 00BF     		nop
 100              	.L7:
 101              		.loc 1 17 12 discriminator 1
 102 005a 0221     		movs	r1, #2
 103 005c 4820     		movs	r0, #72
 104 005e FFF7FEFF 		bl	FLASH_EraseSector
 105 0062 0346     		mov	r3, r0
 106              		.loc 1 17 62 discriminator 1
 107 0064 082B     		cmp	r3, #8
 108 0066 F8D1     		bne	.L7
  18:Core/src/bootloaderflash.c ****         ;
  19:Core/src/bootloaderflash.c **** 
  20:Core/src/bootloaderflash.c ****     FLASH_Lock();
 109              		.loc 1 20 5
 110 0068 FFF7FEFF 		bl	FLASH_Lock
  21:Core/src/bootloaderflash.c **** }
 111              		.loc 1 21 1
 112 006c 00BF     		nop
 113 006e 80BD     		pop	{r7, pc}
 114              		.cfi_endproc
 115              	.LFE113:
 117              		.section	.text.Bootloader_FLASH_Write,"ax",%progbits
 118              		.align	1
 119              		.global	Bootloader_FLASH_Write
 120              		.syntax unified
 121              		.thumb
 122              		.thumb_func
 124              	Bootloader_FLASH_Write:
 125              	.LFB114:
  22:Core/src/bootloaderflash.c **** void Bootloader_FLASH_Write(const uint32_t address, const uint8_t* data, const uint32_t length)
  23:Core/src/bootloaderflash.c **** {
 126              		.loc 1 23 1
 127              		.cfi_startproc
 128              		@ args = 0, pretend = 0, frame = 24
 129              		@ frame_needed = 1, uses_anonymous_args = 0
 130 0000 80B5     		push	{r7, lr}
 131              	.LCFI2:
 132              		.cfi_def_cfa_offset 8
 133              		.cfi_offset 7, -8
 134              		.cfi_offset 14, -4
 135 0002 86B0     		sub	sp, sp, #24
 136              	.LCFI3:
 137              		.cfi_def_cfa_offset 32
 138 0004 00AF     		add	r7, sp, #0
 139              	.LCFI4:
 140              		.cfi_def_cfa_register 7
 141 0006 F860     		str	r0, [r7, #12]
 142 0008 B960     		str	r1, [r7, #8]
 143 000a 7A60     		str	r2, [r7, #4]
  24:Core/src/bootloaderflash.c ****     FLASH_Unlock();
 144              		.loc 1 24 5
 145 000c FFF7FEFF 		bl	FLASH_Unlock
 146              	.LBB2:
  25:Core/src/bootloaderflash.c ****     for (uint32_t i = 0; i < length; i++)
 147              		.loc 1 25 19
 148 0010 0023     		movs	r3, #0
 149 0012 7B61     		str	r3, [r7, #20]
ARM GAS  /tmp/ccjJOukp.s 			page 4


 150              		.loc 1 25 5
 151 0014 10E0     		b	.L9
 152              	.L11:
  26:Core/src/bootloaderflash.c ****     {
  27:Core/src/bootloaderflash.c ****         while (FLASH_ProgramByte(address + i, data[i]) != FLASH_COMPLETE)
 153              		.loc 1 27 15
 154 0016 00BF     		nop
 155              	.L10:
 156              		.loc 1 27 16 discriminator 1
 157 0018 FA68     		ldr	r2, [r7, #12]
 158 001a 7B69     		ldr	r3, [r7, #20]
 159 001c D018     		adds	r0, r2, r3
 160              		.loc 1 27 51 discriminator 1
 161 001e BA68     		ldr	r2, [r7, #8]
 162 0020 7B69     		ldr	r3, [r7, #20]
 163 0022 1344     		add	r3, r3, r2
 164              		.loc 1 27 16 discriminator 1
 165 0024 1B78     		ldrb	r3, [r3]	@ zero_extendqisi2
 166 0026 1946     		mov	r1, r3
 167 0028 FFF7FEFF 		bl	FLASH_ProgramByte
 168 002c 0346     		mov	r3, r0
 169              		.loc 1 27 56 discriminator 1
 170 002e 082B     		cmp	r3, #8
 171 0030 F2D1     		bne	.L10
  25:Core/src/bootloaderflash.c ****     for (uint32_t i = 0; i < length; i++)
 172              		.loc 1 25 39 discriminator 2
 173 0032 7B69     		ldr	r3, [r7, #20]
 174 0034 0133     		adds	r3, r3, #1
 175 0036 7B61     		str	r3, [r7, #20]
 176              	.L9:
  25:Core/src/bootloaderflash.c ****     for (uint32_t i = 0; i < length; i++)
 177              		.loc 1 25 28 discriminator 1
 178 0038 7A69     		ldr	r2, [r7, #20]
 179 003a 7B68     		ldr	r3, [r7, #4]
 180 003c 9A42     		cmp	r2, r3
 181 003e EAD3     		bcc	.L11
 182              	.LBE2:
  28:Core/src/bootloaderflash.c ****             ;
  29:Core/src/bootloaderflash.c ****     }
  30:Core/src/bootloaderflash.c ****     FLASH_Lock();
 183              		.loc 1 30 5
 184 0040 FFF7FEFF 		bl	FLASH_Lock
  31:Core/src/bootloaderflash.c **** }...
 185              		.loc 1 31 1
 186 0044 00BF     		nop
 187 0046 1837     		adds	r7, r7, #24
 188              	.LCFI5:
 189              		.cfi_def_cfa_offset 8
 190 0048 BD46     		mov	sp, r7
 191              	.LCFI6:
 192              		.cfi_def_cfa_register 13
 193              		@ sp needed
 194 004a 80BD     		pop	{r7, pc}
 195              		.cfi_endproc
 196              	.LFE114:
 198              		.text
 199              	.Letext0:
ARM GAS  /tmp/ccjJOukp.s 			page 5


 200              		.file 2 "/usr/arm-none-eabi/include/machine/_default_types.h"
 201              		.file 3 "/usr/arm-none-eabi/include/sys/_stdint.h"
 202              		.file 4 "../Shared/Libraries/STM32F4xx_StdPeriph_Driver/inc/stm32f4xx_flash.h"
ARM GAS  /tmp/ccjJOukp.s 			page 6


DEFINED SYMBOLS
                            *ABS*:00000000 bootloaderflash.c
     /tmp/ccjJOukp.s:21     .text.Bootloader_FLASH_Erase_Main_App:00000000 $t
     /tmp/ccjJOukp.s:27     .text.Bootloader_FLASH_Erase_Main_App:00000000 Bootloader_FLASH_Erase_Main_App
     /tmp/ccjJOukp.s:118    .text.Bootloader_FLASH_Write:00000000 $t
     /tmp/ccjJOukp.s:124    .text.Bootloader_FLASH_Write:00000000 Bootloader_FLASH_Write
                           .group:00000000 wm4.0.62e24ee945655210df7a12269291771b
                           .group:00000000 wm4.stm32f4xx.h.54.f84a67a8e71ba9719846fdff1868826c
                           .group:00000000 wm4.core_cm4.h.32.5f62939b60122629d60d85d0c4a14709
                           .group:00000000 wm4._newlib_version.h.4.411db44ea2338a62eca2f0777f81481b
                           .group:00000000 wm4.features.h.33.2eefb68b261e70563a8ac654e712169f
                           .group:00000000 wm4._default_types.h.15.247e5cd201eca3442cbf5404108c4935
                           .group:00000000 wm4._intsup.h.10.48bafbb683905c4daa4565a85aeeb264
                           .group:00000000 wm4._stdint.h.10.c24fa3af3bc1706662bb5593a907e841
                           .group:00000000 wm4.stdint.h.23.d53047a68f4a85177f80b422d52785ed
                           .group:00000000 wm4.core_cmInstr.h.25.f50f886f2edf670cf199b35fd96f5c91
                           .group:00000000 wm4.core_cm4_simd.h.29.b4a3fdfb606cb3b26119424324d4b963
                           .group:00000000 wm4.core_cm4.h.153.5393ef7e6cebf34dd51ca528f9218ab3
                           .group:00000000 wm4.stm32f4xx.h.289.fa68dcae75666a037ce29b5a1b57e3b3
                           .group:00000000 wm4.stm32f4xx_conf.h.3.bc52e76ab6b5c9037500dbf5bb8f9be4
                           .group:00000000 wm4.misc.h.86.a3996e7f17199502fad3c7f62e5cdb3f
                           .group:00000000 wm4.stm32f4xx_adc.h.31.d96d805acd0f0c0392ec4633757dead3
                           .group:00000000 wm4.stm32f4xx_can.h.31.3bb56c6436c7a6e6af1611046e81f48c
                           .group:00000000 wm4.stm32f4xx_cryp.h.31.94bbbb19b99df10306f31e78c333a77b
                           .group:00000000 wm4.stm32f4xx_dac.h.31.b8d45e7eaf71ee4bf01c1317dbc06f77
                           .group:00000000 wm4.stm32f4xx_dbgmcu.h.30.70a81ec54c2707baa9fca77391eeeaaa
                           .group:00000000 wm4.stm32f4xx_dcmi.h.30.9d0942d58c357d2eed15e044bf9b4a77
                           .group:00000000 wm4.stm32f4xx_dma.h.31.815bb924b30b1c776b3cd51113fdfe60
                           .group:00000000 wm4.stm32f4xx_exti.h.31.86bd18e979f97217bb1d3b80fde0231e
                           .group:00000000 wm4.stm32f4xx_flash.h.31.74f2ed42d890f144ca7eb5ae8172f0d0
                           .group:00000000 wm4.stm32f4xx_fsmc.h.31.ff58629e0c603fb2f9b3f00c0657fdfa
                           .group:00000000 wm4.stm32f4xx_gpio.h.31.d9aeae10cfa353d85d475c0d4900c452
                           .group:00000000 wm4.stm32f4xx_hash.h.31.5c109425d30f0b9cc0a26ad38182d91f
                           .group:00000000 wm4.stm32f4xx_i2c.h.31.edf5baa611075c49ae13f56be9040be3
                           .group:00000000 wm4.stm32f4xx_iwdg.h.31.30e376e6d8d424aab7fddd66cf691c7b
                           .group:00000000 wm4.stm32f4xx_pwr.h.31.bb774fc1b632cb8d2ecaec8c6524d2c0
                           .group:00000000 wm4.stm32f4xx_rcc.h.30.820e94551583d2b835c8cf3ad722e16c
                           .group:00000000 wm4.stm32f4xx_rng.h.31.1ec493d56b7a8e5a71238519cae6dea7
                           .group:00000000 wm4.stm32f4xx_rtc.h.31.bddeb98c63c8fa06fac80b5dd8296471
                           .group:00000000 wm4.stm32f4xx_sdio.h.31.8c6dff42ffa718b444c3420717601ff2
                           .group:00000000 wm4.stm32f4xx_spi.h.31.fb1b2c8214b87a47d4457633b7c31c3c
                           .group:00000000 wm4.stm32f4xx_syscfg.h.31.5a680f88d55b7816ae613c20f199cbd9
                           .group:00000000 wm4.stm32f4xx_tim.h.31.b1d608fbde729347e4ccf70799e654d2
                           .group:00000000 wm4.stm32f4xx_usart.h.31.f8d29b14aa4d39de5495adcc92749d3c
                           .group:00000000 wm4.stm32f4xx_wwdg.h.31.b45a80fa1ec64984adf786f7e489f31b
                           .group:00000000 wm4.stm32f4xx.h.6975.cdbdae9d5de06f1ba6b770f59cbe4d6c
                           .group:00000000 wm4.stdbool.h.29.c08aa3eec75cf5b9b5003883f43253f0
                           .group:00000000 wm4.newlib.h.7.59e76574e8950a1900b83fbbda2ff693
                           .group:00000000 wm4.ieeefp.h.77.5ad60f72ea25fc152400b550ac118212
                           .group:00000000 wm4.config.h.224.10ee1ad185d877c6e334e6581faab44d
                           .group:00000000 wm4._ansi.h.31.de524f58584151836e90d8620a16f8e8
                           .group:00000000 wm4.stdio.h.31.7c0e28c411445f3f9c5b11accf882760
                           .group:00000000 wm4.stddef.h.185.cbb642e1ccd385e8aa504b15cb7fb086
                           .group:00000000 wm4.cdefs.h.49.56fd742369e655e7e8a7e365e706e208
                           .group:00000000 wm4.stddef.h.39.6817658cc6bc4c7c8354d2009e4a5777
                           .group:00000000 wm4.stdarg.h.34.3a23a216c0c293b3d2ea2e89281481e6
                           .group:00000000 wm4._types.h.20.dd0d04dca3800a0d2a6129b87f3adbb2
ARM GAS  /tmp/ccjJOukp.s 			page 7


                           .group:00000000 wm4.stddef.h.158.6f8e08a347b1cff664332fa350bfceb3
                           .group:00000000 wm4._types.h.127.3bdfe3ff8ea2d0985b03d9cbe93480e3
                           .group:00000000 wm4.reent.h.18.25503cdc8b7e55dd0d6ea7b3e5af7a03
                           .group:00000000 wm4.lock.h.2.1461d1fff82dffe8bfddc23307f6484f
                           .group:00000000 wm4.reent.h.78.7f0775353a33c852a1479c008f68cd03
                           .group:00000000 wm4.stdio.h.67.0cf8a9c281ab0b348aef5c02e7e48825
                           .group:00000000 wm4.stdio.h.2.4aa87247282eca6c8f36f9de33d8df1a
                           .group:00000000 wm4.stdio.h.87.a1e20d2651f9bfb66e51bfbe849db00a
                           .group:00000000 wm4.string.h.8.c4b8571ce60dff2817f43fec8b86aecd
                           .group:00000000 wm4.stddef.h.158.eec8bf00b5213f43d095cb984c5f22e3

UNDEFINED SYMBOLS
FLASH_Unlock
FLASH_EraseSector
FLASH_Lock
FLASH_ProgramByte
