ARM GAS  /tmp/ccUS9zq9.s 			page 1


   1              		.cpu cortex-m4
   2              		.arch armv7e-m
   3              		.fpu fpv4-sp-d16
   4              		.eabi_attribute 27, 1
   5              		.eabi_attribute 28, 1
   6              		.eabi_attribute 20, 1
   7              		.eabi_attribute 21, 1
   8              		.eabi_attribute 23, 3
   9              		.eabi_attribute 24, 1
  10              		.eabi_attribute 25, 1
  11              		.eabi_attribute 26, 1
  12              		.eabi_attribute 30, 6
  13              		.eabi_attribute 34, 1
  14              		.eabi_attribute 18, 4
  15              		.file	"comms.c"
  16              		.text
  17              	.Ltext0:
  18              		.cfi_sections	.debug_frame
  19              		.file 1 "Core/src/comms.c"
  20              		.section	.bss.state,"aw",%nobits
  23              	state:
  24 0000 00       		.space	1
  25              		.section	.bss.dataByteCount,"aw",%nobits
  28              	dataByteCount:
  29 0000 00       		.space	1
  30              		.section	.bss.tempPacket,"aw",%nobits
  31              		.align	2
  34              	tempPacket:
  35 0000 00000000 		.space	18
  35      00000000 
  35      00000000 
  35      00000000 
  35      0000
  36              		.section	.bss.retransmitPacket,"aw",%nobits
  37              		.align	2
  40              	retransmitPacket:
  41 0000 00000000 		.space	18
  41      00000000 
  41      00000000 
  41      00000000 
  41      0000
  42              		.section	.bss.acknowledgePacket,"aw",%nobits
  43              		.align	2
  46              	acknowledgePacket:
  47 0000 00000000 		.space	18
  47      00000000 
  47      00000000 
  47      00000000 
  47      0000
  48              		.section	.bss.lastTransmittedPacket,"aw",%nobits
  49              		.align	2
  52              	lastTransmittedPacket:
  53 0000 00000000 		.space	18
  53      00000000 
  53      00000000 
  53      00000000 
  53      0000
ARM GAS  /tmp/ccUS9zq9.s 			page 2


  54              		.section	.bss.packetBuffer,"aw",%nobits
  55              		.align	2
  58              	packetBuffer:
  59 0000 00000000 		.space	144
  59      00000000 
  59      00000000 
  59      00000000 
  59      00000000 
  60              		.section	.bss.packetReadIndex,"aw",%nobits
  61              		.align	2
  64              	packetReadIndex:
  65 0000 00000000 		.space	4
  66              		.section	.bss.packetWriteIndex,"aw",%nobits
  67              		.align	2
  70              	packetWriteIndex:
  71 0000 00000000 		.space	4
  72              		.section	.data.packetBufferMask,"aw"
  73              		.align	2
  76              	packetBufferMask:
  77 0000 07000000 		.word	7
  78              		.section	.text.Comms_Setup,"ax",%progbits
  79              		.align	1
  80              		.global	Comms_Setup
  81              		.syntax unified
  82              		.thumb
  83              		.thumb_func
  85              	Comms_Setup:
  86              	.LFB113:
   1:Core/src/comms.c **** #include "comms.h"
   2:Core/src/comms.c **** #include "crc.h"
   3:Core/src/comms.c **** #include "usart.h"
   4:Core/src/comms.c **** 
   5:Core/src/comms.c **** typedef enum commsState_t
   6:Core/src/comms.c **** {
   7:Core/src/comms.c ****     commsStateLength,
   8:Core/src/comms.c ****     commsStateData,
   9:Core/src/comms.c ****     commsStateCRC,
  10:Core/src/comms.c **** } commsState_t;
  11:Core/src/comms.c **** 
  12:Core/src/comms.c **** static commsState_t state = commsStateLength;
  13:Core/src/comms.c **** static uint8_t dataByteCount = 0;
  14:Core/src/comms.c **** 
  15:Core/src/comms.c **** static commsPacket_t tempPacket = {.length = 0, .data = {0}, .crc = 0};
  16:Core/src/comms.c **** static commsPacket_t retransmitPacket = {.length = 0, .data = {0}, .crc = 0};
  17:Core/src/comms.c **** static commsPacket_t acknowledgePacket = {.length = 0, .data = {0}, .crc = 0};
  18:Core/src/comms.c **** static commsPacket_t lastTransmittedPacket = {.length = 0, .data = {0}, .crc = 0};
  19:Core/src/comms.c **** 
  20:Core/src/comms.c **** static commsPacket_t packetBuffer[PACKET_BUFFER_LENGTH];
  21:Core/src/comms.c **** static uint32_t packetReadIndex = 0;
  22:Core/src/comms.c **** static uint32_t packetWriteIndex = 0;
  23:Core/src/comms.c **** static uint32_t packetBufferMask = PACKET_BUFFER_LENGTH - 1;
  24:Core/src/comms.c **** 
  25:Core/src/comms.c **** void Comms_Setup(void)
  26:Core/src/comms.c **** {
  87              		.loc 1 26 1
  88              		.cfi_startproc
  89              		@ args = 0, pretend = 0, frame = 0
ARM GAS  /tmp/ccUS9zq9.s 			page 3


  90              		@ frame_needed = 1, uses_anonymous_args = 0
  91 0000 80B5     		push	{r7, lr}
  92              	.LCFI0:
  93              		.cfi_def_cfa_offset 8
  94              		.cfi_offset 7, -8
  95              		.cfi_offset 14, -4
  96 0002 00AF     		add	r7, sp, #0
  97              	.LCFI1:
  98              		.cfi_def_cfa_register 7
  27:Core/src/comms.c ****     Comms_Create_Single_Byte_Packet(&retransmitPacket, PACKET_RETRANSMIT_DATA0);
  99              		.loc 1 27 5
 100 0004 1921     		movs	r1, #25
 101 0006 0448     		ldr	r0, .L2
 102 0008 FFF7FEFF 		bl	Comms_Create_Single_Byte_Packet
  28:Core/src/comms.c ****     Comms_Create_Single_Byte_Packet(&acknowledgePacket, PACKET_ACKNOWLEDGE_DATA0);
 103              		.loc 1 28 5
 104 000c 1521     		movs	r1, #21
 105 000e 0348     		ldr	r0, .L2+4
 106 0010 FFF7FEFF 		bl	Comms_Create_Single_Byte_Packet
  29:Core/src/comms.c **** }
 107              		.loc 1 29 1
 108 0014 00BF     		nop
 109 0016 80BD     		pop	{r7, pc}
 110              	.L3:
 111              		.align	2
 112              	.L2:
 113 0018 00000000 		.word	retransmitPacket
 114 001c 00000000 		.word	acknowledgePacket
 115              		.cfi_endproc
 116              	.LFE113:
 118              		.section	.text.Comms_Update,"ax",%progbits
 119              		.align	1
 120              		.global	Comms_Update
 121              		.syntax unified
 122              		.thumb
 123              		.thumb_func
 125              	Comms_Update:
 126              	.LFB114:
  30:Core/src/comms.c **** 
  31:Core/src/comms.c **** void Comms_Update(void)
  32:Core/src/comms.c **** {
 127              		.loc 1 32 1
 128              		.cfi_startproc
 129              		@ args = 0, pretend = 0, frame = 8
 130              		@ frame_needed = 1, uses_anonymous_args = 0
 131 0000 B0B5     		push	{r4, r5, r7, lr}
 132              	.LCFI2:
 133              		.cfi_def_cfa_offset 16
 134              		.cfi_offset 4, -16
 135              		.cfi_offset 5, -12
 136              		.cfi_offset 7, -8
 137              		.cfi_offset 14, -4
 138 0002 82B0     		sub	sp, sp, #8
 139              	.LCFI3:
 140              		.cfi_def_cfa_offset 24
 141 0004 00AF     		add	r7, sp, #0
 142              	.LCFI4:
ARM GAS  /tmp/ccUS9zq9.s 			page 4


 143              		.cfi_def_cfa_register 7
  33:Core/src/comms.c ****     while (USART_Data_Available(USART3))
 144              		.loc 1 33 11
 145 0006 8DE0     		b	.L5
 146              	.L16:
  34:Core/src/comms.c ****     {
  35:Core/src/comms.c ****         switch (state)
 147              		.loc 1 35 9
 148 0008 4C4B     		ldr	r3, .L18
 149 000a 1B78     		ldrb	r3, [r3]	@ zero_extendqisi2
 150 000c 022B     		cmp	r3, #2
 151 000e 2CD0     		beq	.L6
 152 0010 022B     		cmp	r3, #2
 153 0012 00F38280 		bgt	.L7
 154 0016 002B     		cmp	r3, #0
 155 0018 02D0     		beq	.L8
 156 001a 012B     		cmp	r3, #1
 157 001c 0BD0     		beq	.L9
 158 001e 7CE0     		b	.L7
 159              	.L8:
  36:Core/src/comms.c ****         {
  37:Core/src/comms.c ****         case commsStateLength:
  38:Core/src/comms.c ****         {
  39:Core/src/comms.c ****             tempPacket.length = USART_Read_Byte(USART3);
 160              		.loc 1 39 33
 161 0020 4748     		ldr	r0, .L18+4
 162 0022 FFF7FEFF 		bl	USART_Read_Byte
 163 0026 0346     		mov	r3, r0
 164 0028 1A46     		mov	r2, r3
 165              		.loc 1 39 31 discriminator 1
 166 002a 464B     		ldr	r3, .L18+8
 167 002c 1A70     		strb	r2, [r3]
  40:Core/src/comms.c ****             state = commsStateData;
 168              		.loc 1 40 19
 169 002e 434B     		ldr	r3, .L18
 170 0030 0122     		movs	r2, #1
 171 0032 1A70     		strb	r2, [r3]
  41:Core/src/comms.c ****         }
  42:Core/src/comms.c ****         break;
 172              		.loc 1 42 9
 173 0034 76E0     		b	.L5
 174              	.L9:
  43:Core/src/comms.c ****         case commsStateData:
  44:Core/src/comms.c ****         {
  45:Core/src/comms.c ****             tempPacket.data[dataByteCount++] = USART_Read_Byte(USART3);
 175              		.loc 1 45 42
 176 0036 444B     		ldr	r3, .L18+12
 177 0038 1B78     		ldrb	r3, [r3]	@ zero_extendqisi2
 178 003a 5A1C     		adds	r2, r3, #1
 179 003c D1B2     		uxtb	r1, r2
 180 003e 424A     		ldr	r2, .L18+12
 181 0040 1170     		strb	r1, [r2]
 182 0042 1C46     		mov	r4, r3
 183              		.loc 1 45 48
 184 0044 3E48     		ldr	r0, .L18+4
 185 0046 FFF7FEFF 		bl	USART_Read_Byte
 186 004a 0346     		mov	r3, r0
ARM GAS  /tmp/ccUS9zq9.s 			page 5


 187 004c 1A46     		mov	r2, r3
 188              		.loc 1 45 46 discriminator 1
 189 004e 3D4B     		ldr	r3, .L18+8
 190 0050 2344     		add	r3, r3, r4
 191 0052 5A70     		strb	r2, [r3, #1]
  46:Core/src/comms.c ****             if (dataByteCount >= PACKET_DATA_LENGTH)
 192              		.loc 1 46 31
 193 0054 3C4B     		ldr	r3, .L18+12
 194 0056 1B78     		ldrb	r3, [r3]	@ zero_extendqisi2
 195              		.loc 1 46 16
 196 0058 0F2B     		cmp	r3, #15
 197 005a 62D9     		bls	.L17
  47:Core/src/comms.c ****             {
  48:Core/src/comms.c ****                 dataByteCount = 0;
 198              		.loc 1 48 31
 199 005c 3A4B     		ldr	r3, .L18+12
 200 005e 0022     		movs	r2, #0
 201 0060 1A70     		strb	r2, [r3]
  49:Core/src/comms.c ****                 state = commsStateCRC;
 202              		.loc 1 49 23
 203 0062 364B     		ldr	r3, .L18
 204 0064 0222     		movs	r2, #2
 205 0066 1A70     		strb	r2, [r3]
  50:Core/src/comms.c ****             }
  51:Core/src/comms.c ****         }
  52:Core/src/comms.c ****         break;
 206              		.loc 1 52 9
 207 0068 5BE0     		b	.L17
 208              	.L6:
 209              	.LBB2:
  53:Core/src/comms.c ****         case commsStateCRC:
  54:Core/src/comms.c ****         {
  55:Core/src/comms.c ****             tempPacket.crc = USART_Read_Byte(USART3);
 210              		.loc 1 55 30
 211 006a 3548     		ldr	r0, .L18+4
 212 006c FFF7FEFF 		bl	USART_Read_Byte
 213 0070 0346     		mov	r3, r0
 214 0072 1A46     		mov	r2, r3
 215              		.loc 1 55 28 discriminator 1
 216 0074 334B     		ldr	r3, .L18+8
 217 0076 5A74     		strb	r2, [r3, #17]
  56:Core/src/comms.c **** 
  57:Core/src/comms.c ****             if (tempPacket.crc != Comms_Compute_CRC(&tempPacket))
 218              		.loc 1 57 27
 219 0078 324B     		ldr	r3, .L18+8
 220 007a 5C7C     		ldrb	r4, [r3, #17]	@ zero_extendqisi2
 221              		.loc 1 57 35
 222 007c 3148     		ldr	r0, .L18+8
 223 007e FFF7FEFF 		bl	Comms_Compute_CRC
 224 0082 0346     		mov	r3, r0
 225              		.loc 1 57 16 discriminator 1
 226 0084 9C42     		cmp	r4, r3
 227 0086 06D0     		beq	.L12
  58:Core/src/comms.c ****             {
  59:Core/src/comms.c ****                 Comms_Write(&retransmitPacket);
 228              		.loc 1 59 17
 229 0088 3048     		ldr	r0, .L18+16
ARM GAS  /tmp/ccUS9zq9.s 			page 6


 230 008a FFF7FEFF 		bl	Comms_Write
  60:Core/src/comms.c ****                 state = commsStateLength;
 231              		.loc 1 60 23
 232 008e 2B4B     		ldr	r3, .L18
 233 0090 0022     		movs	r2, #0
 234 0092 1A70     		strb	r2, [r3]
  61:Core/src/comms.c ****                 break;
 235              		.loc 1 61 17
 236 0094 46E0     		b	.L5
 237              	.L12:
  62:Core/src/comms.c ****             }
  63:Core/src/comms.c **** 
  64:Core/src/comms.c ****             if (Comms_Single_Byte_Packet(&tempPacket, PACKET_RETRANSMIT_DATA0))
 238              		.loc 1 64 17
 239 0096 1921     		movs	r1, #25
 240 0098 2A48     		ldr	r0, .L18+8
 241 009a FFF7FEFF 		bl	Comms_Single_Byte_Packet
 242 009e 0346     		mov	r3, r0
 243              		.loc 1 64 16 discriminator 1
 244 00a0 002B     		cmp	r3, #0
 245 00a2 06D0     		beq	.L13
  65:Core/src/comms.c ****             {
  66:Core/src/comms.c ****                 Comms_Write(&lastTransmittedPacket);
 246              		.loc 1 66 17
 247 00a4 2A48     		ldr	r0, .L18+20
 248 00a6 FFF7FEFF 		bl	Comms_Write
  67:Core/src/comms.c ****                 state = commsStateLength;
 249              		.loc 1 67 23
 250 00aa 244B     		ldr	r3, .L18
 251 00ac 0022     		movs	r2, #0
 252 00ae 1A70     		strb	r2, [r3]
  68:Core/src/comms.c ****                 break;
 253              		.loc 1 68 17
 254 00b0 38E0     		b	.L5
 255              	.L13:
  69:Core/src/comms.c ****             }
  70:Core/src/comms.c **** 
  71:Core/src/comms.c ****             if (Comms_Single_Byte_Packet(&tempPacket, PACKET_ACKNOWLEDGE_DATA0))
 256              		.loc 1 71 17
 257 00b2 1521     		movs	r1, #21
 258 00b4 2348     		ldr	r0, .L18+8
 259 00b6 FFF7FEFF 		bl	Comms_Single_Byte_Packet
 260 00ba 0346     		mov	r3, r0
 261              		.loc 1 71 16 discriminator 1
 262 00bc 002B     		cmp	r3, #0
 263 00be 03D0     		beq	.L14
  72:Core/src/comms.c ****             {
  73:Core/src/comms.c ****                 state = commsStateLength;
 264              		.loc 1 73 23
 265 00c0 1E4B     		ldr	r3, .L18
 266 00c2 0022     		movs	r2, #0
 267 00c4 1A70     		strb	r2, [r3]
  74:Core/src/comms.c ****                 break;
 268              		.loc 1 74 17
 269 00c6 2DE0     		b	.L5
 270              	.L14:
  75:Core/src/comms.c ****             }
ARM GAS  /tmp/ccUS9zq9.s 			page 7


  76:Core/src/comms.c **** 
  77:Core/src/comms.c ****             uint32_t nextWriteIndex = (packetWriteIndex + 1) & packetBufferMask;
 271              		.loc 1 77 57
 272 00c8 224B     		ldr	r3, .L18+24
 273 00ca 1B68     		ldr	r3, [r3]
 274 00cc 5A1C     		adds	r2, r3, #1
 275              		.loc 1 77 62
 276 00ce 224B     		ldr	r3, .L18+28
 277 00d0 1B68     		ldr	r3, [r3]
 278              		.loc 1 77 22
 279 00d2 1340     		ands	r3, r3, r2
 280 00d4 7B60     		str	r3, [r7, #4]
  78:Core/src/comms.c ****             if (nextWriteIndex == packetReadIndex)
 281              		.loc 1 78 32
 282 00d6 214B     		ldr	r3, .L18+32
 283 00d8 1B68     		ldr	r3, [r3]
 284              		.loc 1 78 16
 285 00da 7A68     		ldr	r2, [r7, #4]
 286 00dc 9A42     		cmp	r2, r3
 287 00de 00D1     		bne	.L15
  79:Core/src/comms.c ****             {
  80:Core/src/comms.c ****                 __asm__("BKPT #0");
 288              		.loc 1 80 17
 289              		.syntax unified
 290              	@ 80 "Core/src/comms.c" 1
 291 00e0 00BE     		BKPT #0
 292              	@ 0 "" 2
 293              		.thumb
 294              		.syntax unified
 295              	.L15:
  81:Core/src/comms.c ****             }
  82:Core/src/comms.c ****             // assert(nextWriteIndex != packetReadIndex);
  83:Core/src/comms.c ****             // Comms_Packet_Copy(&tempPacket, &packetBuffer[packetWriteIndex]);
  84:Core/src/comms.c ****             memcpy(&packetBuffer[packetWriteIndex], &tempPacket, sizeof(commsPacket_t));
 296              		.loc 1 84 33
 297 00e2 1C4B     		ldr	r3, .L18+24
 298 00e4 1A68     		ldr	r2, [r3]
 299              		.loc 1 84 20
 300 00e6 1346     		mov	r3, r2
 301 00e8 DB00     		lsls	r3, r3, #3
 302 00ea 1344     		add	r3, r3, r2
 303 00ec 5B00     		lsls	r3, r3, #1
 304 00ee 1C4A     		ldr	r2, .L18+36
 305 00f0 1344     		add	r3, r3, r2
 306              		.loc 1 84 13
 307 00f2 144A     		ldr	r2, .L18+8
 308 00f4 1D46     		mov	r5, r3
 309 00f6 1446     		mov	r4, r2
 310 00f8 0FCC     		ldmia	r4!, {r0, r1, r2, r3}
 311 00fa 2860     		str	r0, [r5]	@ unaligned
 312 00fc 6960     		str	r1, [r5, #4]	@ unaligned
 313 00fe AA60     		str	r2, [r5, #8]	@ unaligned
 314 0100 EB60     		str	r3, [r5, #12]	@ unaligned
 315 0102 2388     		ldrh	r3, [r4]	@ unaligned
 316 0104 2B82     		strh	r3, [r5, #16]	@ unaligned
  85:Core/src/comms.c ****             packetWriteIndex = nextWriteIndex;
 317              		.loc 1 85 30
ARM GAS  /tmp/ccUS9zq9.s 			page 8


 318 0106 134A     		ldr	r2, .L18+24
 319 0108 7B68     		ldr	r3, [r7, #4]
 320 010a 1360     		str	r3, [r2]
  86:Core/src/comms.c ****             Comms_Write(&acknowledgePacket);
 321              		.loc 1 86 13
 322 010c 1548     		ldr	r0, .L18+40
 323 010e FFF7FEFF 		bl	Comms_Write
  87:Core/src/comms.c ****             state = commsStateLength;
 324              		.loc 1 87 19
 325 0112 0A4B     		ldr	r3, .L18
 326 0114 0022     		movs	r2, #0
 327 0116 1A70     		strb	r2, [r3]
 328              	.LBE2:
  88:Core/src/comms.c ****         }
  89:Core/src/comms.c ****         break;
 329              		.loc 1 89 9
 330 0118 04E0     		b	.L5
 331              	.L7:
  90:Core/src/comms.c **** 
  91:Core/src/comms.c ****         default:
  92:Core/src/comms.c ****         {
  93:Core/src/comms.c ****             state = commsStateLength;
 332              		.loc 1 93 19
 333 011a 084B     		ldr	r3, .L18
 334 011c 0022     		movs	r2, #0
 335 011e 1A70     		strb	r2, [r3]
 336 0120 00E0     		b	.L5
 337              	.L17:
  52:Core/src/comms.c ****         case commsStateCRC:
 338              		.loc 1 52 9
 339 0122 00BF     		nop
 340              	.L5:
  33:Core/src/comms.c ****     {
 341              		.loc 1 33 12
 342 0124 0648     		ldr	r0, .L18+4
 343 0126 FFF7FEFF 		bl	USART_Data_Available
 344 012a 0346     		mov	r3, r0
  33:Core/src/comms.c ****     {
 345              		.loc 1 33 12 is_stmt 0 discriminator 1
 346 012c 002B     		cmp	r3, #0
 347 012e 7FF46BAF 		bne	.L16
  94:Core/src/comms.c ****         }
  95:Core/src/comms.c ****         }
  96:Core/src/comms.c ****     }
  97:Core/src/comms.c **** }
 348              		.loc 1 97 1 is_stmt 1
 349 0132 00BF     		nop
 350 0134 00BF     		nop
 351 0136 0837     		adds	r7, r7, #8
 352              	.LCFI5:
 353              		.cfi_def_cfa_offset 16
 354 0138 BD46     		mov	sp, r7
 355              	.LCFI6:
 356              		.cfi_def_cfa_register 13
 357              		@ sp needed
 358 013a B0BD     		pop	{r4, r5, r7, pc}
 359              	.L19:
ARM GAS  /tmp/ccUS9zq9.s 			page 9


 360              		.align	2
 361              	.L18:
 362 013c 00000000 		.word	state
 363 0140 00480040 		.word	1073760256
 364 0144 00000000 		.word	tempPacket
 365 0148 00000000 		.word	dataByteCount
 366 014c 00000000 		.word	retransmitPacket
 367 0150 00000000 		.word	lastTransmittedPacket
 368 0154 00000000 		.word	packetWriteIndex
 369 0158 00000000 		.word	packetBufferMask
 370 015c 00000000 		.word	packetReadIndex
 371 0160 00000000 		.word	packetBuffer
 372 0164 00000000 		.word	acknowledgePacket
 373              		.cfi_endproc
 374              	.LFE114:
 376              		.section	.text.Comms_Packets_Available,"ax",%progbits
 377              		.align	1
 378              		.global	Comms_Packets_Available
 379              		.syntax unified
 380              		.thumb
 381              		.thumb_func
 383              	Comms_Packets_Available:
 384              	.LFB115:
  98:Core/src/comms.c **** 
  99:Core/src/comms.c **** bool Comms_Packets_Available(void)
 100:Core/src/comms.c **** {
 385              		.loc 1 100 1
 386              		.cfi_startproc
 387              		@ args = 0, pretend = 0, frame = 0
 388              		@ frame_needed = 1, uses_anonymous_args = 0
 389              		@ link register save eliminated.
 390 0000 80B4     		push	{r7}
 391              	.LCFI7:
 392              		.cfi_def_cfa_offset 4
 393              		.cfi_offset 7, -4
 394 0002 00AF     		add	r7, sp, #0
 395              	.LCFI8:
 396              		.cfi_def_cfa_register 7
 101:Core/src/comms.c ****     return packetReadIndex != packetWriteIndex;
 397              		.loc 1 101 5
 398 0004 064B     		ldr	r3, .L22
 399 0006 1A68     		ldr	r2, [r3]
 400 0008 064B     		ldr	r3, .L22+4
 401 000a 1B68     		ldr	r3, [r3]
 402              		.loc 1 101 28
 403 000c 9A42     		cmp	r2, r3
 404 000e 14BF     		ite	ne
 405 0010 0123     		movne	r3, #1
 406 0012 0023     		moveq	r3, #0
 407 0014 DBB2     		uxtb	r3, r3
 102:Core/src/comms.c **** }
 408              		.loc 1 102 1
 409 0016 1846     		mov	r0, r3
 410 0018 BD46     		mov	sp, r7
 411              	.LCFI9:
 412              		.cfi_def_cfa_register 13
 413              		@ sp needed
ARM GAS  /tmp/ccUS9zq9.s 			page 10


 414 001a 5DF8047B 		ldr	r7, [sp], #4
 415              	.LCFI10:
 416              		.cfi_restore 7
 417              		.cfi_def_cfa_offset 0
 418 001e 7047     		bx	lr
 419              	.L23:
 420              		.align	2
 421              	.L22:
 422 0020 00000000 		.word	packetReadIndex
 423 0024 00000000 		.word	packetWriteIndex
 424              		.cfi_endproc
 425              	.LFE115:
 427              		.section	.text.Comms_Write,"ax",%progbits
 428              		.align	1
 429              		.global	Comms_Write
 430              		.syntax unified
 431              		.thumb
 432              		.thumb_func
 434              	Comms_Write:
 435              	.LFB116:
 103:Core/src/comms.c **** 
 104:Core/src/comms.c **** void Comms_Write(commsPacket_t* packet)
 105:Core/src/comms.c **** {
 436              		.loc 1 105 1
 437              		.cfi_startproc
 438              		@ args = 0, pretend = 0, frame = 8
 439              		@ frame_needed = 1, uses_anonymous_args = 0
 440 0000 B0B5     		push	{r4, r5, r7, lr}
 441              	.LCFI11:
 442              		.cfi_def_cfa_offset 16
 443              		.cfi_offset 4, -16
 444              		.cfi_offset 5, -12
 445              		.cfi_offset 7, -8
 446              		.cfi_offset 14, -4
 447 0002 82B0     		sub	sp, sp, #8
 448              	.LCFI12:
 449              		.cfi_def_cfa_offset 24
 450 0004 00AF     		add	r7, sp, #0
 451              	.LCFI13:
 452              		.cfi_def_cfa_register 7
 453 0006 7860     		str	r0, [r7, #4]
 106:Core/src/comms.c ****     USART_Write(USART3, (uint8_t*)packet, PACKET_LENGTH);
 454              		.loc 1 106 5
 455 0008 1222     		movs	r2, #18
 456 000a 7968     		ldr	r1, [r7, #4]
 457 000c 0848     		ldr	r0, .L25
 458 000e FFF7FEFF 		bl	USART_Write
 107:Core/src/comms.c ****     // Comms_Packet_Copy(packet, &lastTransmittedPacket);
 108:Core/src/comms.c ****     memcpy(&lastTransmittedPacket, packet, sizeof(commsPacket_t));
 459              		.loc 1 108 5
 460 0012 084A     		ldr	r2, .L25+4
 461 0014 7B68     		ldr	r3, [r7, #4]
 462 0016 1446     		mov	r4, r2
 463 0018 1D46     		mov	r5, r3
 464 001a 2868     		ldr	r0, [r5]	@ unaligned
 465 001c 6968     		ldr	r1, [r5, #4]	@ unaligned
 466 001e AA68     		ldr	r2, [r5, #8]	@ unaligned
ARM GAS  /tmp/ccUS9zq9.s 			page 11


 467 0020 EB68     		ldr	r3, [r5, #12]	@ unaligned
 468 0022 0FC4     		stmia	r4!, {r0, r1, r2, r3}
 469 0024 2B8A     		ldrh	r3, [r5, #16]	@ unaligned
 470 0026 2380     		strh	r3, [r4]	@ unaligned
 109:Core/src/comms.c **** }
 471              		.loc 1 109 1
 472 0028 00BF     		nop
 473 002a 0837     		adds	r7, r7, #8
 474              	.LCFI14:
 475              		.cfi_def_cfa_offset 16
 476 002c BD46     		mov	sp, r7
 477              	.LCFI15:
 478              		.cfi_def_cfa_register 13
 479              		@ sp needed
 480 002e B0BD     		pop	{r4, r5, r7, pc}
 481              	.L26:
 482              		.align	2
 483              	.L25:
 484 0030 00480040 		.word	1073760256
 485 0034 00000000 		.word	lastTransmittedPacket
 486              		.cfi_endproc
 487              	.LFE116:
 489              		.section	.text.Comms_Read,"ax",%progbits
 490              		.align	1
 491              		.global	Comms_Read
 492              		.syntax unified
 493              		.thumb
 494              		.thumb_func
 496              	Comms_Read:
 497              	.LFB117:
 110:Core/src/comms.c **** 
 111:Core/src/comms.c **** void Comms_Read(commsPacket_t* packet)
 112:Core/src/comms.c **** {
 498              		.loc 1 112 1
 499              		.cfi_startproc
 500              		@ args = 0, pretend = 0, frame = 8
 501              		@ frame_needed = 1, uses_anonymous_args = 0
 502 0000 80B5     		push	{r7, lr}
 503              	.LCFI16:
 504              		.cfi_def_cfa_offset 8
 505              		.cfi_offset 7, -8
 506              		.cfi_offset 14, -4
 507 0002 82B0     		sub	sp, sp, #8
 508              	.LCFI17:
 509              		.cfi_def_cfa_offset 16
 510 0004 00AF     		add	r7, sp, #0
 511              	.LCFI18:
 512              		.cfi_def_cfa_register 7
 513 0006 7860     		str	r0, [r7, #4]
 113:Core/src/comms.c ****     // Comms_Packet_Copy(&packetBuffer[packetReadIndex], packet);
 114:Core/src/comms.c ****     memcpy(packet, &packetBuffer[packetReadIndex], sizeof(commsPacket_t));
 514              		.loc 1 114 33
 515 0008 0C4B     		ldr	r3, .L28
 516 000a 1A68     		ldr	r2, [r3]
 517              		.loc 1 114 20
 518 000c 1346     		mov	r3, r2
 519 000e DB00     		lsls	r3, r3, #3
ARM GAS  /tmp/ccUS9zq9.s 			page 12


 520 0010 1344     		add	r3, r3, r2
 521 0012 5B00     		lsls	r3, r3, #1
 522 0014 0A4A     		ldr	r2, .L28+4
 523 0016 1344     		add	r3, r3, r2
 524              		.loc 1 114 5
 525 0018 1222     		movs	r2, #18
 526 001a 1946     		mov	r1, r3
 527 001c 7868     		ldr	r0, [r7, #4]
 528 001e FFF7FEFF 		bl	memcpy
 115:Core/src/comms.c ****     packetReadIndex = (packetReadIndex + 1) & packetBufferMask;
 529              		.loc 1 115 40
 530 0022 064B     		ldr	r3, .L28
 531 0024 1B68     		ldr	r3, [r3]
 532 0026 5A1C     		adds	r2, r3, #1
 533              		.loc 1 115 45
 534 0028 064B     		ldr	r3, .L28+8
 535 002a 1B68     		ldr	r3, [r3]
 536 002c 1340     		ands	r3, r3, r2
 537              		.loc 1 115 21
 538 002e 034A     		ldr	r2, .L28
 539 0030 1360     		str	r3, [r2]
 116:Core/src/comms.c **** }
 540              		.loc 1 116 1
 541 0032 00BF     		nop
 542 0034 0837     		adds	r7, r7, #8
 543              	.LCFI19:
 544              		.cfi_def_cfa_offset 8
 545 0036 BD46     		mov	sp, r7
 546              	.LCFI20:
 547              		.cfi_def_cfa_register 13
 548              		@ sp needed
 549 0038 80BD     		pop	{r7, pc}
 550              	.L29:
 551 003a 00BF     		.align	2
 552              	.L28:
 553 003c 00000000 		.word	packetReadIndex
 554 0040 00000000 		.word	packetBuffer
 555 0044 00000000 		.word	packetBufferMask
 556              		.cfi_endproc
 557              	.LFE117:
 559              		.section	.text.Comms_Compute_CRC,"ax",%progbits
 560              		.align	1
 561              		.global	Comms_Compute_CRC
 562              		.syntax unified
 563              		.thumb
 564              		.thumb_func
 566              	Comms_Compute_CRC:
 567              	.LFB118:
 117:Core/src/comms.c **** 
 118:Core/src/comms.c **** uint8_t Comms_Compute_CRC(commsPacket_t* packet)
 119:Core/src/comms.c **** {
 568              		.loc 1 119 1
 569              		.cfi_startproc
 570              		@ args = 0, pretend = 0, frame = 8
 571              		@ frame_needed = 1, uses_anonymous_args = 0
 572 0000 80B5     		push	{r7, lr}
 573              	.LCFI21:
ARM GAS  /tmp/ccUS9zq9.s 			page 13


 574              		.cfi_def_cfa_offset 8
 575              		.cfi_offset 7, -8
 576              		.cfi_offset 14, -4
 577 0002 82B0     		sub	sp, sp, #8
 578              	.LCFI22:
 579              		.cfi_def_cfa_offset 16
 580 0004 00AF     		add	r7, sp, #0
 581              	.LCFI23:
 582              		.cfi_def_cfa_register 7
 583 0006 7860     		str	r0, [r7, #4]
 120:Core/src/comms.c ****     return crc8((uint8_t*)packet, PACKET_LENGTH - PACKET_CRC_BYTES);
 584              		.loc 1 120 12
 585 0008 1121     		movs	r1, #17
 586 000a 7868     		ldr	r0, [r7, #4]
 587 000c FFF7FEFF 		bl	crc8
 588 0010 0346     		mov	r3, r0
 121:Core/src/comms.c **** }
 589              		.loc 1 121 1
 590 0012 1846     		mov	r0, r3
 591 0014 0837     		adds	r7, r7, #8
 592              	.LCFI24:
 593              		.cfi_def_cfa_offset 8
 594 0016 BD46     		mov	sp, r7
 595              	.LCFI25:
 596              		.cfi_def_cfa_register 13
 597              		@ sp needed
 598 0018 80BD     		pop	{r7, pc}
 599              		.cfi_endproc
 600              	.LFE118:
 602              		.section	.text.Comms_Single_Byte_Packet,"ax",%progbits
 603              		.align	1
 604              		.global	Comms_Single_Byte_Packet
 605              		.syntax unified
 606              		.thumb
 607              		.thumb_func
 609              	Comms_Single_Byte_Packet:
 610              	.LFB119:
 122:Core/src/comms.c **** 
 123:Core/src/comms.c **** bool Comms_Single_Byte_Packet(const commsPacket_t* packet, uint8_t byte)
 124:Core/src/comms.c **** {
 611              		.loc 1 124 1
 612              		.cfi_startproc
 613              		@ args = 0, pretend = 0, frame = 16
 614              		@ frame_needed = 1, uses_anonymous_args = 0
 615              		@ link register save eliminated.
 616 0000 80B4     		push	{r7}
 617              	.LCFI26:
 618              		.cfi_def_cfa_offset 4
 619              		.cfi_offset 7, -4
 620 0002 85B0     		sub	sp, sp, #20
 621              	.LCFI27:
 622              		.cfi_def_cfa_offset 24
 623 0004 00AF     		add	r7, sp, #0
 624              	.LCFI28:
 625              		.cfi_def_cfa_register 7
 626 0006 7860     		str	r0, [r7, #4]
 627 0008 0B46     		mov	r3, r1
ARM GAS  /tmp/ccUS9zq9.s 			page 14


 628 000a FB70     		strb	r3, [r7, #3]
 125:Core/src/comms.c ****     if (packet->length != PACKET_LENGTH_BYTES)
 629              		.loc 1 125 15
 630 000c 7B68     		ldr	r3, [r7, #4]
 631 000e 1B78     		ldrb	r3, [r3]	@ zero_extendqisi2
 632              		.loc 1 125 8
 633 0010 012B     		cmp	r3, #1
 634 0012 01D0     		beq	.L33
 126:Core/src/comms.c ****     {
 127:Core/src/comms.c ****         return false;
 635              		.loc 1 127 16
 636 0014 0023     		movs	r3, #0
 637 0016 18E0     		b	.L34
 638              	.L33:
 128:Core/src/comms.c ****     }
 129:Core/src/comms.c **** 
 130:Core/src/comms.c ****     if (packet->data[0] != byte)
 639              		.loc 1 130 21
 640 0018 7B68     		ldr	r3, [r7, #4]
 641 001a 5B78     		ldrb	r3, [r3, #1]	@ zero_extendqisi2
 642              		.loc 1 130 8
 643 001c FA78     		ldrb	r2, [r7, #3]	@ zero_extendqisi2
 644 001e 9A42     		cmp	r2, r3
 645 0020 01D0     		beq	.L35
 131:Core/src/comms.c ****     {
 132:Core/src/comms.c ****         return false;
 646              		.loc 1 132 16
 647 0022 0023     		movs	r3, #0
 648 0024 11E0     		b	.L34
 649              	.L35:
 650              	.LBB3:
 133:Core/src/comms.c ****     }
 134:Core/src/comms.c **** 
 135:Core/src/comms.c ****     for (uint8_t i = PACKET_LENGTH_BYTES; i < PACKET_DATA_LENGTH; i++)
 651              		.loc 1 135 18
 652 0026 0123     		movs	r3, #1
 653 0028 FB73     		strb	r3, [r7, #15]
 654              		.loc 1 135 5
 655 002a 0AE0     		b	.L36
 656              	.L38:
 136:Core/src/comms.c ****     {
 137:Core/src/comms.c ****         if (packet->data[i] != 0xFF)
 657              		.loc 1 137 25
 658 002c FB7B     		ldrb	r3, [r7, #15]	@ zero_extendqisi2
 659 002e 7A68     		ldr	r2, [r7, #4]
 660 0030 1344     		add	r3, r3, r2
 661 0032 5B78     		ldrb	r3, [r3, #1]	@ zero_extendqisi2
 662              		.loc 1 137 12
 663 0034 FF2B     		cmp	r3, #255
 664 0036 01D0     		beq	.L37
 138:Core/src/comms.c ****         {
 139:Core/src/comms.c ****             return false;
 665              		.loc 1 139 20
 666 0038 0023     		movs	r3, #0
 667 003a 06E0     		b	.L34
 668              	.L37:
 135:Core/src/comms.c ****     {
ARM GAS  /tmp/ccUS9zq9.s 			page 15


 669              		.loc 1 135 68 discriminator 2
 670 003c FB7B     		ldrb	r3, [r7, #15]	@ zero_extendqisi2
 671 003e 0133     		adds	r3, r3, #1
 672 0040 FB73     		strb	r3, [r7, #15]
 673              	.L36:
 135:Core/src/comms.c ****     {
 674              		.loc 1 135 45 discriminator 1
 675 0042 FB7B     		ldrb	r3, [r7, #15]	@ zero_extendqisi2
 676 0044 0F2B     		cmp	r3, #15
 677 0046 F1D9     		bls	.L38
 678              	.LBE3:
 140:Core/src/comms.c ****         }
 141:Core/src/comms.c ****     }
 142:Core/src/comms.c **** 
 143:Core/src/comms.c ****     return true;
 679              		.loc 1 143 12
 680 0048 0123     		movs	r3, #1
 681              	.L34:
 144:Core/src/comms.c **** }
 682              		.loc 1 144 1
 683 004a 1846     		mov	r0, r3
 684 004c 1437     		adds	r7, r7, #20
 685              	.LCFI29:
 686              		.cfi_def_cfa_offset 4
 687 004e BD46     		mov	sp, r7
 688              	.LCFI30:
 689              		.cfi_def_cfa_register 13
 690              		@ sp needed
 691 0050 5DF8047B 		ldr	r7, [sp], #4
 692              	.LCFI31:
 693              		.cfi_restore 7
 694              		.cfi_def_cfa_offset 0
 695 0054 7047     		bx	lr
 696              		.cfi_endproc
 697              	.LFE119:
 699              		.section	.text.Comms_Create_Single_Byte_Packet,"ax",%progbits
 700              		.align	1
 701              		.global	Comms_Create_Single_Byte_Packet
 702              		.syntax unified
 703              		.thumb
 704              		.thumb_func
 706              	Comms_Create_Single_Byte_Packet:
 707              	.LFB120:
 145:Core/src/comms.c **** /*
 146:Core/src/comms.c **** void Comms_Packet_Copy(const commsPacket_t* source, commsPacket_t* destination)
 147:Core/src/comms.c **** {
 148:Core/src/comms.c ****     destination->length = source->length;
 149:Core/src/comms.c ****     for (uint8_t i = 0; i < PACKET_DATA_LENGTH; i++)
 150:Core/src/comms.c ****     {
 151:Core/src/comms.c ****         destination->data[i] = source->data[i];
 152:Core/src/comms.c ****     }
 153:Core/src/comms.c **** 
 154:Core/src/comms.c ****     destination->crc = source->crc;
 155:Core/src/comms.c **** }
 156:Core/src/comms.c **** */
 157:Core/src/comms.c **** 
 158:Core/src/comms.c **** void Comms_Create_Single_Byte_Packet(commsPacket_t* packet, uint8_t byte)
ARM GAS  /tmp/ccUS9zq9.s 			page 16


 159:Core/src/comms.c **** {
 708              		.loc 1 159 1
 709              		.cfi_startproc
 710              		@ args = 0, pretend = 0, frame = 8
 711              		@ frame_needed = 1, uses_anonymous_args = 0
 712 0000 80B5     		push	{r7, lr}
 713              	.LCFI32:
 714              		.cfi_def_cfa_offset 8
 715              		.cfi_offset 7, -8
 716              		.cfi_offset 14, -4
 717 0002 82B0     		sub	sp, sp, #8
 718              	.LCFI33:
 719              		.cfi_def_cfa_offset 16
 720 0004 00AF     		add	r7, sp, #0
 721              	.LCFI34:
 722              		.cfi_def_cfa_register 7
 723 0006 7860     		str	r0, [r7, #4]
 724 0008 0B46     		mov	r3, r1
 725 000a FB70     		strb	r3, [r7, #3]
 160:Core/src/comms.c ****     memset(packet, 0xFF, sizeof(commsPacket_t));
 726              		.loc 1 160 5
 727 000c 1222     		movs	r2, #18
 728 000e FF21     		movs	r1, #255
 729 0010 7868     		ldr	r0, [r7, #4]
 730 0012 FFF7FEFF 		bl	memset
 161:Core/src/comms.c ****     packet->length = PACKET_LENGTH_BYTES;
 731              		.loc 1 161 20
 732 0016 7B68     		ldr	r3, [r7, #4]
 733 0018 0122     		movs	r2, #1
 734 001a 1A70     		strb	r2, [r3]
 162:Core/src/comms.c ****     packet->data[0] = byte;
 735              		.loc 1 162 21
 736 001c 7B68     		ldr	r3, [r7, #4]
 737 001e FA78     		ldrb	r2, [r7, #3]
 738 0020 5A70     		strb	r2, [r3, #1]
 163:Core/src/comms.c ****     packet->crc = Comms_Compute_CRC(packet);
 739              		.loc 1 163 19
 740 0022 7868     		ldr	r0, [r7, #4]
 741 0024 FFF7FEFF 		bl	Comms_Compute_CRC
 742 0028 0346     		mov	r3, r0
 743 002a 1A46     		mov	r2, r3
 744              		.loc 1 163 17 discriminator 1
 745 002c 7B68     		ldr	r3, [r7, #4]
 746 002e 5A74     		strb	r2, [r3, #17]
 164:Core/src/comms.c **** }
 747              		.loc 1 164 1
 748 0030 00BF     		nop
 749 0032 0837     		adds	r7, r7, #8
 750              	.LCFI35:
 751              		.cfi_def_cfa_offset 8
 752 0034 BD46     		mov	sp, r7
 753              	.LCFI36:
 754              		.cfi_def_cfa_register 13
 755              		@ sp needed
 756 0036 80BD     		pop	{r7, pc}
 757              		.cfi_endproc
 758              	.LFE120:
ARM GAS  /tmp/ccUS9zq9.s 			page 17


 760              		.text
 761              	.Letext0:
 762              		.file 2 "/usr/arm-none-eabi/include/machine/_default_types.h"
 763              		.file 3 "/usr/arm-none-eabi/include/sys/_stdint.h"
 764              		.file 4 "../Shared/Libraries/CMSIS/Device/ST/STM32F4xx/Include/stm32f4xx.h"
 765              		.file 5 "Core/inc/comms.h"
 766              		.file 6 "/usr/arm-none-eabi/include/string.h"
 767              		.file 7 "../Shared/inc/crc.h"
 768              		.file 8 "../Shared/inc/usart.h"
ARM GAS  /tmp/ccUS9zq9.s 			page 18


DEFINED SYMBOLS
                            *ABS*:00000000 comms.c
     /tmp/ccUS9zq9.s:23     .bss.state:00000000 state
     /tmp/ccUS9zq9.s:24     .bss.state:00000000 $d
     /tmp/ccUS9zq9.s:28     .bss.dataByteCount:00000000 dataByteCount
     /tmp/ccUS9zq9.s:29     .bss.dataByteCount:00000000 $d
     /tmp/ccUS9zq9.s:31     .bss.tempPacket:00000000 $d
     /tmp/ccUS9zq9.s:34     .bss.tempPacket:00000000 tempPacket
     /tmp/ccUS9zq9.s:37     .bss.retransmitPacket:00000000 $d
     /tmp/ccUS9zq9.s:40     .bss.retransmitPacket:00000000 retransmitPacket
     /tmp/ccUS9zq9.s:43     .bss.acknowledgePacket:00000000 $d
     /tmp/ccUS9zq9.s:46     .bss.acknowledgePacket:00000000 acknowledgePacket
     /tmp/ccUS9zq9.s:49     .bss.lastTransmittedPacket:00000000 $d
     /tmp/ccUS9zq9.s:52     .bss.lastTransmittedPacket:00000000 lastTransmittedPacket
     /tmp/ccUS9zq9.s:55     .bss.packetBuffer:00000000 $d
     /tmp/ccUS9zq9.s:58     .bss.packetBuffer:00000000 packetBuffer
     /tmp/ccUS9zq9.s:61     .bss.packetReadIndex:00000000 $d
     /tmp/ccUS9zq9.s:64     .bss.packetReadIndex:00000000 packetReadIndex
     /tmp/ccUS9zq9.s:67     .bss.packetWriteIndex:00000000 $d
     /tmp/ccUS9zq9.s:70     .bss.packetWriteIndex:00000000 packetWriteIndex
     /tmp/ccUS9zq9.s:73     .data.packetBufferMask:00000000 $d
     /tmp/ccUS9zq9.s:76     .data.packetBufferMask:00000000 packetBufferMask
     /tmp/ccUS9zq9.s:79     .text.Comms_Setup:00000000 $t
     /tmp/ccUS9zq9.s:85     .text.Comms_Setup:00000000 Comms_Setup
     /tmp/ccUS9zq9.s:706    .text.Comms_Create_Single_Byte_Packet:00000000 Comms_Create_Single_Byte_Packet
     /tmp/ccUS9zq9.s:113    .text.Comms_Setup:00000018 $d
     /tmp/ccUS9zq9.s:119    .text.Comms_Update:00000000 $t
     /tmp/ccUS9zq9.s:125    .text.Comms_Update:00000000 Comms_Update
     /tmp/ccUS9zq9.s:566    .text.Comms_Compute_CRC:00000000 Comms_Compute_CRC
     /tmp/ccUS9zq9.s:434    .text.Comms_Write:00000000 Comms_Write
     /tmp/ccUS9zq9.s:609    .text.Comms_Single_Byte_Packet:00000000 Comms_Single_Byte_Packet
     /tmp/ccUS9zq9.s:362    .text.Comms_Update:0000013c $d
     /tmp/ccUS9zq9.s:377    .text.Comms_Packets_Available:00000000 $t
     /tmp/ccUS9zq9.s:383    .text.Comms_Packets_Available:00000000 Comms_Packets_Available
     /tmp/ccUS9zq9.s:422    .text.Comms_Packets_Available:00000020 $d
     /tmp/ccUS9zq9.s:428    .text.Comms_Write:00000000 $t
     /tmp/ccUS9zq9.s:484    .text.Comms_Write:00000030 $d
     /tmp/ccUS9zq9.s:490    .text.Comms_Read:00000000 $t
     /tmp/ccUS9zq9.s:496    .text.Comms_Read:00000000 Comms_Read
     /tmp/ccUS9zq9.s:553    .text.Comms_Read:0000003c $d
     /tmp/ccUS9zq9.s:560    .text.Comms_Compute_CRC:00000000 $t
     /tmp/ccUS9zq9.s:603    .text.Comms_Single_Byte_Packet:00000000 $t
     /tmp/ccUS9zq9.s:700    .text.Comms_Create_Single_Byte_Packet:00000000 $t
                           .group:00000000 wm4.0.62e24ee945655210df7a12269291771b
                           .group:00000000 wm4.stm32f4xx.h.54.f84a67a8e71ba9719846fdff1868826c
                           .group:00000000 wm4.core_cm4.h.32.5f62939b60122629d60d85d0c4a14709
                           .group:00000000 wm4._newlib_version.h.4.411db44ea2338a62eca2f0777f81481b
                           .group:00000000 wm4.features.h.33.2eefb68b261e70563a8ac654e712169f
                           .group:00000000 wm4._default_types.h.15.247e5cd201eca3442cbf5404108c4935
                           .group:00000000 wm4._intsup.h.10.48bafbb683905c4daa4565a85aeeb264
                           .group:00000000 wm4._stdint.h.10.c24fa3af3bc1706662bb5593a907e841
                           .group:00000000 wm4.stdint.h.23.d53047a68f4a85177f80b422d52785ed
                           .group:00000000 wm4.core_cmInstr.h.25.f50f886f2edf670cf199b35fd96f5c91
                           .group:00000000 wm4.core_cm4_simd.h.29.b4a3fdfb606cb3b26119424324d4b963
                           .group:00000000 wm4.core_cm4.h.153.5393ef7e6cebf34dd51ca528f9218ab3
                           .group:00000000 wm4.stm32f4xx.h.289.fa68dcae75666a037ce29b5a1b57e3b3
                           .group:00000000 wm4.stm32f4xx_conf.h.3.bc52e76ab6b5c9037500dbf5bb8f9be4
ARM GAS  /tmp/ccUS9zq9.s 			page 19


                           .group:00000000 wm4.misc.h.86.a3996e7f17199502fad3c7f62e5cdb3f
                           .group:00000000 wm4.stm32f4xx_adc.h.31.d96d805acd0f0c0392ec4633757dead3
                           .group:00000000 wm4.stm32f4xx_can.h.31.3bb56c6436c7a6e6af1611046e81f48c
                           .group:00000000 wm4.stm32f4xx_cryp.h.31.94bbbb19b99df10306f31e78c333a77b
                           .group:00000000 wm4.stm32f4xx_dac.h.31.b8d45e7eaf71ee4bf01c1317dbc06f77
                           .group:00000000 wm4.stm32f4xx_dbgmcu.h.30.70a81ec54c2707baa9fca77391eeeaaa
                           .group:00000000 wm4.stm32f4xx_dcmi.h.30.9d0942d58c357d2eed15e044bf9b4a77
                           .group:00000000 wm4.stm32f4xx_dma.h.31.815bb924b30b1c776b3cd51113fdfe60
                           .group:00000000 wm4.stm32f4xx_exti.h.31.86bd18e979f97217bb1d3b80fde0231e
                           .group:00000000 wm4.stm32f4xx_flash.h.31.74f2ed42d890f144ca7eb5ae8172f0d0
                           .group:00000000 wm4.stm32f4xx_fsmc.h.31.ff58629e0c603fb2f9b3f00c0657fdfa
                           .group:00000000 wm4.stm32f4xx_gpio.h.31.d9aeae10cfa353d85d475c0d4900c452
                           .group:00000000 wm4.stm32f4xx_hash.h.31.5c109425d30f0b9cc0a26ad38182d91f
                           .group:00000000 wm4.stm32f4xx_i2c.h.31.edf5baa611075c49ae13f56be9040be3
                           .group:00000000 wm4.stm32f4xx_iwdg.h.31.30e376e6d8d424aab7fddd66cf691c7b
                           .group:00000000 wm4.stm32f4xx_pwr.h.31.bb774fc1b632cb8d2ecaec8c6524d2c0
                           .group:00000000 wm4.stm32f4xx_rcc.h.30.820e94551583d2b835c8cf3ad722e16c
                           .group:00000000 wm4.stm32f4xx_rng.h.31.1ec493d56b7a8e5a71238519cae6dea7
                           .group:00000000 wm4.stm32f4xx_rtc.h.31.bddeb98c63c8fa06fac80b5dd8296471
                           .group:00000000 wm4.stm32f4xx_sdio.h.31.8c6dff42ffa718b444c3420717601ff2
                           .group:00000000 wm4.stm32f4xx_spi.h.31.fb1b2c8214b87a47d4457633b7c31c3c
                           .group:00000000 wm4.stm32f4xx_syscfg.h.31.5a680f88d55b7816ae613c20f199cbd9
                           .group:00000000 wm4.stm32f4xx_tim.h.31.b1d608fbde729347e4ccf70799e654d2
                           .group:00000000 wm4.stm32f4xx_usart.h.31.f8d29b14aa4d39de5495adcc92749d3c
                           .group:00000000 wm4.stm32f4xx_wwdg.h.31.b45a80fa1ec64984adf786f7e489f31b
                           .group:00000000 wm4.stm32f4xx.h.6975.cdbdae9d5de06f1ba6b770f59cbe4d6c
                           .group:00000000 wm4.stdbool.h.29.c08aa3eec75cf5b9b5003883f43253f0
                           .group:00000000 wm4.newlib.h.7.59e76574e8950a1900b83fbbda2ff693
                           .group:00000000 wm4.ieeefp.h.77.5ad60f72ea25fc152400b550ac118212
                           .group:00000000 wm4.config.h.224.10ee1ad185d877c6e334e6581faab44d
                           .group:00000000 wm4._ansi.h.31.de524f58584151836e90d8620a16f8e8
                           .group:00000000 wm4.stdio.h.31.7c0e28c411445f3f9c5b11accf882760
                           .group:00000000 wm4.stddef.h.185.cbb642e1ccd385e8aa504b15cb7fb086
                           .group:00000000 wm4.cdefs.h.49.56fd742369e655e7e8a7e365e706e208
                           .group:00000000 wm4.stddef.h.39.6817658cc6bc4c7c8354d2009e4a5777
                           .group:00000000 wm4.stdarg.h.34.3a23a216c0c293b3d2ea2e89281481e6
                           .group:00000000 wm4._types.h.20.dd0d04dca3800a0d2a6129b87f3adbb2
                           .group:00000000 wm4.stddef.h.158.6f8e08a347b1cff664332fa350bfceb3
                           .group:00000000 wm4._types.h.127.3bdfe3ff8ea2d0985b03d9cbe93480e3
                           .group:00000000 wm4.reent.h.18.25503cdc8b7e55dd0d6ea7b3e5af7a03
                           .group:00000000 wm4.lock.h.2.1461d1fff82dffe8bfddc23307f6484f
                           .group:00000000 wm4.reent.h.78.7f0775353a33c852a1479c008f68cd03
                           .group:00000000 wm4.stdio.h.67.0cf8a9c281ab0b348aef5c02e7e48825
                           .group:00000000 wm4.stdio.h.2.4aa87247282eca6c8f36f9de33d8df1a
                           .group:00000000 wm4.stdio.h.87.a1e20d2651f9bfb66e51bfbe849db00a
                           .group:00000000 wm4.string.h.8.c4b8571ce60dff2817f43fec8b86aecd
                           .group:00000000 wm4.stddef.h.158.eec8bf00b5213f43d095cb984c5f22e3
                           .group:00000000 wm4.comms.h.8.40c085a6e46f1e049aa98b9315da4125
                           .group:00000000 wm4.usart.h.3.fc1d99af933c43d4470302f0a3425192

UNDEFINED SYMBOLS
USART_Read_Byte
USART_Data_Available
USART_Write
memcpy
crc8
memset
ARM GAS  /tmp/ccUS9zq9.s 			page 20


