ARM GAS  /tmp/ccg3ZqPR.s 			page 1


   1              		.cpu cortex-m4
   2              		.arch armv7e-m
   3              		.fpu fpv4-sp-d16
   4              		.eabi_attribute 27, 1
   5              		.eabi_attribute 28, 1
   6              		.eabi_attribute 20, 1
   7              		.eabi_attribute 21, 1
   8              		.eabi_attribute 23, 3
   9              		.eabi_attribute 24, 1
  10              		.eabi_attribute 25, 1
  11              		.eabi_attribute 26, 1
  12              		.eabi_attribute 30, 6
  13              		.eabi_attribute 34, 1
  14              		.eabi_attribute 18, 4
  15              		.file	"gpio.c"
  16              		.text
  17              	.Ltext0:
  18              		.cfi_sections	.debug_frame
  19              		.file 1 "../Shared/src/gpio.c"
  20              		.section	.text.GPIO_Setup,"ax",%progbits
  21              		.align	1
  22              		.global	GPIO_Setup
  23              		.syntax unified
  24              		.thumb
  25              		.thumb_func
  27              	GPIO_Setup:
  28              	.LFB113:
   1:../Shared/src/gpio.c **** #include "gpio.h"
   2:../Shared/src/gpio.c **** #include "main.h"
   3:../Shared/src/gpio.c **** 
   4:../Shared/src/gpio.c **** void GPIO_Setup() {
  29              		.loc 1 4 19
  30              		.cfi_startproc
  31              		@ args = 0, pretend = 0, frame = 8
  32              		@ frame_needed = 1, uses_anonymous_args = 0
  33 0000 80B5     		push	{r7, lr}
  34              	.LCFI0:
  35              		.cfi_def_cfa_offset 8
  36              		.cfi_offset 7, -8
  37              		.cfi_offset 14, -4
  38 0002 82B0     		sub	sp, sp, #8
  39              	.LCFI1:
  40              		.cfi_def_cfa_offset 16
  41 0004 00AF     		add	r7, sp, #0
  42              	.LCFI2:
  43              		.cfi_def_cfa_register 7
   5:../Shared/src/gpio.c ****   /* Initialize GPIOB*/
   6:../Shared/src/gpio.c ****   GPIO_InitTypeDef GPIO_InitStruct;
   7:../Shared/src/gpio.c **** 
   8:../Shared/src/gpio.c ****   /*Reset every member element of the structure*/
   9:../Shared/src/gpio.c ****   memset(&GPIO_InitStruct, 0, sizeof(GPIO_InitStruct));
  44              		.loc 1 9 3
  45 0006 3B46     		mov	r3, r7
  46 0008 0822     		movs	r2, #8
  47 000a 0021     		movs	r1, #0
  48 000c 1846     		mov	r0, r3
  49 000e FFF7FEFF 		bl	memset
ARM GAS  /tmp/ccg3ZqPR.s 			page 2


  10:../Shared/src/gpio.c **** 
  11:../Shared/src/gpio.c ****   GPIO_InitStruct.GPIO_Pin = GPIO_Pin_0 | GPIO_Pin_7 | GPIO_Pin_14;
  50              		.loc 1 11 28
  51 0012 44F28103 		movw	r3, #16513
  52 0016 3B60     		str	r3, [r7]
  12:../Shared/src/gpio.c ****   GPIO_InitStruct.GPIO_Mode = GPIO_Mode_OUT;
  53              		.loc 1 12 29
  54 0018 0123     		movs	r3, #1
  55 001a 3B71     		strb	r3, [r7, #4]
  13:../Shared/src/gpio.c ****   GPIO_InitStruct.GPIO_Speed = GPIO_Speed_2MHz;
  56              		.loc 1 13 30
  57 001c 0023     		movs	r3, #0
  58 001e 7B71     		strb	r3, [r7, #5]
  14:../Shared/src/gpio.c ****   GPIO_InitStruct.GPIO_OType = GPIO_OType_PP;
  59              		.loc 1 14 30
  60 0020 0023     		movs	r3, #0
  61 0022 BB71     		strb	r3, [r7, #6]
  15:../Shared/src/gpio.c ****   GPIO_InitStruct.GPIO_PuPd = GPIO_PuPd_NOPULL;
  62              		.loc 1 15 29
  63 0024 0023     		movs	r3, #0
  64 0026 FB71     		strb	r3, [r7, #7]
  16:../Shared/src/gpio.c **** 
  17:../Shared/src/gpio.c ****   GPIO_Init(GPIOB, &GPIO_InitStruct);
  65              		.loc 1 17 3
  66 0028 3B46     		mov	r3, r7
  67 002a 1946     		mov	r1, r3
  68 002c 0B48     		ldr	r0, .L2
  69 002e FFF7FEFF 		bl	GPIO_Init
  18:../Shared/src/gpio.c **** 
  19:../Shared/src/gpio.c ****   /* Initialize GPIOD*/
  20:../Shared/src/gpio.c ****   GPIO_InitStruct.GPIO_Pin = GPIO_Pin_8 | GPIO_Pin_9;
  70              		.loc 1 20 28
  71 0032 4FF44073 		mov	r3, #768
  72 0036 3B60     		str	r3, [r7]
  21:../Shared/src/gpio.c ****   GPIO_InitStruct.GPIO_Mode = GPIO_Mode_AF;
  73              		.loc 1 21 29
  74 0038 0223     		movs	r3, #2
  75 003a 3B71     		strb	r3, [r7, #4]
  22:../Shared/src/gpio.c ****   GPIO_InitStruct.GPIO_Speed = GPIO_Speed_2MHz;
  76              		.loc 1 22 30
  77 003c 0023     		movs	r3, #0
  78 003e 7B71     		strb	r3, [r7, #5]
  23:../Shared/src/gpio.c ****   GPIO_InitStruct.GPIO_OType = GPIO_OType_PP;
  79              		.loc 1 23 30
  80 0040 0023     		movs	r3, #0
  81 0042 BB71     		strb	r3, [r7, #6]
  24:../Shared/src/gpio.c ****   GPIO_InitStruct.GPIO_PuPd = GPIO_PuPd_UP;
  82              		.loc 1 24 29
  83 0044 0123     		movs	r3, #1
  84 0046 FB71     		strb	r3, [r7, #7]
  25:../Shared/src/gpio.c **** 
  26:../Shared/src/gpio.c ****   GPIO_Init(GPIOD, &GPIO_InitStruct);
  85              		.loc 1 26 3
  86 0048 3B46     		mov	r3, r7
  87 004a 1946     		mov	r1, r3
  88 004c 0448     		ldr	r0, .L2+4
  89 004e FFF7FEFF 		bl	GPIO_Init
ARM GAS  /tmp/ccg3ZqPR.s 			page 3


  27:../Shared/src/gpio.c **** }
  90              		.loc 1 27 1
  91 0052 00BF     		nop
  92 0054 0837     		adds	r7, r7, #8
  93              	.LCFI3:
  94              		.cfi_def_cfa_offset 8
  95 0056 BD46     		mov	sp, r7
  96              	.LCFI4:
  97              		.cfi_def_cfa_register 13
  98              		@ sp needed
  99 0058 80BD     		pop	{r7, pc}
 100              	.L3:
 101 005a 00BF     		.align	2
 102              	.L2:
 103 005c 00040240 		.word	1073873920
 104 0060 000C0240 		.word	1073875968
 105              		.cfi_endproc
 106              	.LFE113:
 108              		.section	.text.GPIO_Teardown,"ax",%progbits
 109              		.align	1
 110              		.global	GPIO_Teardown
 111              		.syntax unified
 112              		.thumb
 113              		.thumb_func
 115              	GPIO_Teardown:
 116              	.LFB114:
  28:../Shared/src/gpio.c **** 
  29:../Shared/src/gpio.c **** void GPIO_Teardown(void) {
 117              		.loc 1 29 26
 118              		.cfi_startproc
 119              		@ args = 0, pretend = 0, frame = 8
 120              		@ frame_needed = 1, uses_anonymous_args = 0
 121 0000 80B5     		push	{r7, lr}
 122              	.LCFI5:
 123              		.cfi_def_cfa_offset 8
 124              		.cfi_offset 7, -8
 125              		.cfi_offset 14, -4
 126 0002 82B0     		sub	sp, sp, #8
 127              	.LCFI6:
 128              		.cfi_def_cfa_offset 16
 129 0004 00AF     		add	r7, sp, #0
 130              	.LCFI7:
 131              		.cfi_def_cfa_register 7
  30:../Shared/src/gpio.c ****   /* Initialize GPIOB*/
  31:../Shared/src/gpio.c ****   GPIO_InitTypeDef GPIO_InitStruct;
  32:../Shared/src/gpio.c **** 
  33:../Shared/src/gpio.c ****   /*Reset every member element of the structure*/
  34:../Shared/src/gpio.c ****   memset(&GPIO_InitStruct, 0, sizeof(GPIO_InitStruct));
 132              		.loc 1 34 3
 133 0006 3B46     		mov	r3, r7
 134 0008 0822     		movs	r2, #8
 135 000a 0021     		movs	r1, #0
 136 000c 1846     		mov	r0, r3
 137 000e FFF7FEFF 		bl	memset
  35:../Shared/src/gpio.c **** 
  36:../Shared/src/gpio.c ****   GPIO_InitStruct.GPIO_Pin = GPIO_Pin_0 | GPIO_Pin_7 | GPIO_Pin_14;
 138              		.loc 1 36 28
ARM GAS  /tmp/ccg3ZqPR.s 			page 4


 139 0012 44F28103 		movw	r3, #16513
 140 0016 3B60     		str	r3, [r7]
  37:../Shared/src/gpio.c ****   GPIO_InitStruct.GPIO_Mode = GPIO_Mode_AN;
 141              		.loc 1 37 29
 142 0018 0323     		movs	r3, #3
 143 001a 3B71     		strb	r3, [r7, #4]
  38:../Shared/src/gpio.c **** 
  39:../Shared/src/gpio.c ****   GPIO_Init(GPIOB, &GPIO_InitStruct);
 144              		.loc 1 39 3
 145 001c 3B46     		mov	r3, r7
 146 001e 1946     		mov	r1, r3
 147 0020 0B48     		ldr	r0, .L5
 148 0022 FFF7FEFF 		bl	GPIO_Init
  40:../Shared/src/gpio.c **** 
  41:../Shared/src/gpio.c ****   /* Initialize GPIOD*/
  42:../Shared/src/gpio.c ****   GPIO_InitStruct.GPIO_Pin = GPIO_Pin_8 | GPIO_Pin_9;
 149              		.loc 1 42 28
 150 0026 4FF44073 		mov	r3, #768
 151 002a 3B60     		str	r3, [r7]
  43:../Shared/src/gpio.c ****   GPIO_InitStruct.GPIO_Mode = GPIO_Mode_AN;
 152              		.loc 1 43 29
 153 002c 0323     		movs	r3, #3
 154 002e 3B71     		strb	r3, [r7, #4]
  44:../Shared/src/gpio.c **** 
  45:../Shared/src/gpio.c ****   GPIO_Init(GPIOD, &GPIO_InitStruct);
 155              		.loc 1 45 3
 156 0030 3B46     		mov	r3, r7
 157 0032 1946     		mov	r1, r3
 158 0034 0748     		ldr	r0, .L5+4
 159 0036 FFF7FEFF 		bl	GPIO_Init
  46:../Shared/src/gpio.c **** 
  47:../Shared/src/gpio.c ****   /* Deinitialize GPIOB and GPIOD*/
  48:../Shared/src/gpio.c ****   GPIO_DeInit(GPIOB);
 160              		.loc 1 48 3
 161 003a 0548     		ldr	r0, .L5
 162 003c FFF7FEFF 		bl	GPIO_DeInit
  49:../Shared/src/gpio.c ****   GPIO_DeInit(GPIOD);
 163              		.loc 1 49 3
 164 0040 0448     		ldr	r0, .L5+4
 165 0042 FFF7FEFF 		bl	GPIO_DeInit
  50:../Shared/src/gpio.c **** }
 166              		.loc 1 50 1
 167 0046 00BF     		nop
 168 0048 0837     		adds	r7, r7, #8
 169              	.LCFI8:
 170              		.cfi_def_cfa_offset 8
 171 004a BD46     		mov	sp, r7
 172              	.LCFI9:
 173              		.cfi_def_cfa_register 13
 174              		@ sp needed
 175 004c 80BD     		pop	{r7, pc}
 176              	.L6:
 177 004e 00BF     		.align	2
 178              	.L5:
 179 0050 00040240 		.word	1073873920
 180 0054 000C0240 		.word	1073875968
 181              		.cfi_endproc
ARM GAS  /tmp/ccg3ZqPR.s 			page 5


 182              	.LFE114:
 184              		.text
 185              	.Letext0:
 186              		.file 2 "/usr/arm-none-eabi/include/machine/_default_types.h"
 187              		.file 3 "/usr/arm-none-eabi/include/sys/_stdint.h"
 188              		.file 4 "../Shared/Libraries/CMSIS/Device/ST/STM32F4xx/Include/stm32f4xx.h"
 189              		.file 5 "../Shared/Libraries/STM32F4xx_StdPeriph_Driver/inc/stm32f4xx_gpio.h"
 190              		.file 6 "/usr/arm-none-eabi/include/string.h"
ARM GAS  /tmp/ccg3ZqPR.s 			page 6


DEFINED SYMBOLS
                            *ABS*:00000000 gpio.c
     /tmp/ccg3ZqPR.s:21     .text.GPIO_Setup:00000000 $t
     /tmp/ccg3ZqPR.s:27     .text.GPIO_Setup:00000000 GPIO_Setup
     /tmp/ccg3ZqPR.s:103    .text.GPIO_Setup:0000005c $d
     /tmp/ccg3ZqPR.s:109    .text.GPIO_Teardown:00000000 $t
     /tmp/ccg3ZqPR.s:115    .text.GPIO_Teardown:00000000 GPIO_Teardown
     /tmp/ccg3ZqPR.s:179    .text.GPIO_Teardown:00000050 $d
                           .group:00000000 wm4.0.62e24ee945655210df7a12269291771b
                           .group:00000000 wm4.stm32f4xx.h.54.f84a67a8e71ba9719846fdff1868826c
                           .group:00000000 wm4.core_cm4.h.32.5f62939b60122629d60d85d0c4a14709
                           .group:00000000 wm4._newlib_version.h.4.411db44ea2338a62eca2f0777f81481b
                           .group:00000000 wm4.features.h.33.2eefb68b261e70563a8ac654e712169f
                           .group:00000000 wm4._default_types.h.15.247e5cd201eca3442cbf5404108c4935
                           .group:00000000 wm4._intsup.h.10.48bafbb683905c4daa4565a85aeeb264
                           .group:00000000 wm4._stdint.h.10.c24fa3af3bc1706662bb5593a907e841
                           .group:00000000 wm4.stdint.h.23.d53047a68f4a85177f80b422d52785ed
                           .group:00000000 wm4.core_cmInstr.h.25.f50f886f2edf670cf199b35fd96f5c91
                           .group:00000000 wm4.core_cm4_simd.h.29.b4a3fdfb606cb3b26119424324d4b963
                           .group:00000000 wm4.core_cm4.h.153.5393ef7e6cebf34dd51ca528f9218ab3
                           .group:00000000 wm4.stm32f4xx.h.289.fa68dcae75666a037ce29b5a1b57e3b3
                           .group:00000000 wm4.stm32f4xx_conf.h.3.bc52e76ab6b5c9037500dbf5bb8f9be4
                           .group:00000000 wm4.misc.h.86.a3996e7f17199502fad3c7f62e5cdb3f
                           .group:00000000 wm4.stm32f4xx_adc.h.31.d96d805acd0f0c0392ec4633757dead3
                           .group:00000000 wm4.stm32f4xx_can.h.31.3bb56c6436c7a6e6af1611046e81f48c
                           .group:00000000 wm4.stm32f4xx_cryp.h.31.94bbbb19b99df10306f31e78c333a77b
                           .group:00000000 wm4.stm32f4xx_dac.h.31.b8d45e7eaf71ee4bf01c1317dbc06f77
                           .group:00000000 wm4.stm32f4xx_dbgmcu.h.30.70a81ec54c2707baa9fca77391eeeaaa
                           .group:00000000 wm4.stm32f4xx_dcmi.h.30.9d0942d58c357d2eed15e044bf9b4a77
                           .group:00000000 wm4.stm32f4xx_dma.h.31.815bb924b30b1c776b3cd51113fdfe60
                           .group:00000000 wm4.stm32f4xx_exti.h.31.86bd18e979f97217bb1d3b80fde0231e
                           .group:00000000 wm4.stm32f4xx_flash.h.31.74f2ed42d890f144ca7eb5ae8172f0d0
                           .group:00000000 wm4.stm32f4xx_fsmc.h.31.ff58629e0c603fb2f9b3f00c0657fdfa
                           .group:00000000 wm4.stm32f4xx_gpio.h.31.d9aeae10cfa353d85d475c0d4900c452
                           .group:00000000 wm4.stm32f4xx_hash.h.31.5c109425d30f0b9cc0a26ad38182d91f
                           .group:00000000 wm4.stm32f4xx_i2c.h.31.edf5baa611075c49ae13f56be9040be3
                           .group:00000000 wm4.stm32f4xx_iwdg.h.31.30e376e6d8d424aab7fddd66cf691c7b
                           .group:00000000 wm4.stm32f4xx_pwr.h.31.bb774fc1b632cb8d2ecaec8c6524d2c0
                           .group:00000000 wm4.stm32f4xx_rcc.h.30.820e94551583d2b835c8cf3ad722e16c
                           .group:00000000 wm4.stm32f4xx_rng.h.31.1ec493d56b7a8e5a71238519cae6dea7
                           .group:00000000 wm4.stm32f4xx_rtc.h.31.bddeb98c63c8fa06fac80b5dd8296471
                           .group:00000000 wm4.stm32f4xx_sdio.h.31.8c6dff42ffa718b444c3420717601ff2
                           .group:00000000 wm4.stm32f4xx_spi.h.31.fb1b2c8214b87a47d4457633b7c31c3c
                           .group:00000000 wm4.stm32f4xx_syscfg.h.31.5a680f88d55b7816ae613c20f199cbd9
                           .group:00000000 wm4.stm32f4xx_tim.h.31.b1d608fbde729347e4ccf70799e654d2
                           .group:00000000 wm4.stm32f4xx_usart.h.31.f8d29b14aa4d39de5495adcc92749d3c
                           .group:00000000 wm4.stm32f4xx_wwdg.h.31.b45a80fa1ec64984adf786f7e489f31b
                           .group:00000000 wm4.stm32f4xx.h.6975.cdbdae9d5de06f1ba6b770f59cbe4d6c
                           .group:00000000 wm4.stdbool.h.29.c08aa3eec75cf5b9b5003883f43253f0
                           .group:00000000 wm4.newlib.h.7.59e76574e8950a1900b83fbbda2ff693
                           .group:00000000 wm4.ieeefp.h.77.5ad60f72ea25fc152400b550ac118212
                           .group:00000000 wm4.config.h.224.10ee1ad185d877c6e334e6581faab44d
                           .group:00000000 wm4._ansi.h.31.de524f58584151836e90d8620a16f8e8
                           .group:00000000 wm4.stdio.h.31.7c0e28c411445f3f9c5b11accf882760
                           .group:00000000 wm4.stddef.h.185.cbb642e1ccd385e8aa504b15cb7fb086
                           .group:00000000 wm4.cdefs.h.49.56fd742369e655e7e8a7e365e706e208
                           .group:00000000 wm4.stddef.h.39.6817658cc6bc4c7c8354d2009e4a5777
ARM GAS  /tmp/ccg3ZqPR.s 			page 7


                           .group:00000000 wm4.stdarg.h.34.3a23a216c0c293b3d2ea2e89281481e6
                           .group:00000000 wm4._types.h.20.dd0d04dca3800a0d2a6129b87f3adbb2
                           .group:00000000 wm4.stddef.h.158.6f8e08a347b1cff664332fa350bfceb3
                           .group:00000000 wm4._types.h.127.3bdfe3ff8ea2d0985b03d9cbe93480e3
                           .group:00000000 wm4.reent.h.18.25503cdc8b7e55dd0d6ea7b3e5af7a03
                           .group:00000000 wm4.lock.h.2.1461d1fff82dffe8bfddc23307f6484f
                           .group:00000000 wm4.reent.h.78.7f0775353a33c852a1479c008f68cd03
                           .group:00000000 wm4.stdio.h.67.0cf8a9c281ab0b348aef5c02e7e48825
                           .group:00000000 wm4.stdio.h.2.4aa87247282eca6c8f36f9de33d8df1a
                           .group:00000000 wm4.stdio.h.87.a1e20d2651f9bfb66e51bfbe849db00a
                           .group:00000000 wm4.string.h.8.c4b8571ce60dff2817f43fec8b86aecd
                           .group:00000000 wm4.stddef.h.158.eec8bf00b5213f43d095cb984c5f22e3

UNDEFINED SYMBOLS
memset
GPIO_Init
GPIO_DeInit
