ARM GAS  /tmp/ccTaLdvw.s 			page 1


   1              		.cpu cortex-m4
   2              		.arch armv7e-m
   3              		.fpu fpv4-sp-d16
   4              		.eabi_attribute 27, 1
   5              		.eabi_attribute 28, 1
   6              		.eabi_attribute 20, 1
   7              		.eabi_attribute 21, 1
   8              		.eabi_attribute 23, 3
   9              		.eabi_attribute 24, 1
  10              		.eabi_attribute 25, 1
  11              		.eabi_attribute 26, 1
  12              		.eabi_attribute 30, 6
  13              		.eabi_attribute 34, 1
  14              		.eabi_attribute 18, 4
  15              		.file	"misc.c"
  16              		.text
  17              	.Ltext0:
  18              		.cfi_sections	.debug_frame
  19              		.file 1 "../Shared/Libraries/STM32F4xx_StdPeriph_Driver/src/misc.c"
  20              		.section	.text.NVIC_PriorityGroupConfig,"ax",%progbits
  21              		.align	1
  22              		.global	NVIC_PriorityGroupConfig
  23              		.syntax unified
  24              		.thumb
  25              		.thumb_func
  27              	NVIC_PriorityGroupConfig:
  28              	.LFB110:
   1:../Shared/Libraries/STM32F4xx_StdPeriph_Driver/src/misc.c **** /**
   2:../Shared/Libraries/STM32F4xx_StdPeriph_Driver/src/misc.c ****   ******************************************************************************
   3:../Shared/Libraries/STM32F4xx_StdPeriph_Driver/src/misc.c ****   * @file    misc.c
   4:../Shared/Libraries/STM32F4xx_StdPeriph_Driver/src/misc.c ****   * @author  MCD Application Team
   5:../Shared/Libraries/STM32F4xx_StdPeriph_Driver/src/misc.c ****   * @version V1.0.2
   6:../Shared/Libraries/STM32F4xx_StdPeriph_Driver/src/misc.c ****   * @date    05-March-2012
   7:../Shared/Libraries/STM32F4xx_StdPeriph_Driver/src/misc.c ****   * @brief   This file provides all the miscellaneous firmware functions (add-on
   8:../Shared/Libraries/STM32F4xx_StdPeriph_Driver/src/misc.c ****   *          to CMSIS functions).
   9:../Shared/Libraries/STM32F4xx_StdPeriph_Driver/src/misc.c ****   *          
  10:../Shared/Libraries/STM32F4xx_StdPeriph_Driver/src/misc.c ****   *  @verbatim   
  11:../Shared/Libraries/STM32F4xx_StdPeriph_Driver/src/misc.c ****   *                               
  12:../Shared/Libraries/STM32F4xx_StdPeriph_Driver/src/misc.c ****   *          ===================================================================      
  13:../Shared/Libraries/STM32F4xx_StdPeriph_Driver/src/misc.c ****   *                        How to configure Interrupts using driver 
  14:../Shared/Libraries/STM32F4xx_StdPeriph_Driver/src/misc.c ****   *          ===================================================================      
  15:../Shared/Libraries/STM32F4xx_StdPeriph_Driver/src/misc.c ****   * 
  16:../Shared/Libraries/STM32F4xx_StdPeriph_Driver/src/misc.c ****   *            This section provide functions allowing to configure the NVIC interrupts (IRQ).
  17:../Shared/Libraries/STM32F4xx_StdPeriph_Driver/src/misc.c ****   *            The Cortex-M4 exceptions are managed by CMSIS functions.
  18:../Shared/Libraries/STM32F4xx_StdPeriph_Driver/src/misc.c ****   *
  19:../Shared/Libraries/STM32F4xx_StdPeriph_Driver/src/misc.c ****   *            1. Configure the NVIC Priority Grouping using NVIC_PriorityGroupConfig()
  20:../Shared/Libraries/STM32F4xx_StdPeriph_Driver/src/misc.c ****   *                function according to the following table.
  21:../Shared/Libraries/STM32F4xx_StdPeriph_Driver/src/misc.c ****  
  22:../Shared/Libraries/STM32F4xx_StdPeriph_Driver/src/misc.c ****   *  The table below gives the allowed values of the pre-emption priority and subpriority according
  23:../Shared/Libraries/STM32F4xx_StdPeriph_Driver/src/misc.c ****   *  to the Priority Grouping configuration performed by NVIC_PriorityGroupConfig function
  24:../Shared/Libraries/STM32F4xx_StdPeriph_Driver/src/misc.c ****   *    ============================================================================================
  25:../Shared/Libraries/STM32F4xx_StdPeriph_Driver/src/misc.c ****   *      NVIC_PriorityGroup   | NVIC_IRQChannelPreemptionPriority | NVIC_IRQChannelSubPriority  |  
  26:../Shared/Libraries/STM32F4xx_StdPeriph_Driver/src/misc.c ****   *    ============================================================================================
  27:../Shared/Libraries/STM32F4xx_StdPeriph_Driver/src/misc.c ****   *     NVIC_PriorityGroup_0  |                0                  |            0-15             | 0
  28:../Shared/Libraries/STM32F4xx_StdPeriph_Driver/src/misc.c ****   *                           |                                   |                             | 4
  29:../Shared/Libraries/STM32F4xx_StdPeriph_Driver/src/misc.c ****   *    --------------------------------------------------------------------------------------------
  30:../Shared/Libraries/STM32F4xx_StdPeriph_Driver/src/misc.c ****   *     NVIC_PriorityGroup_1  |                0-1                |            0-7              | 1
ARM GAS  /tmp/ccTaLdvw.s 			page 2


  31:../Shared/Libraries/STM32F4xx_StdPeriph_Driver/src/misc.c ****   *                           |                                   |                             | 3
  32:../Shared/Libraries/STM32F4xx_StdPeriph_Driver/src/misc.c ****   *    --------------------------------------------------------------------------------------------
  33:../Shared/Libraries/STM32F4xx_StdPeriph_Driver/src/misc.c ****   *     NVIC_PriorityGroup_2  |                0-3                |            0-3              | 2
  34:../Shared/Libraries/STM32F4xx_StdPeriph_Driver/src/misc.c ****   *                           |                                   |                             | 2
  35:../Shared/Libraries/STM32F4xx_StdPeriph_Driver/src/misc.c ****   *    --------------------------------------------------------------------------------------------
  36:../Shared/Libraries/STM32F4xx_StdPeriph_Driver/src/misc.c ****   *     NVIC_PriorityGroup_3  |                0-7                |            0-1              | 3
  37:../Shared/Libraries/STM32F4xx_StdPeriph_Driver/src/misc.c ****   *                           |                                   |                             | 1
  38:../Shared/Libraries/STM32F4xx_StdPeriph_Driver/src/misc.c ****   *    --------------------------------------------------------------------------------------------
  39:../Shared/Libraries/STM32F4xx_StdPeriph_Driver/src/misc.c ****   *     NVIC_PriorityGroup_4  |                0-15               |            0                | 4
  40:../Shared/Libraries/STM32F4xx_StdPeriph_Driver/src/misc.c ****   *                           |                                   |                             | 0
  41:../Shared/Libraries/STM32F4xx_StdPeriph_Driver/src/misc.c ****   *    ============================================================================================
  42:../Shared/Libraries/STM32F4xx_StdPeriph_Driver/src/misc.c ****   *
  43:../Shared/Libraries/STM32F4xx_StdPeriph_Driver/src/misc.c ****   *            2. Enable and Configure the priority of the selected IRQ Channels using NVIC_Init() 
  44:../Shared/Libraries/STM32F4xx_StdPeriph_Driver/src/misc.c ****   *
  45:../Shared/Libraries/STM32F4xx_StdPeriph_Driver/src/misc.c ****   * @note  When the NVIC_PriorityGroup_0 is selected, IRQ pre-emption is no more possible. 
  46:../Shared/Libraries/STM32F4xx_StdPeriph_Driver/src/misc.c ****   *        The pending IRQ priority will be managed only by the subpriority.
  47:../Shared/Libraries/STM32F4xx_StdPeriph_Driver/src/misc.c ****   *
  48:../Shared/Libraries/STM32F4xx_StdPeriph_Driver/src/misc.c ****   * @note  IRQ priority order (sorted by highest to lowest priority):
  49:../Shared/Libraries/STM32F4xx_StdPeriph_Driver/src/misc.c ****   *         - Lowest pre-emption priority
  50:../Shared/Libraries/STM32F4xx_StdPeriph_Driver/src/misc.c ****   *         - Lowest subpriority
  51:../Shared/Libraries/STM32F4xx_StdPeriph_Driver/src/misc.c ****   *         - Lowest hardware priority (IRQ number)
  52:../Shared/Libraries/STM32F4xx_StdPeriph_Driver/src/misc.c ****   *
  53:../Shared/Libraries/STM32F4xx_StdPeriph_Driver/src/misc.c ****   *  @endverbatim
  54:../Shared/Libraries/STM32F4xx_StdPeriph_Driver/src/misc.c ****   *
  55:../Shared/Libraries/STM32F4xx_StdPeriph_Driver/src/misc.c ****   ******************************************************************************
  56:../Shared/Libraries/STM32F4xx_StdPeriph_Driver/src/misc.c ****   * @attention
  57:../Shared/Libraries/STM32F4xx_StdPeriph_Driver/src/misc.c ****   *
  58:../Shared/Libraries/STM32F4xx_StdPeriph_Driver/src/misc.c ****   * <h2><center>&copy; COPYRIGHT 2012 STMicroelectronics</center></h2>
  59:../Shared/Libraries/STM32F4xx_StdPeriph_Driver/src/misc.c ****   *
  60:../Shared/Libraries/STM32F4xx_StdPeriph_Driver/src/misc.c ****   * Licensed under MCD-ST Liberty SW License Agreement V2, (the "License");
  61:../Shared/Libraries/STM32F4xx_StdPeriph_Driver/src/misc.c ****   * You may not use this file except in compliance with the License.
  62:../Shared/Libraries/STM32F4xx_StdPeriph_Driver/src/misc.c ****   * You may obtain a copy of the License at:
  63:../Shared/Libraries/STM32F4xx_StdPeriph_Driver/src/misc.c ****   *
  64:../Shared/Libraries/STM32F4xx_StdPeriph_Driver/src/misc.c ****   *        http://www.st.com/software_license_agreement_liberty_v2
  65:../Shared/Libraries/STM32F4xx_StdPeriph_Driver/src/misc.c ****   *
  66:../Shared/Libraries/STM32F4xx_StdPeriph_Driver/src/misc.c ****   * Unless required by applicable law or agreed to in writing, software 
  67:../Shared/Libraries/STM32F4xx_StdPeriph_Driver/src/misc.c ****   * distributed under the License is distributed on an "AS IS" BASIS, 
  68:../Shared/Libraries/STM32F4xx_StdPeriph_Driver/src/misc.c ****   * WITHOUT WARRANTIES OR CONDITIONS OF ANY KIND, either express or implied.
  69:../Shared/Libraries/STM32F4xx_StdPeriph_Driver/src/misc.c ****   * See the License for the specific language governing permissions and
  70:../Shared/Libraries/STM32F4xx_StdPeriph_Driver/src/misc.c ****   * limitations under the License.
  71:../Shared/Libraries/STM32F4xx_StdPeriph_Driver/src/misc.c ****   *
  72:../Shared/Libraries/STM32F4xx_StdPeriph_Driver/src/misc.c ****   ******************************************************************************
  73:../Shared/Libraries/STM32F4xx_StdPeriph_Driver/src/misc.c ****   */
  74:../Shared/Libraries/STM32F4xx_StdPeriph_Driver/src/misc.c **** 
  75:../Shared/Libraries/STM32F4xx_StdPeriph_Driver/src/misc.c **** /* Includes ------------------------------------------------------------------*/
  76:../Shared/Libraries/STM32F4xx_StdPeriph_Driver/src/misc.c **** #include "misc.h"
  77:../Shared/Libraries/STM32F4xx_StdPeriph_Driver/src/misc.c **** 
  78:../Shared/Libraries/STM32F4xx_StdPeriph_Driver/src/misc.c **** /** @addtogroup STM32F4xx_StdPeriph_Driver
  79:../Shared/Libraries/STM32F4xx_StdPeriph_Driver/src/misc.c ****   * @{
  80:../Shared/Libraries/STM32F4xx_StdPeriph_Driver/src/misc.c ****   */
  81:../Shared/Libraries/STM32F4xx_StdPeriph_Driver/src/misc.c **** 
  82:../Shared/Libraries/STM32F4xx_StdPeriph_Driver/src/misc.c **** /** @defgroup MISC 
  83:../Shared/Libraries/STM32F4xx_StdPeriph_Driver/src/misc.c ****   * @brief MISC driver modules
  84:../Shared/Libraries/STM32F4xx_StdPeriph_Driver/src/misc.c ****   * @{
  85:../Shared/Libraries/STM32F4xx_StdPeriph_Driver/src/misc.c ****   */
  86:../Shared/Libraries/STM32F4xx_StdPeriph_Driver/src/misc.c **** 
  87:../Shared/Libraries/STM32F4xx_StdPeriph_Driver/src/misc.c **** /* Private typedef -----------------------------------------------------------*/
ARM GAS  /tmp/ccTaLdvw.s 			page 3


  88:../Shared/Libraries/STM32F4xx_StdPeriph_Driver/src/misc.c **** /* Private define ------------------------------------------------------------*/
  89:../Shared/Libraries/STM32F4xx_StdPeriph_Driver/src/misc.c **** #define AIRCR_VECTKEY_MASK    ((uint32_t)0x05FA0000)
  90:../Shared/Libraries/STM32F4xx_StdPeriph_Driver/src/misc.c **** 
  91:../Shared/Libraries/STM32F4xx_StdPeriph_Driver/src/misc.c **** /* Private macro -------------------------------------------------------------*/
  92:../Shared/Libraries/STM32F4xx_StdPeriph_Driver/src/misc.c **** /* Private variables ---------------------------------------------------------*/
  93:../Shared/Libraries/STM32F4xx_StdPeriph_Driver/src/misc.c **** /* Private function prototypes -----------------------------------------------*/
  94:../Shared/Libraries/STM32F4xx_StdPeriph_Driver/src/misc.c **** /* Private functions ---------------------------------------------------------*/
  95:../Shared/Libraries/STM32F4xx_StdPeriph_Driver/src/misc.c **** 
  96:../Shared/Libraries/STM32F4xx_StdPeriph_Driver/src/misc.c **** /** @defgroup MISC_Private_Functions
  97:../Shared/Libraries/STM32F4xx_StdPeriph_Driver/src/misc.c ****   * @{
  98:../Shared/Libraries/STM32F4xx_StdPeriph_Driver/src/misc.c ****   */
  99:../Shared/Libraries/STM32F4xx_StdPeriph_Driver/src/misc.c **** 
 100:../Shared/Libraries/STM32F4xx_StdPeriph_Driver/src/misc.c **** /**
 101:../Shared/Libraries/STM32F4xx_StdPeriph_Driver/src/misc.c ****   * @brief  Configures the priority grouping: pre-emption priority and subpriority.
 102:../Shared/Libraries/STM32F4xx_StdPeriph_Driver/src/misc.c ****   * @param  NVIC_PriorityGroup: specifies the priority grouping bits length. 
 103:../Shared/Libraries/STM32F4xx_StdPeriph_Driver/src/misc.c ****   *   This parameter can be one of the following values:
 104:../Shared/Libraries/STM32F4xx_StdPeriph_Driver/src/misc.c ****   *     @arg NVIC_PriorityGroup_0: 0 bits for pre-emption priority
 105:../Shared/Libraries/STM32F4xx_StdPeriph_Driver/src/misc.c ****   *                                4 bits for subpriority
 106:../Shared/Libraries/STM32F4xx_StdPeriph_Driver/src/misc.c ****   *     @arg NVIC_PriorityGroup_1: 1 bits for pre-emption priority
 107:../Shared/Libraries/STM32F4xx_StdPeriph_Driver/src/misc.c ****   *                                3 bits for subpriority
 108:../Shared/Libraries/STM32F4xx_StdPeriph_Driver/src/misc.c ****   *     @arg NVIC_PriorityGroup_2: 2 bits for pre-emption priority
 109:../Shared/Libraries/STM32F4xx_StdPeriph_Driver/src/misc.c ****   *                                2 bits for subpriority
 110:../Shared/Libraries/STM32F4xx_StdPeriph_Driver/src/misc.c ****   *     @arg NVIC_PriorityGroup_3: 3 bits for pre-emption priority
 111:../Shared/Libraries/STM32F4xx_StdPeriph_Driver/src/misc.c ****   *                                1 bits for subpriority
 112:../Shared/Libraries/STM32F4xx_StdPeriph_Driver/src/misc.c ****   *     @arg NVIC_PriorityGroup_4: 4 bits for pre-emption priority
 113:../Shared/Libraries/STM32F4xx_StdPeriph_Driver/src/misc.c ****   *                                0 bits for subpriority
 114:../Shared/Libraries/STM32F4xx_StdPeriph_Driver/src/misc.c ****   * @note   When the NVIC_PriorityGroup_0 is selected, IRQ pre-emption is no more possible. 
 115:../Shared/Libraries/STM32F4xx_StdPeriph_Driver/src/misc.c ****   *         The pending IRQ priority will be managed only by the subpriority. 
 116:../Shared/Libraries/STM32F4xx_StdPeriph_Driver/src/misc.c ****   * @retval None
 117:../Shared/Libraries/STM32F4xx_StdPeriph_Driver/src/misc.c ****   */
 118:../Shared/Libraries/STM32F4xx_StdPeriph_Driver/src/misc.c **** void NVIC_PriorityGroupConfig(uint32_t NVIC_PriorityGroup)
 119:../Shared/Libraries/STM32F4xx_StdPeriph_Driver/src/misc.c **** {
  29              		.loc 1 119 1
  30              		.cfi_startproc
  31              		@ args = 0, pretend = 0, frame = 8
  32              		@ frame_needed = 1, uses_anonymous_args = 0
  33              		@ link register save eliminated.
  34 0000 80B4     		push	{r7}
  35              	.LCFI0:
  36              		.cfi_def_cfa_offset 4
  37              		.cfi_offset 7, -4
  38 0002 83B0     		sub	sp, sp, #12
  39              	.LCFI1:
  40              		.cfi_def_cfa_offset 16
  41 0004 00AF     		add	r7, sp, #0
  42              	.LCFI2:
  43              		.cfi_def_cfa_register 7
  44 0006 7860     		str	r0, [r7, #4]
 120:../Shared/Libraries/STM32F4xx_StdPeriph_Driver/src/misc.c ****   /* Check the parameters */
 121:../Shared/Libraries/STM32F4xx_StdPeriph_Driver/src/misc.c ****   assert_param(IS_NVIC_PRIORITY_GROUP(NVIC_PriorityGroup));
 122:../Shared/Libraries/STM32F4xx_StdPeriph_Driver/src/misc.c ****   
 123:../Shared/Libraries/STM32F4xx_StdPeriph_Driver/src/misc.c ****   /* Set the PRIGROUP[10:8] bits according to NVIC_PriorityGroup value */
 124:../Shared/Libraries/STM32F4xx_StdPeriph_Driver/src/misc.c ****   SCB->AIRCR = AIRCR_VECTKEY_MASK | NVIC_PriorityGroup;
  45              		.loc 1 124 6
  46 0008 064A     		ldr	r2, .L2
  47              		.loc 1 124 35
  48 000a 7B68     		ldr	r3, [r7, #4]
ARM GAS  /tmp/ccTaLdvw.s 			page 4


  49 000c 43F0BF63 		orr	r3, r3, #100139008
  50 0010 43F40033 		orr	r3, r3, #131072
  51              		.loc 1 124 14
  52 0014 D360     		str	r3, [r2, #12]
 125:../Shared/Libraries/STM32F4xx_StdPeriph_Driver/src/misc.c **** }
  53              		.loc 1 125 1
  54 0016 00BF     		nop
  55 0018 0C37     		adds	r7, r7, #12
  56              	.LCFI3:
  57              		.cfi_def_cfa_offset 4
  58 001a BD46     		mov	sp, r7
  59              	.LCFI4:
  60              		.cfi_def_cfa_register 13
  61              		@ sp needed
  62 001c 5DF8047B 		ldr	r7, [sp], #4
  63              	.LCFI5:
  64              		.cfi_restore 7
  65              		.cfi_def_cfa_offset 0
  66 0020 7047     		bx	lr
  67              	.L3:
  68 0022 00BF     		.align	2
  69              	.L2:
  70 0024 00ED00E0 		.word	-536810240
  71              		.cfi_endproc
  72              	.LFE110:
  74              		.section	.text.NVIC_Init,"ax",%progbits
  75              		.align	1
  76              		.global	NVIC_Init
  77              		.syntax unified
  78              		.thumb
  79              		.thumb_func
  81              	NVIC_Init:
  82              	.LFB111:
 126:../Shared/Libraries/STM32F4xx_StdPeriph_Driver/src/misc.c **** 
 127:../Shared/Libraries/STM32F4xx_StdPeriph_Driver/src/misc.c **** /**
 128:../Shared/Libraries/STM32F4xx_StdPeriph_Driver/src/misc.c ****   * @brief  Initializes the NVIC peripheral according to the specified
 129:../Shared/Libraries/STM32F4xx_StdPeriph_Driver/src/misc.c ****   *         parameters in the NVIC_InitStruct.
 130:../Shared/Libraries/STM32F4xx_StdPeriph_Driver/src/misc.c ****   * @note   To configure interrupts priority correctly, the NVIC_PriorityGroupConfig()
 131:../Shared/Libraries/STM32F4xx_StdPeriph_Driver/src/misc.c ****   *         function should be called before. 
 132:../Shared/Libraries/STM32F4xx_StdPeriph_Driver/src/misc.c ****   * @param  NVIC_InitStruct: pointer to a NVIC_InitTypeDef structure that contains
 133:../Shared/Libraries/STM32F4xx_StdPeriph_Driver/src/misc.c ****   *         the configuration information for the specified NVIC peripheral.
 134:../Shared/Libraries/STM32F4xx_StdPeriph_Driver/src/misc.c ****   * @retval None
 135:../Shared/Libraries/STM32F4xx_StdPeriph_Driver/src/misc.c ****   */
 136:../Shared/Libraries/STM32F4xx_StdPeriph_Driver/src/misc.c **** void NVIC_Init(NVIC_InitTypeDef* NVIC_InitStruct)
 137:../Shared/Libraries/STM32F4xx_StdPeriph_Driver/src/misc.c **** {
  83              		.loc 1 137 1
  84              		.cfi_startproc
  85              		@ args = 0, pretend = 0, frame = 16
  86              		@ frame_needed = 1, uses_anonymous_args = 0
  87              		@ link register save eliminated.
  88 0000 80B4     		push	{r7}
  89              	.LCFI6:
  90              		.cfi_def_cfa_offset 4
  91              		.cfi_offset 7, -4
  92 0002 85B0     		sub	sp, sp, #20
  93              	.LCFI7:
  94              		.cfi_def_cfa_offset 24
ARM GAS  /tmp/ccTaLdvw.s 			page 5


  95 0004 00AF     		add	r7, sp, #0
  96              	.LCFI8:
  97              		.cfi_def_cfa_register 7
  98 0006 7860     		str	r0, [r7, #4]
 138:../Shared/Libraries/STM32F4xx_StdPeriph_Driver/src/misc.c ****   uint8_t tmppriority = 0x00, tmppre = 0x00, tmpsub = 0x0F;
  99              		.loc 1 138 11
 100 0008 0023     		movs	r3, #0
 101 000a FB73     		strb	r3, [r7, #15]
 102              		.loc 1 138 31
 103 000c 0023     		movs	r3, #0
 104 000e BB73     		strb	r3, [r7, #14]
 105              		.loc 1 138 46
 106 0010 0F23     		movs	r3, #15
 107 0012 7B73     		strb	r3, [r7, #13]
 139:../Shared/Libraries/STM32F4xx_StdPeriph_Driver/src/misc.c ****   
 140:../Shared/Libraries/STM32F4xx_StdPeriph_Driver/src/misc.c ****   /* Check the parameters */
 141:../Shared/Libraries/STM32F4xx_StdPeriph_Driver/src/misc.c ****   assert_param(IS_FUNCTIONAL_STATE(NVIC_InitStruct->NVIC_IRQChannelCmd));
 142:../Shared/Libraries/STM32F4xx_StdPeriph_Driver/src/misc.c ****   assert_param(IS_NVIC_PREEMPTION_PRIORITY(NVIC_InitStruct->NVIC_IRQChannelPreemptionPriority));  
 143:../Shared/Libraries/STM32F4xx_StdPeriph_Driver/src/misc.c ****   assert_param(IS_NVIC_SUB_PRIORITY(NVIC_InitStruct->NVIC_IRQChannelSubPriority));
 144:../Shared/Libraries/STM32F4xx_StdPeriph_Driver/src/misc.c ****     
 145:../Shared/Libraries/STM32F4xx_StdPeriph_Driver/src/misc.c ****   if (NVIC_InitStruct->NVIC_IRQChannelCmd != DISABLE)
 108              		.loc 1 145 22
 109 0014 7B68     		ldr	r3, [r7, #4]
 110 0016 DB78     		ldrb	r3, [r3, #3]	@ zero_extendqisi2
 111              		.loc 1 145 6
 112 0018 002B     		cmp	r3, #0
 113 001a 39D0     		beq	.L5
 146:../Shared/Libraries/STM32F4xx_StdPeriph_Driver/src/misc.c ****   {
 147:../Shared/Libraries/STM32F4xx_StdPeriph_Driver/src/misc.c ****     /* Compute the Corresponding IRQ Priority --------------------------------*/    
 148:../Shared/Libraries/STM32F4xx_StdPeriph_Driver/src/misc.c ****     tmppriority = (0x700 - ((SCB->AIRCR) & (uint32_t)0x700))>> 0x08;
 114              		.loc 1 148 33
 115 001c 274B     		ldr	r3, .L8
 116 001e DB68     		ldr	r3, [r3, #12]
 117              		.loc 1 148 26
 118 0020 DB43     		mvns	r3, r3
 119              		.loc 1 148 61
 120 0022 1B0A     		lsrs	r3, r3, #8
 121 0024 DBB2     		uxtb	r3, r3
 122              		.loc 1 148 17
 123 0026 03F00703 		and	r3, r3, #7
 124 002a FB73     		strb	r3, [r7, #15]
 149:../Shared/Libraries/STM32F4xx_StdPeriph_Driver/src/misc.c ****     tmppre = (0x4 - tmppriority);
 125              		.loc 1 149 12
 126 002c FB7B     		ldrb	r3, [r7, #15]
 127 002e C3F10403 		rsb	r3, r3, #4
 128 0032 BB73     		strb	r3, [r7, #14]
 150:../Shared/Libraries/STM32F4xx_StdPeriph_Driver/src/misc.c ****     tmpsub = tmpsub >> tmppriority;
 129              		.loc 1 150 21
 130 0034 7A7B     		ldrb	r2, [r7, #13]	@ zero_extendqisi2
 131 0036 FB7B     		ldrb	r3, [r7, #15]	@ zero_extendqisi2
 132 0038 42FA03F3 		asr	r3, r2, r3
 133              		.loc 1 150 12
 134 003c 7B73     		strb	r3, [r7, #13]
 151:../Shared/Libraries/STM32F4xx_StdPeriph_Driver/src/misc.c **** 
 152:../Shared/Libraries/STM32F4xx_StdPeriph_Driver/src/misc.c ****     tmppriority = NVIC_InitStruct->NVIC_IRQChannelPreemptionPriority << tmppre;
 135              		.loc 1 152 34
 136 003e 7B68     		ldr	r3, [r7, #4]
ARM GAS  /tmp/ccTaLdvw.s 			page 6


 137 0040 5B78     		ldrb	r3, [r3, #1]	@ zero_extendqisi2
 138 0042 1A46     		mov	r2, r3
 139              		.loc 1 152 70
 140 0044 BB7B     		ldrb	r3, [r7, #14]	@ zero_extendqisi2
 141 0046 02FA03F3 		lsl	r3, r2, r3
 142              		.loc 1 152 17
 143 004a FB73     		strb	r3, [r7, #15]
 153:../Shared/Libraries/STM32F4xx_StdPeriph_Driver/src/misc.c ****     tmppriority |=  (uint8_t)(NVIC_InitStruct->NVIC_IRQChannelSubPriority & tmpsub);
 144              		.loc 1 153 46
 145 004c 7B68     		ldr	r3, [r7, #4]
 146 004e 9A78     		ldrb	r2, [r3, #2]	@ zero_extendqisi2
 147              		.loc 1 153 21
 148 0050 7B7B     		ldrb	r3, [r7, #13]
 149 0052 1340     		ands	r3, r3, r2
 150 0054 DAB2     		uxtb	r2, r3
 151              		.loc 1 153 17
 152 0056 FB7B     		ldrb	r3, [r7, #15]
 153 0058 1343     		orrs	r3, r3, r2
 154 005a FB73     		strb	r3, [r7, #15]
 154:../Shared/Libraries/STM32F4xx_StdPeriph_Driver/src/misc.c ****         
 155:../Shared/Libraries/STM32F4xx_StdPeriph_Driver/src/misc.c ****     tmppriority = tmppriority << 0x04;
 155              		.loc 1 155 17
 156 005c FB7B     		ldrb	r3, [r7, #15]
 157 005e 1B01     		lsls	r3, r3, #4
 158 0060 FB73     		strb	r3, [r7, #15]
 156:../Shared/Libraries/STM32F4xx_StdPeriph_Driver/src/misc.c ****         
 157:../Shared/Libraries/STM32F4xx_StdPeriph_Driver/src/misc.c ****     NVIC->IP[NVIC_InitStruct->NVIC_IRQChannel] = tmppriority;
 159              		.loc 1 157 9
 160 0062 174A     		ldr	r2, .L8+4
 161              		.loc 1 157 29
 162 0064 7B68     		ldr	r3, [r7, #4]
 163 0066 1B78     		ldrb	r3, [r3]	@ zero_extendqisi2
 164              		.loc 1 157 48
 165 0068 1344     		add	r3, r3, r2
 166 006a FA7B     		ldrb	r2, [r7, #15]
 167 006c 83F80023 		strb	r2, [r3, #768]
 158:../Shared/Libraries/STM32F4xx_StdPeriph_Driver/src/misc.c ****     
 159:../Shared/Libraries/STM32F4xx_StdPeriph_Driver/src/misc.c ****     /* Enable the Selected IRQ Channels --------------------------------------*/
 160:../Shared/Libraries/STM32F4xx_StdPeriph_Driver/src/misc.c ****     NVIC->ISER[NVIC_InitStruct->NVIC_IRQChannel >> 0x05] =
 161:../Shared/Libraries/STM32F4xx_StdPeriph_Driver/src/misc.c ****       (uint32_t)0x01 << (NVIC_InitStruct->NVIC_IRQChannel & (uint8_t)0x1F);
 168              		.loc 1 161 41
 169 0070 7B68     		ldr	r3, [r7, #4]
 170 0072 1B78     		ldrb	r3, [r3]	@ zero_extendqisi2
 171              		.loc 1 161 59
 172 0074 03F01F03 		and	r3, r3, #31
 160:../Shared/Libraries/STM32F4xx_StdPeriph_Driver/src/misc.c ****       (uint32_t)0x01 << (NVIC_InitStruct->NVIC_IRQChannel & (uint8_t)0x1F);
 173              		.loc 1 160 9
 174 0078 1149     		ldr	r1, .L8+4
 160:../Shared/Libraries/STM32F4xx_StdPeriph_Driver/src/misc.c ****       (uint32_t)0x01 << (NVIC_InitStruct->NVIC_IRQChannel & (uint8_t)0x1F);
 175              		.loc 1 160 31
 176 007a 7A68     		ldr	r2, [r7, #4]
 177 007c 1278     		ldrb	r2, [r2]	@ zero_extendqisi2
 160:../Shared/Libraries/STM32F4xx_StdPeriph_Driver/src/misc.c ****       (uint32_t)0x01 << (NVIC_InitStruct->NVIC_IRQChannel & (uint8_t)0x1F);
 178              		.loc 1 160 49
 179 007e 5209     		lsrs	r2, r2, #5
 180 0080 D2B2     		uxtb	r2, r2
 181 0082 1046     		mov	r0, r2
ARM GAS  /tmp/ccTaLdvw.s 			page 7


 182              		.loc 1 161 22
 183 0084 0122     		movs	r2, #1
 184 0086 02FA03F3 		lsl	r3, r2, r3
 160:../Shared/Libraries/STM32F4xx_StdPeriph_Driver/src/misc.c ****       (uint32_t)0x01 << (NVIC_InitStruct->NVIC_IRQChannel & (uint8_t)0x1F);
 185              		.loc 1 160 58
 186 008a 41F82030 		str	r3, [r1, r0, lsl #2]
 162:../Shared/Libraries/STM32F4xx_StdPeriph_Driver/src/misc.c ****   }
 163:../Shared/Libraries/STM32F4xx_StdPeriph_Driver/src/misc.c ****   else
 164:../Shared/Libraries/STM32F4xx_StdPeriph_Driver/src/misc.c ****   {
 165:../Shared/Libraries/STM32F4xx_StdPeriph_Driver/src/misc.c ****     /* Disable the Selected IRQ Channels -------------------------------------*/
 166:../Shared/Libraries/STM32F4xx_StdPeriph_Driver/src/misc.c ****     NVIC->ICER[NVIC_InitStruct->NVIC_IRQChannel >> 0x05] =
 167:../Shared/Libraries/STM32F4xx_StdPeriph_Driver/src/misc.c ****       (uint32_t)0x01 << (NVIC_InitStruct->NVIC_IRQChannel & (uint8_t)0x1F);
 168:../Shared/Libraries/STM32F4xx_StdPeriph_Driver/src/misc.c ****   }
 169:../Shared/Libraries/STM32F4xx_StdPeriph_Driver/src/misc.c **** }
 187              		.loc 1 169 1
 188 008e 0FE0     		b	.L7
 189              	.L5:
 167:../Shared/Libraries/STM32F4xx_StdPeriph_Driver/src/misc.c ****   }
 190              		.loc 1 167 41
 191 0090 7B68     		ldr	r3, [r7, #4]
 192 0092 1B78     		ldrb	r3, [r3]	@ zero_extendqisi2
 167:../Shared/Libraries/STM32F4xx_StdPeriph_Driver/src/misc.c ****   }
 193              		.loc 1 167 59
 194 0094 03F01F03 		and	r3, r3, #31
 166:../Shared/Libraries/STM32F4xx_StdPeriph_Driver/src/misc.c ****       (uint32_t)0x01 << (NVIC_InitStruct->NVIC_IRQChannel & (uint8_t)0x1F);
 195              		.loc 1 166 9
 196 0098 0949     		ldr	r1, .L8+4
 166:../Shared/Libraries/STM32F4xx_StdPeriph_Driver/src/misc.c ****       (uint32_t)0x01 << (NVIC_InitStruct->NVIC_IRQChannel & (uint8_t)0x1F);
 197              		.loc 1 166 31
 198 009a 7A68     		ldr	r2, [r7, #4]
 199 009c 1278     		ldrb	r2, [r2]	@ zero_extendqisi2
 166:../Shared/Libraries/STM32F4xx_StdPeriph_Driver/src/misc.c ****       (uint32_t)0x01 << (NVIC_InitStruct->NVIC_IRQChannel & (uint8_t)0x1F);
 200              		.loc 1 166 49
 201 009e 5209     		lsrs	r2, r2, #5
 202 00a0 D2B2     		uxtb	r2, r2
 203 00a2 1046     		mov	r0, r2
 167:../Shared/Libraries/STM32F4xx_StdPeriph_Driver/src/misc.c ****   }
 204              		.loc 1 167 22
 205 00a4 0122     		movs	r2, #1
 206 00a6 9A40     		lsls	r2, r2, r3
 166:../Shared/Libraries/STM32F4xx_StdPeriph_Driver/src/misc.c ****       (uint32_t)0x01 << (NVIC_InitStruct->NVIC_IRQChannel & (uint8_t)0x1F);
 207              		.loc 1 166 58
 208 00a8 00F12003 		add	r3, r0, #32
 209 00ac 41F82320 		str	r2, [r1, r3, lsl #2]
 210              	.L7:
 211              		.loc 1 169 1
 212 00b0 00BF     		nop
 213 00b2 1437     		adds	r7, r7, #20
 214              	.LCFI9:
 215              		.cfi_def_cfa_offset 4
 216 00b4 BD46     		mov	sp, r7
 217              	.LCFI10:
 218              		.cfi_def_cfa_register 13
 219              		@ sp needed
 220 00b6 5DF8047B 		ldr	r7, [sp], #4
 221              	.LCFI11:
 222              		.cfi_restore 7
ARM GAS  /tmp/ccTaLdvw.s 			page 8


 223              		.cfi_def_cfa_offset 0
 224 00ba 7047     		bx	lr
 225              	.L9:
 226              		.align	2
 227              	.L8:
 228 00bc 00ED00E0 		.word	-536810240
 229 00c0 00E100E0 		.word	-536813312
 230              		.cfi_endproc
 231              	.LFE111:
 233              		.section	.text.NVIC_SetVectorTable,"ax",%progbits
 234              		.align	1
 235              		.global	NVIC_SetVectorTable
 236              		.syntax unified
 237              		.thumb
 238              		.thumb_func
 240              	NVIC_SetVectorTable:
 241              	.LFB112:
 170:../Shared/Libraries/STM32F4xx_StdPeriph_Driver/src/misc.c **** 
 171:../Shared/Libraries/STM32F4xx_StdPeriph_Driver/src/misc.c **** /**
 172:../Shared/Libraries/STM32F4xx_StdPeriph_Driver/src/misc.c ****   * @brief  Sets the vector table location and Offset.
 173:../Shared/Libraries/STM32F4xx_StdPeriph_Driver/src/misc.c ****   * @param  NVIC_VectTab: specifies if the vector table is in RAM or FLASH memory.
 174:../Shared/Libraries/STM32F4xx_StdPeriph_Driver/src/misc.c ****   *   This parameter can be one of the following values:
 175:../Shared/Libraries/STM32F4xx_StdPeriph_Driver/src/misc.c ****   *     @arg NVIC_VectTab_RAM: Vector Table in internal SRAM.
 176:../Shared/Libraries/STM32F4xx_StdPeriph_Driver/src/misc.c ****   *     @arg NVIC_VectTab_FLASH: Vector Table in internal FLASH.
 177:../Shared/Libraries/STM32F4xx_StdPeriph_Driver/src/misc.c ****   * @param  Offset: Vector Table base offset field. This value must be a multiple of 0x200.
 178:../Shared/Libraries/STM32F4xx_StdPeriph_Driver/src/misc.c ****   * @retval None
 179:../Shared/Libraries/STM32F4xx_StdPeriph_Driver/src/misc.c ****   */
 180:../Shared/Libraries/STM32F4xx_StdPeriph_Driver/src/misc.c **** void NVIC_SetVectorTable(uint32_t NVIC_VectTab, uint32_t Offset)
 181:../Shared/Libraries/STM32F4xx_StdPeriph_Driver/src/misc.c **** { 
 242              		.loc 1 181 1
 243              		.cfi_startproc
 244              		@ args = 0, pretend = 0, frame = 8
 245              		@ frame_needed = 1, uses_anonymous_args = 0
 246              		@ link register save eliminated.
 247 0000 80B4     		push	{r7}
 248              	.LCFI12:
 249              		.cfi_def_cfa_offset 4
 250              		.cfi_offset 7, -4
 251 0002 83B0     		sub	sp, sp, #12
 252              	.LCFI13:
 253              		.cfi_def_cfa_offset 16
 254 0004 00AF     		add	r7, sp, #0
 255              	.LCFI14:
 256              		.cfi_def_cfa_register 7
 257 0006 7860     		str	r0, [r7, #4]
 258 0008 3960     		str	r1, [r7]
 182:../Shared/Libraries/STM32F4xx_StdPeriph_Driver/src/misc.c ****   /* Check the parameters */
 183:../Shared/Libraries/STM32F4xx_StdPeriph_Driver/src/misc.c ****   assert_param(IS_NVIC_VECTTAB(NVIC_VectTab));
 184:../Shared/Libraries/STM32F4xx_StdPeriph_Driver/src/misc.c ****   assert_param(IS_NVIC_OFFSET(Offset));  
 185:../Shared/Libraries/STM32F4xx_StdPeriph_Driver/src/misc.c ****    
 186:../Shared/Libraries/STM32F4xx_StdPeriph_Driver/src/misc.c ****   SCB->VTOR = NVIC_VectTab | (Offset & (uint32_t)0x1FFFFF80);
 259              		.loc 1 186 38
 260 000a 3B68     		ldr	r3, [r7]
 261 000c 23F06043 		bic	r3, r3, #-536870912
 262 0010 23F07F03 		bic	r3, r3, #127
 263              		.loc 1 186 6
 264 0014 0449     		ldr	r1, .L11
ARM GAS  /tmp/ccTaLdvw.s 			page 9


 265              		.loc 1 186 28
 266 0016 7A68     		ldr	r2, [r7, #4]
 267 0018 1343     		orrs	r3, r3, r2
 268              		.loc 1 186 13
 269 001a 8B60     		str	r3, [r1, #8]
 187:../Shared/Libraries/STM32F4xx_StdPeriph_Driver/src/misc.c **** }
 270              		.loc 1 187 1
 271 001c 00BF     		nop
 272 001e 0C37     		adds	r7, r7, #12
 273              	.LCFI15:
 274              		.cfi_def_cfa_offset 4
 275 0020 BD46     		mov	sp, r7
 276              	.LCFI16:
 277              		.cfi_def_cfa_register 13
 278              		@ sp needed
 279 0022 5DF8047B 		ldr	r7, [sp], #4
 280              	.LCFI17:
 281              		.cfi_restore 7
 282              		.cfi_def_cfa_offset 0
 283 0026 7047     		bx	lr
 284              	.L12:
 285              		.align	2
 286              	.L11:
 287 0028 00ED00E0 		.word	-536810240
 288              		.cfi_endproc
 289              	.LFE112:
 291              		.section	.text.NVIC_SystemLPConfig,"ax",%progbits
 292              		.align	1
 293              		.global	NVIC_SystemLPConfig
 294              		.syntax unified
 295              		.thumb
 296              		.thumb_func
 298              	NVIC_SystemLPConfig:
 299              	.LFB113:
 188:../Shared/Libraries/STM32F4xx_StdPeriph_Driver/src/misc.c **** 
 189:../Shared/Libraries/STM32F4xx_StdPeriph_Driver/src/misc.c **** /**
 190:../Shared/Libraries/STM32F4xx_StdPeriph_Driver/src/misc.c ****   * @brief  Selects the condition for the system to enter low power mode.
 191:../Shared/Libraries/STM32F4xx_StdPeriph_Driver/src/misc.c ****   * @param  LowPowerMode: Specifies the new mode for the system to enter low power mode.
 192:../Shared/Libraries/STM32F4xx_StdPeriph_Driver/src/misc.c ****   *   This parameter can be one of the following values:
 193:../Shared/Libraries/STM32F4xx_StdPeriph_Driver/src/misc.c ****   *     @arg NVIC_LP_SEVONPEND: Low Power SEV on Pend.
 194:../Shared/Libraries/STM32F4xx_StdPeriph_Driver/src/misc.c ****   *     @arg NVIC_LP_SLEEPDEEP: Low Power DEEPSLEEP request.
 195:../Shared/Libraries/STM32F4xx_StdPeriph_Driver/src/misc.c ****   *     @arg NVIC_LP_SLEEPONEXIT: Low Power Sleep on Exit.
 196:../Shared/Libraries/STM32F4xx_StdPeriph_Driver/src/misc.c ****   * @param  NewState: new state of LP condition. This parameter can be: ENABLE or DISABLE.
 197:../Shared/Libraries/STM32F4xx_StdPeriph_Driver/src/misc.c ****   * @retval None
 198:../Shared/Libraries/STM32F4xx_StdPeriph_Driver/src/misc.c ****   */
 199:../Shared/Libraries/STM32F4xx_StdPeriph_Driver/src/misc.c **** void NVIC_SystemLPConfig(uint8_t LowPowerMode, FunctionalState NewState)
 200:../Shared/Libraries/STM32F4xx_StdPeriph_Driver/src/misc.c **** {
 300              		.loc 1 200 1
 301              		.cfi_startproc
 302              		@ args = 0, pretend = 0, frame = 8
 303              		@ frame_needed = 1, uses_anonymous_args = 0
 304              		@ link register save eliminated.
 305 0000 80B4     		push	{r7}
 306              	.LCFI18:
 307              		.cfi_def_cfa_offset 4
 308              		.cfi_offset 7, -4
 309 0002 83B0     		sub	sp, sp, #12
ARM GAS  /tmp/ccTaLdvw.s 			page 10


 310              	.LCFI19:
 311              		.cfi_def_cfa_offset 16
 312 0004 00AF     		add	r7, sp, #0
 313              	.LCFI20:
 314              		.cfi_def_cfa_register 7
 315 0006 0346     		mov	r3, r0
 316 0008 0A46     		mov	r2, r1
 317 000a FB71     		strb	r3, [r7, #7]
 318 000c 1346     		mov	r3, r2
 319 000e BB71     		strb	r3, [r7, #6]
 201:../Shared/Libraries/STM32F4xx_StdPeriph_Driver/src/misc.c ****   /* Check the parameters */
 202:../Shared/Libraries/STM32F4xx_StdPeriph_Driver/src/misc.c ****   assert_param(IS_NVIC_LP(LowPowerMode));
 203:../Shared/Libraries/STM32F4xx_StdPeriph_Driver/src/misc.c ****   assert_param(IS_FUNCTIONAL_STATE(NewState));  
 204:../Shared/Libraries/STM32F4xx_StdPeriph_Driver/src/misc.c ****   
 205:../Shared/Libraries/STM32F4xx_StdPeriph_Driver/src/misc.c ****   if (NewState != DISABLE)
 320              		.loc 1 205 6
 321 0010 BB79     		ldrb	r3, [r7, #6]	@ zero_extendqisi2
 322 0012 002B     		cmp	r3, #0
 323 0014 06D0     		beq	.L14
 206:../Shared/Libraries/STM32F4xx_StdPeriph_Driver/src/misc.c ****   {
 207:../Shared/Libraries/STM32F4xx_StdPeriph_Driver/src/misc.c ****     SCB->SCR |= LowPowerMode;
 324              		.loc 1 207 8
 325 0016 0A4B     		ldr	r3, .L17
 326 0018 1A69     		ldr	r2, [r3, #16]
 327              		.loc 1 207 14
 328 001a FB79     		ldrb	r3, [r7, #7]	@ zero_extendqisi2
 329              		.loc 1 207 8
 330 001c 0849     		ldr	r1, .L17
 331              		.loc 1 207 14
 332 001e 1343     		orrs	r3, r3, r2
 333 0020 0B61     		str	r3, [r1, #16]
 208:../Shared/Libraries/STM32F4xx_StdPeriph_Driver/src/misc.c ****   }
 209:../Shared/Libraries/STM32F4xx_StdPeriph_Driver/src/misc.c ****   else
 210:../Shared/Libraries/STM32F4xx_StdPeriph_Driver/src/misc.c ****   {
 211:../Shared/Libraries/STM32F4xx_StdPeriph_Driver/src/misc.c ****     SCB->SCR &= (uint32_t)(~(uint32_t)LowPowerMode);
 212:../Shared/Libraries/STM32F4xx_StdPeriph_Driver/src/misc.c ****   }
 213:../Shared/Libraries/STM32F4xx_StdPeriph_Driver/src/misc.c **** }
 334              		.loc 1 213 1
 335 0022 06E0     		b	.L16
 336              	.L14:
 211:../Shared/Libraries/STM32F4xx_StdPeriph_Driver/src/misc.c ****   }
 337              		.loc 1 211 8
 338 0024 064B     		ldr	r3, .L17
 339 0026 1A69     		ldr	r2, [r3, #16]
 211:../Shared/Libraries/STM32F4xx_StdPeriph_Driver/src/misc.c ****   }
 340              		.loc 1 211 29
 341 0028 FB79     		ldrb	r3, [r7, #7]	@ zero_extendqisi2
 211:../Shared/Libraries/STM32F4xx_StdPeriph_Driver/src/misc.c ****   }
 342              		.loc 1 211 17
 343 002a DB43     		mvns	r3, r3
 211:../Shared/Libraries/STM32F4xx_StdPeriph_Driver/src/misc.c ****   }
 344              		.loc 1 211 8
 345 002c 0449     		ldr	r1, .L17
 211:../Shared/Libraries/STM32F4xx_StdPeriph_Driver/src/misc.c ****   }
 346              		.loc 1 211 14
 347 002e 1340     		ands	r3, r3, r2
 348 0030 0B61     		str	r3, [r1, #16]
ARM GAS  /tmp/ccTaLdvw.s 			page 11


 349              	.L16:
 350              		.loc 1 213 1
 351 0032 00BF     		nop
 352 0034 0C37     		adds	r7, r7, #12
 353              	.LCFI21:
 354              		.cfi_def_cfa_offset 4
 355 0036 BD46     		mov	sp, r7
 356              	.LCFI22:
 357              		.cfi_def_cfa_register 13
 358              		@ sp needed
 359 0038 5DF8047B 		ldr	r7, [sp], #4
 360              	.LCFI23:
 361              		.cfi_restore 7
 362              		.cfi_def_cfa_offset 0
 363 003c 7047     		bx	lr
 364              	.L18:
 365 003e 00BF     		.align	2
 366              	.L17:
 367 0040 00ED00E0 		.word	-536810240
 368              		.cfi_endproc
 369              	.LFE113:
 371              		.section	.text.SysTick_CLKSourceConfig,"ax",%progbits
 372              		.align	1
 373              		.global	SysTick_CLKSourceConfig
 374              		.syntax unified
 375              		.thumb
 376              		.thumb_func
 378              	SysTick_CLKSourceConfig:
 379              	.LFB114:
 214:../Shared/Libraries/STM32F4xx_StdPeriph_Driver/src/misc.c **** 
 215:../Shared/Libraries/STM32F4xx_StdPeriph_Driver/src/misc.c **** /**
 216:../Shared/Libraries/STM32F4xx_StdPeriph_Driver/src/misc.c ****   * @brief  Configures the SysTick clock source.
 217:../Shared/Libraries/STM32F4xx_StdPeriph_Driver/src/misc.c ****   * @param  SysTick_CLKSource: specifies the SysTick clock source.
 218:../Shared/Libraries/STM32F4xx_StdPeriph_Driver/src/misc.c ****   *   This parameter can be one of the following values:
 219:../Shared/Libraries/STM32F4xx_StdPeriph_Driver/src/misc.c ****   *     @arg SysTick_CLKSource_HCLK_Div8: AHB clock divided by 8 selected as SysTick clock source.
 220:../Shared/Libraries/STM32F4xx_StdPeriph_Driver/src/misc.c ****   *     @arg SysTick_CLKSource_HCLK: AHB clock selected as SysTick clock source.
 221:../Shared/Libraries/STM32F4xx_StdPeriph_Driver/src/misc.c ****   * @retval None
 222:../Shared/Libraries/STM32F4xx_StdPeriph_Driver/src/misc.c ****   */
 223:../Shared/Libraries/STM32F4xx_StdPeriph_Driver/src/misc.c **** void SysTick_CLKSourceConfig(uint32_t SysTick_CLKSource)
 224:../Shared/Libraries/STM32F4xx_StdPeriph_Driver/src/misc.c **** {
 380              		.loc 1 224 1
 381              		.cfi_startproc
 382              		@ args = 0, pretend = 0, frame = 8
 383              		@ frame_needed = 1, uses_anonymous_args = 0
 384              		@ link register save eliminated.
 385 0000 80B4     		push	{r7}
 386              	.LCFI24:
 387              		.cfi_def_cfa_offset 4
 388              		.cfi_offset 7, -4
 389 0002 83B0     		sub	sp, sp, #12
 390              	.LCFI25:
 391              		.cfi_def_cfa_offset 16
 392 0004 00AF     		add	r7, sp, #0
 393              	.LCFI26:
 394              		.cfi_def_cfa_register 7
 395 0006 7860     		str	r0, [r7, #4]
 225:../Shared/Libraries/STM32F4xx_StdPeriph_Driver/src/misc.c ****   /* Check the parameters */
ARM GAS  /tmp/ccTaLdvw.s 			page 12


 226:../Shared/Libraries/STM32F4xx_StdPeriph_Driver/src/misc.c ****   assert_param(IS_SYSTICK_CLK_SOURCE(SysTick_CLKSource));
 227:../Shared/Libraries/STM32F4xx_StdPeriph_Driver/src/misc.c ****   if (SysTick_CLKSource == SysTick_CLKSource_HCLK)
 396              		.loc 1 227 6
 397 0008 7B68     		ldr	r3, [r7, #4]
 398 000a 042B     		cmp	r3, #4
 399 000c 06D1     		bne	.L20
 228:../Shared/Libraries/STM32F4xx_StdPeriph_Driver/src/misc.c ****   {
 229:../Shared/Libraries/STM32F4xx_StdPeriph_Driver/src/misc.c ****     SysTick->CTRL |= SysTick_CLKSource_HCLK;
 400              		.loc 1 229 12
 401 000e 094B     		ldr	r3, .L23
 402 0010 1B68     		ldr	r3, [r3]
 403 0012 084A     		ldr	r2, .L23
 404              		.loc 1 229 19
 405 0014 43F00403 		orr	r3, r3, #4
 406 0018 1360     		str	r3, [r2]
 230:../Shared/Libraries/STM32F4xx_StdPeriph_Driver/src/misc.c ****   }
 231:../Shared/Libraries/STM32F4xx_StdPeriph_Driver/src/misc.c ****   else
 232:../Shared/Libraries/STM32F4xx_StdPeriph_Driver/src/misc.c ****   {
 233:../Shared/Libraries/STM32F4xx_StdPeriph_Driver/src/misc.c ****     SysTick->CTRL &= SysTick_CLKSource_HCLK_Div8;
 234:../Shared/Libraries/STM32F4xx_StdPeriph_Driver/src/misc.c ****   }
 235:../Shared/Libraries/STM32F4xx_StdPeriph_Driver/src/misc.c **** }
 407              		.loc 1 235 1
 408 001a 05E0     		b	.L22
 409              	.L20:
 233:../Shared/Libraries/STM32F4xx_StdPeriph_Driver/src/misc.c ****   }
 410              		.loc 1 233 12
 411 001c 054B     		ldr	r3, .L23
 412 001e 1B68     		ldr	r3, [r3]
 413 0020 044A     		ldr	r2, .L23
 233:../Shared/Libraries/STM32F4xx_StdPeriph_Driver/src/misc.c ****   }
 414              		.loc 1 233 19
 415 0022 23F00403 		bic	r3, r3, #4
 416 0026 1360     		str	r3, [r2]
 417              	.L22:
 418              		.loc 1 235 1
 419 0028 00BF     		nop
 420 002a 0C37     		adds	r7, r7, #12
 421              	.LCFI27:
 422              		.cfi_def_cfa_offset 4
 423 002c BD46     		mov	sp, r7
 424              	.LCFI28:
 425              		.cfi_def_cfa_register 13
 426              		@ sp needed
 427 002e 5DF8047B 		ldr	r7, [sp], #4
 428              	.LCFI29:
 429              		.cfi_restore 7
 430              		.cfi_def_cfa_offset 0
 431 0032 7047     		bx	lr
 432              	.L24:
 433              		.align	2
 434              	.L23:
 435 0034 10E000E0 		.word	-536813552
 436              		.cfi_endproc
 437              	.LFE114:
 439              		.text
 440              	.Letext0:
 441              		.file 2 "/usr/arm-none-eabi/include/machine/_default_types.h"
ARM GAS  /tmp/ccTaLdvw.s 			page 13


 442              		.file 3 "/usr/arm-none-eabi/include/sys/_stdint.h"
 443              		.file 4 "../Shared/Libraries/CMSIS/Include/core_cm4.h"
 444              		.file 5 "../Shared/Libraries/CMSIS/Device/ST/STM32F4xx/Include/stm32f4xx.h"
 445              		.file 6 "../Shared/Libraries/STM32F4xx_StdPeriph_Driver/inc/misc.h"
ARM GAS  /tmp/ccTaLdvw.s 			page 14


DEFINED SYMBOLS
                            *ABS*:00000000 misc.c
     /tmp/ccTaLdvw.s:21     .text.NVIC_PriorityGroupConfig:00000000 $t
     /tmp/ccTaLdvw.s:27     .text.NVIC_PriorityGroupConfig:00000000 NVIC_PriorityGroupConfig
     /tmp/ccTaLdvw.s:70     .text.NVIC_PriorityGroupConfig:00000024 $d
     /tmp/ccTaLdvw.s:75     .text.NVIC_Init:00000000 $t
     /tmp/ccTaLdvw.s:81     .text.NVIC_Init:00000000 NVIC_Init
     /tmp/ccTaLdvw.s:228    .text.NVIC_Init:000000bc $d
     /tmp/ccTaLdvw.s:234    .text.NVIC_SetVectorTable:00000000 $t
     /tmp/ccTaLdvw.s:240    .text.NVIC_SetVectorTable:00000000 NVIC_SetVectorTable
     /tmp/ccTaLdvw.s:287    .text.NVIC_SetVectorTable:00000028 $d
     /tmp/ccTaLdvw.s:292    .text.NVIC_SystemLPConfig:00000000 $t
     /tmp/ccTaLdvw.s:298    .text.NVIC_SystemLPConfig:00000000 NVIC_SystemLPConfig
     /tmp/ccTaLdvw.s:367    .text.NVIC_SystemLPConfig:00000040 $d
     /tmp/ccTaLdvw.s:372    .text.SysTick_CLKSourceConfig:00000000 $t
     /tmp/ccTaLdvw.s:378    .text.SysTick_CLKSourceConfig:00000000 SysTick_CLKSourceConfig
     /tmp/ccTaLdvw.s:435    .text.SysTick_CLKSourceConfig:00000034 $d
                           .group:00000000 wm4.0.62e24ee945655210df7a12269291771b
                           .group:00000000 wm4.stm32f4xx.h.54.f84a67a8e71ba9719846fdff1868826c
                           .group:00000000 wm4.core_cm4.h.32.5f62939b60122629d60d85d0c4a14709
                           .group:00000000 wm4._newlib_version.h.4.411db44ea2338a62eca2f0777f81481b
                           .group:00000000 wm4.features.h.33.2eefb68b261e70563a8ac654e712169f
                           .group:00000000 wm4._default_types.h.15.247e5cd201eca3442cbf5404108c4935
                           .group:00000000 wm4._intsup.h.10.48bafbb683905c4daa4565a85aeeb264
                           .group:00000000 wm4._stdint.h.10.c24fa3af3bc1706662bb5593a907e841
                           .group:00000000 wm4.stdint.h.23.d53047a68f4a85177f80b422d52785ed
                           .group:00000000 wm4.core_cmInstr.h.25.f50f886f2edf670cf199b35fd96f5c91
                           .group:00000000 wm4.core_cm4_simd.h.29.b4a3fdfb606cb3b26119424324d4b963
                           .group:00000000 wm4.core_cm4.h.153.5393ef7e6cebf34dd51ca528f9218ab3
                           .group:00000000 wm4.stm32f4xx.h.289.fa68dcae75666a037ce29b5a1b57e3b3
                           .group:00000000 wm4.stm32f4xx_conf.h.3.bc52e76ab6b5c9037500dbf5bb8f9be4
                           .group:00000000 wm4.stm32f4xx_adc.h.108.1710484bf41297b93f825b3b15cbdff8
                           .group:00000000 wm4.stm32f4xx_can.h.31.3bb56c6436c7a6e6af1611046e81f48c
                           .group:00000000 wm4.stm32f4xx_cryp.h.31.94bbbb19b99df10306f31e78c333a77b
                           .group:00000000 wm4.stm32f4xx_dac.h.31.b8d45e7eaf71ee4bf01c1317dbc06f77
                           .group:00000000 wm4.stm32f4xx_dbgmcu.h.30.70a81ec54c2707baa9fca77391eeeaaa
                           .group:00000000 wm4.stm32f4xx_dcmi.h.30.9d0942d58c357d2eed15e044bf9b4a77
                           .group:00000000 wm4.stm32f4xx_dma.h.31.815bb924b30b1c776b3cd51113fdfe60
                           .group:00000000 wm4.stm32f4xx_exti.h.31.86bd18e979f97217bb1d3b80fde0231e
                           .group:00000000 wm4.stm32f4xx_flash.h.31.74f2ed42d890f144ca7eb5ae8172f0d0
                           .group:00000000 wm4.stm32f4xx_fsmc.h.31.ff58629e0c603fb2f9b3f00c0657fdfa
                           .group:00000000 wm4.stm32f4xx_gpio.h.31.d9aeae10cfa353d85d475c0d4900c452
                           .group:00000000 wm4.stm32f4xx_hash.h.31.5c109425d30f0b9cc0a26ad38182d91f
                           .group:00000000 wm4.stm32f4xx_i2c.h.31.edf5baa611075c49ae13f56be9040be3
                           .group:00000000 wm4.stm32f4xx_iwdg.h.31.30e376e6d8d424aab7fddd66cf691c7b
                           .group:00000000 wm4.stm32f4xx_pwr.h.31.bb774fc1b632cb8d2ecaec8c6524d2c0
                           .group:00000000 wm4.stm32f4xx_rcc.h.30.820e94551583d2b835c8cf3ad722e16c
                           .group:00000000 wm4.stm32f4xx_rng.h.31.1ec493d56b7a8e5a71238519cae6dea7
                           .group:00000000 wm4.stm32f4xx_rtc.h.31.bddeb98c63c8fa06fac80b5dd8296471
                           .group:00000000 wm4.stm32f4xx_sdio.h.31.8c6dff42ffa718b444c3420717601ff2
                           .group:00000000 wm4.stm32f4xx_spi.h.31.fb1b2c8214b87a47d4457633b7c31c3c
                           .group:00000000 wm4.stm32f4xx_syscfg.h.31.5a680f88d55b7816ae613c20f199cbd9
                           .group:00000000 wm4.stm32f4xx_tim.h.31.b1d608fbde729347e4ccf70799e654d2
                           .group:00000000 wm4.stm32f4xx_usart.h.31.f8d29b14aa4d39de5495adcc92749d3c
                           .group:00000000 wm4.stm32f4xx_wwdg.h.31.b45a80fa1ec64984adf786f7e489f31b
                           .group:00000000 wm4.stm32f4xx.h.6975.cdbdae9d5de06f1ba6b770f59cbe4d6c
                           .group:00000000 wm4.misc.h.86.a3996e7f17199502fad3c7f62e5cdb3f
ARM GAS  /tmp/ccTaLdvw.s 			page 15



NO UNDEFINED SYMBOLS
