ARM GAS  /tmp/cc1gqWJw.s 			page 1


   1              		.cpu cortex-m4
   2              		.arch armv7e-m
   3              		.fpu fpv4-sp-d16
   4              		.eabi_attribute 27, 1
   5              		.eabi_attribute 28, 1
   6              		.eabi_attribute 20, 1
   7              		.eabi_attribute 21, 1
   8              		.eabi_attribute 23, 3
   9              		.eabi_attribute 24, 1
  10              		.eabi_attribute 25, 1
  11              		.eabi_attribute 26, 1
  12              		.eabi_attribute 30, 6
  13              		.eabi_attribute 34, 1
  14              		.eabi_attribute 18, 4
  15              		.file	"stm32f4xx_dbgmcu.c"
  16              		.text
  17              	.Ltext0:
  18              		.cfi_sections	.debug_frame
  19              		.file 1 "../Shared/Libraries/STM32F4xx_StdPeriph_Driver/src/stm32f4xx_dbgmcu.c"
  20              		.section	.text.DBGMCU_GetREVID,"ax",%progbits
  21              		.align	1
  22              		.global	DBGMCU_GetREVID
  23              		.syntax unified
  24              		.thumb
  25              		.thumb_func
  27              	DBGMCU_GetREVID:
  28              	.LFB110:
   1:../Shared/Libraries/STM32F4xx_StdPeriph_Driver/src/stm32f4xx_dbgmcu.c **** /**
   2:../Shared/Libraries/STM32F4xx_StdPeriph_Driver/src/stm32f4xx_dbgmcu.c ****   ******************************************************************************
   3:../Shared/Libraries/STM32F4xx_StdPeriph_Driver/src/stm32f4xx_dbgmcu.c ****   * @file    stm32f4xx_dbgmcu.c
   4:../Shared/Libraries/STM32F4xx_StdPeriph_Driver/src/stm32f4xx_dbgmcu.c ****   * @author  MCD Application Team
   5:../Shared/Libraries/STM32F4xx_StdPeriph_Driver/src/stm32f4xx_dbgmcu.c ****   * @version V1.0.2
   6:../Shared/Libraries/STM32F4xx_StdPeriph_Driver/src/stm32f4xx_dbgmcu.c ****   * @date    05-March-2012
   7:../Shared/Libraries/STM32F4xx_StdPeriph_Driver/src/stm32f4xx_dbgmcu.c ****   * @brief   This file provides all the DBGMCU firmware functions.
   8:../Shared/Libraries/STM32F4xx_StdPeriph_Driver/src/stm32f4xx_dbgmcu.c ****   ******************************************************************************
   9:../Shared/Libraries/STM32F4xx_StdPeriph_Driver/src/stm32f4xx_dbgmcu.c ****   * @attention
  10:../Shared/Libraries/STM32F4xx_StdPeriph_Driver/src/stm32f4xx_dbgmcu.c ****   *
  11:../Shared/Libraries/STM32F4xx_StdPeriph_Driver/src/stm32f4xx_dbgmcu.c ****   * <h2><center>&copy; COPYRIGHT 2012 STMicroelectronics</center></h2>
  12:../Shared/Libraries/STM32F4xx_StdPeriph_Driver/src/stm32f4xx_dbgmcu.c ****   *
  13:../Shared/Libraries/STM32F4xx_StdPeriph_Driver/src/stm32f4xx_dbgmcu.c ****   * Licensed under MCD-ST Liberty SW License Agreement V2, (the "License");
  14:../Shared/Libraries/STM32F4xx_StdPeriph_Driver/src/stm32f4xx_dbgmcu.c ****   * You may not use this file except in compliance with the License.
  15:../Shared/Libraries/STM32F4xx_StdPeriph_Driver/src/stm32f4xx_dbgmcu.c ****   * You may obtain a copy of the License at:
  16:../Shared/Libraries/STM32F4xx_StdPeriph_Driver/src/stm32f4xx_dbgmcu.c ****   *
  17:../Shared/Libraries/STM32F4xx_StdPeriph_Driver/src/stm32f4xx_dbgmcu.c ****   *        http://www.st.com/software_license_agreement_liberty_v2
  18:../Shared/Libraries/STM32F4xx_StdPeriph_Driver/src/stm32f4xx_dbgmcu.c ****   *
  19:../Shared/Libraries/STM32F4xx_StdPeriph_Driver/src/stm32f4xx_dbgmcu.c ****   * Unless required by applicable law or agreed to in writing, software 
  20:../Shared/Libraries/STM32F4xx_StdPeriph_Driver/src/stm32f4xx_dbgmcu.c ****   * distributed under the License is distributed on an "AS IS" BASIS, 
  21:../Shared/Libraries/STM32F4xx_StdPeriph_Driver/src/stm32f4xx_dbgmcu.c ****   * WITHOUT WARRANTIES OR CONDITIONS OF ANY KIND, either express or implied.
  22:../Shared/Libraries/STM32F4xx_StdPeriph_Driver/src/stm32f4xx_dbgmcu.c ****   * See the License for the specific language governing permissions and
  23:../Shared/Libraries/STM32F4xx_StdPeriph_Driver/src/stm32f4xx_dbgmcu.c ****   * limitations under the License.
  24:../Shared/Libraries/STM32F4xx_StdPeriph_Driver/src/stm32f4xx_dbgmcu.c ****   *
  25:../Shared/Libraries/STM32F4xx_StdPeriph_Driver/src/stm32f4xx_dbgmcu.c ****   ******************************************************************************
  26:../Shared/Libraries/STM32F4xx_StdPeriph_Driver/src/stm32f4xx_dbgmcu.c ****   */
  27:../Shared/Libraries/STM32F4xx_StdPeriph_Driver/src/stm32f4xx_dbgmcu.c **** 
  28:../Shared/Libraries/STM32F4xx_StdPeriph_Driver/src/stm32f4xx_dbgmcu.c **** /* Includes ------------------------------------------------------------------*/
  29:../Shared/Libraries/STM32F4xx_StdPeriph_Driver/src/stm32f4xx_dbgmcu.c **** #include "stm32f4xx_dbgmcu.h"
  30:../Shared/Libraries/STM32F4xx_StdPeriph_Driver/src/stm32f4xx_dbgmcu.c **** 
ARM GAS  /tmp/cc1gqWJw.s 			page 2


  31:../Shared/Libraries/STM32F4xx_StdPeriph_Driver/src/stm32f4xx_dbgmcu.c **** /** @addtogroup STM32F4xx_StdPeriph_Driver
  32:../Shared/Libraries/STM32F4xx_StdPeriph_Driver/src/stm32f4xx_dbgmcu.c ****   * @{
  33:../Shared/Libraries/STM32F4xx_StdPeriph_Driver/src/stm32f4xx_dbgmcu.c ****   */
  34:../Shared/Libraries/STM32F4xx_StdPeriph_Driver/src/stm32f4xx_dbgmcu.c **** 
  35:../Shared/Libraries/STM32F4xx_StdPeriph_Driver/src/stm32f4xx_dbgmcu.c **** /** @defgroup DBGMCU 
  36:../Shared/Libraries/STM32F4xx_StdPeriph_Driver/src/stm32f4xx_dbgmcu.c ****   * @brief DBGMCU driver modules
  37:../Shared/Libraries/STM32F4xx_StdPeriph_Driver/src/stm32f4xx_dbgmcu.c ****   * @{
  38:../Shared/Libraries/STM32F4xx_StdPeriph_Driver/src/stm32f4xx_dbgmcu.c ****   */ 
  39:../Shared/Libraries/STM32F4xx_StdPeriph_Driver/src/stm32f4xx_dbgmcu.c **** 
  40:../Shared/Libraries/STM32F4xx_StdPeriph_Driver/src/stm32f4xx_dbgmcu.c **** /* Private typedef -----------------------------------------------------------*/
  41:../Shared/Libraries/STM32F4xx_StdPeriph_Driver/src/stm32f4xx_dbgmcu.c **** /* Private define ------------------------------------------------------------*/
  42:../Shared/Libraries/STM32F4xx_StdPeriph_Driver/src/stm32f4xx_dbgmcu.c **** #define IDCODE_DEVID_MASK    ((uint32_t)0x00000FFF)
  43:../Shared/Libraries/STM32F4xx_StdPeriph_Driver/src/stm32f4xx_dbgmcu.c **** 
  44:../Shared/Libraries/STM32F4xx_StdPeriph_Driver/src/stm32f4xx_dbgmcu.c **** /* Private macro -------------------------------------------------------------*/
  45:../Shared/Libraries/STM32F4xx_StdPeriph_Driver/src/stm32f4xx_dbgmcu.c **** /* Private variables ---------------------------------------------------------*/
  46:../Shared/Libraries/STM32F4xx_StdPeriph_Driver/src/stm32f4xx_dbgmcu.c **** /* Private function prototypes -----------------------------------------------*/
  47:../Shared/Libraries/STM32F4xx_StdPeriph_Driver/src/stm32f4xx_dbgmcu.c **** /* Private functions ---------------------------------------------------------*/
  48:../Shared/Libraries/STM32F4xx_StdPeriph_Driver/src/stm32f4xx_dbgmcu.c **** 
  49:../Shared/Libraries/STM32F4xx_StdPeriph_Driver/src/stm32f4xx_dbgmcu.c **** /** @defgroup DBGMCU_Private_Functions
  50:../Shared/Libraries/STM32F4xx_StdPeriph_Driver/src/stm32f4xx_dbgmcu.c ****   * @{
  51:../Shared/Libraries/STM32F4xx_StdPeriph_Driver/src/stm32f4xx_dbgmcu.c ****   */ 
  52:../Shared/Libraries/STM32F4xx_StdPeriph_Driver/src/stm32f4xx_dbgmcu.c **** 
  53:../Shared/Libraries/STM32F4xx_StdPeriph_Driver/src/stm32f4xx_dbgmcu.c **** /**
  54:../Shared/Libraries/STM32F4xx_StdPeriph_Driver/src/stm32f4xx_dbgmcu.c ****   * @brief  Returns the device revision identifier.
  55:../Shared/Libraries/STM32F4xx_StdPeriph_Driver/src/stm32f4xx_dbgmcu.c ****   * @param  None
  56:../Shared/Libraries/STM32F4xx_StdPeriph_Driver/src/stm32f4xx_dbgmcu.c ****   * @retval Device revision identifier
  57:../Shared/Libraries/STM32F4xx_StdPeriph_Driver/src/stm32f4xx_dbgmcu.c ****   */
  58:../Shared/Libraries/STM32F4xx_StdPeriph_Driver/src/stm32f4xx_dbgmcu.c **** uint32_t DBGMCU_GetREVID(void)
  59:../Shared/Libraries/STM32F4xx_StdPeriph_Driver/src/stm32f4xx_dbgmcu.c **** {
  29              		.loc 1 59 1
  30              		.cfi_startproc
  31              		@ args = 0, pretend = 0, frame = 0
  32              		@ frame_needed = 1, uses_anonymous_args = 0
  33              		@ link register save eliminated.
  34 0000 80B4     		push	{r7}
  35              	.LCFI0:
  36              		.cfi_def_cfa_offset 4
  37              		.cfi_offset 7, -4
  38 0002 00AF     		add	r7, sp, #0
  39              	.LCFI1:
  40              		.cfi_def_cfa_register 7
  60:../Shared/Libraries/STM32F4xx_StdPeriph_Driver/src/stm32f4xx_dbgmcu.c ****    return(DBGMCU->IDCODE >> 16);
  41              		.loc 1 60 17
  42 0004 034B     		ldr	r3, .L3
  43 0006 1B68     		ldr	r3, [r3]
  44              		.loc 1 60 26
  45 0008 1B0C     		lsrs	r3, r3, #16
  61:../Shared/Libraries/STM32F4xx_StdPeriph_Driver/src/stm32f4xx_dbgmcu.c **** }
  46              		.loc 1 61 1
  47 000a 1846     		mov	r0, r3
  48 000c BD46     		mov	sp, r7
  49              	.LCFI2:
  50              		.cfi_def_cfa_register 13
  51              		@ sp needed
  52 000e 5DF8047B 		ldr	r7, [sp], #4
  53              	.LCFI3:
  54              		.cfi_restore 7
ARM GAS  /tmp/cc1gqWJw.s 			page 3


  55              		.cfi_def_cfa_offset 0
  56 0012 7047     		bx	lr
  57              	.L4:
  58              		.align	2
  59              	.L3:
  60 0014 002004E0 		.word	-536600576
  61              		.cfi_endproc
  62              	.LFE110:
  64              		.section	.text.DBGMCU_GetDEVID,"ax",%progbits
  65              		.align	1
  66              		.global	DBGMCU_GetDEVID
  67              		.syntax unified
  68              		.thumb
  69              		.thumb_func
  71              	DBGMCU_GetDEVID:
  72              	.LFB111:
  62:../Shared/Libraries/STM32F4xx_StdPeriph_Driver/src/stm32f4xx_dbgmcu.c **** 
  63:../Shared/Libraries/STM32F4xx_StdPeriph_Driver/src/stm32f4xx_dbgmcu.c **** /**
  64:../Shared/Libraries/STM32F4xx_StdPeriph_Driver/src/stm32f4xx_dbgmcu.c ****   * @brief  Returns the device identifier.
  65:../Shared/Libraries/STM32F4xx_StdPeriph_Driver/src/stm32f4xx_dbgmcu.c ****   * @param  None
  66:../Shared/Libraries/STM32F4xx_StdPeriph_Driver/src/stm32f4xx_dbgmcu.c ****   * @retval Device identifier
  67:../Shared/Libraries/STM32F4xx_StdPeriph_Driver/src/stm32f4xx_dbgmcu.c ****   */
  68:../Shared/Libraries/STM32F4xx_StdPeriph_Driver/src/stm32f4xx_dbgmcu.c **** uint32_t DBGMCU_GetDEVID(void)
  69:../Shared/Libraries/STM32F4xx_StdPeriph_Driver/src/stm32f4xx_dbgmcu.c **** {
  73              		.loc 1 69 1
  74              		.cfi_startproc
  75              		@ args = 0, pretend = 0, frame = 0
  76              		@ frame_needed = 1, uses_anonymous_args = 0
  77              		@ link register save eliminated.
  78 0000 80B4     		push	{r7}
  79              	.LCFI4:
  80              		.cfi_def_cfa_offset 4
  81              		.cfi_offset 7, -4
  82 0002 00AF     		add	r7, sp, #0
  83              	.LCFI5:
  84              		.cfi_def_cfa_register 7
  70:../Shared/Libraries/STM32F4xx_StdPeriph_Driver/src/stm32f4xx_dbgmcu.c ****    return(DBGMCU->IDCODE & IDCODE_DEVID_MASK);
  85              		.loc 1 70 17
  86 0004 044B     		ldr	r3, .L7
  87 0006 1B68     		ldr	r3, [r3]
  88              		.loc 1 70 26
  89 0008 C3F30B03 		ubfx	r3, r3, #0, #12
  71:../Shared/Libraries/STM32F4xx_StdPeriph_Driver/src/stm32f4xx_dbgmcu.c **** }
  90              		.loc 1 71 1
  91 000c 1846     		mov	r0, r3
  92 000e BD46     		mov	sp, r7
  93              	.LCFI6:
  94              		.cfi_def_cfa_register 13
  95              		@ sp needed
  96 0010 5DF8047B 		ldr	r7, [sp], #4
  97              	.LCFI7:
  98              		.cfi_restore 7
  99              		.cfi_def_cfa_offset 0
 100 0014 7047     		bx	lr
 101              	.L8:
 102 0016 00BF     		.align	2
 103              	.L7:
ARM GAS  /tmp/cc1gqWJw.s 			page 4


 104 0018 002004E0 		.word	-536600576
 105              		.cfi_endproc
 106              	.LFE111:
 108              		.section	.text.DBGMCU_Config,"ax",%progbits
 109              		.align	1
 110              		.global	DBGMCU_Config
 111              		.syntax unified
 112              		.thumb
 113              		.thumb_func
 115              	DBGMCU_Config:
 116              	.LFB112:
  72:../Shared/Libraries/STM32F4xx_StdPeriph_Driver/src/stm32f4xx_dbgmcu.c **** 
  73:../Shared/Libraries/STM32F4xx_StdPeriph_Driver/src/stm32f4xx_dbgmcu.c **** /**
  74:../Shared/Libraries/STM32F4xx_StdPeriph_Driver/src/stm32f4xx_dbgmcu.c ****   * @brief  Configures low power mode behavior when the MCU is in Debug mode.
  75:../Shared/Libraries/STM32F4xx_StdPeriph_Driver/src/stm32f4xx_dbgmcu.c ****   * @param  DBGMCU_Periph: specifies the low power mode.
  76:../Shared/Libraries/STM32F4xx_StdPeriph_Driver/src/stm32f4xx_dbgmcu.c ****   *   This parameter can be any combination of the following values:
  77:../Shared/Libraries/STM32F4xx_StdPeriph_Driver/src/stm32f4xx_dbgmcu.c ****   *     @arg DBGMCU_SLEEP: Keep debugger connection during SLEEP mode              
  78:../Shared/Libraries/STM32F4xx_StdPeriph_Driver/src/stm32f4xx_dbgmcu.c ****   *     @arg DBGMCU_STOP: Keep debugger connection during STOP mode               
  79:../Shared/Libraries/STM32F4xx_StdPeriph_Driver/src/stm32f4xx_dbgmcu.c ****   *     @arg DBGMCU_STANDBY: Keep debugger connection during STANDBY mode        
  80:../Shared/Libraries/STM32F4xx_StdPeriph_Driver/src/stm32f4xx_dbgmcu.c ****   * @param  NewState: new state of the specified low power mode in Debug mode.
  81:../Shared/Libraries/STM32F4xx_StdPeriph_Driver/src/stm32f4xx_dbgmcu.c ****   *   This parameter can be: ENABLE or DISABLE.
  82:../Shared/Libraries/STM32F4xx_StdPeriph_Driver/src/stm32f4xx_dbgmcu.c ****   * @retval None
  83:../Shared/Libraries/STM32F4xx_StdPeriph_Driver/src/stm32f4xx_dbgmcu.c ****   */
  84:../Shared/Libraries/STM32F4xx_StdPeriph_Driver/src/stm32f4xx_dbgmcu.c **** void DBGMCU_Config(uint32_t DBGMCU_Periph, FunctionalState NewState)
  85:../Shared/Libraries/STM32F4xx_StdPeriph_Driver/src/stm32f4xx_dbgmcu.c **** {
 117              		.loc 1 85 1
 118              		.cfi_startproc
 119              		@ args = 0, pretend = 0, frame = 8
 120              		@ frame_needed = 1, uses_anonymous_args = 0
 121              		@ link register save eliminated.
 122 0000 80B4     		push	{r7}
 123              	.LCFI8:
 124              		.cfi_def_cfa_offset 4
 125              		.cfi_offset 7, -4
 126 0002 83B0     		sub	sp, sp, #12
 127              	.LCFI9:
 128              		.cfi_def_cfa_offset 16
 129 0004 00AF     		add	r7, sp, #0
 130              	.LCFI10:
 131              		.cfi_def_cfa_register 7
 132 0006 7860     		str	r0, [r7, #4]
 133 0008 0B46     		mov	r3, r1
 134 000a FB70     		strb	r3, [r7, #3]
  86:../Shared/Libraries/STM32F4xx_StdPeriph_Driver/src/stm32f4xx_dbgmcu.c ****   /* Check the parameters */
  87:../Shared/Libraries/STM32F4xx_StdPeriph_Driver/src/stm32f4xx_dbgmcu.c ****   assert_param(IS_DBGMCU_PERIPH(DBGMCU_Periph));
  88:../Shared/Libraries/STM32F4xx_StdPeriph_Driver/src/stm32f4xx_dbgmcu.c ****   assert_param(IS_FUNCTIONAL_STATE(NewState));
  89:../Shared/Libraries/STM32F4xx_StdPeriph_Driver/src/stm32f4xx_dbgmcu.c ****   if (NewState != DISABLE)
 135              		.loc 1 89 6
 136 000c FB78     		ldrb	r3, [r7, #3]	@ zero_extendqisi2
 137 000e 002B     		cmp	r3, #0
 138 0010 06D0     		beq	.L10
  90:../Shared/Libraries/STM32F4xx_StdPeriph_Driver/src/stm32f4xx_dbgmcu.c ****   {
  91:../Shared/Libraries/STM32F4xx_StdPeriph_Driver/src/stm32f4xx_dbgmcu.c ****     DBGMCU->CR |= DBGMCU_Periph;
 139              		.loc 1 91 11
 140 0012 0A4B     		ldr	r3, .L13
 141 0014 5A68     		ldr	r2, [r3, #4]
 142 0016 0949     		ldr	r1, .L13
ARM GAS  /tmp/cc1gqWJw.s 			page 5


 143              		.loc 1 91 16
 144 0018 7B68     		ldr	r3, [r7, #4]
 145 001a 1343     		orrs	r3, r3, r2
 146 001c 4B60     		str	r3, [r1, #4]
  92:../Shared/Libraries/STM32F4xx_StdPeriph_Driver/src/stm32f4xx_dbgmcu.c ****   }
  93:../Shared/Libraries/STM32F4xx_StdPeriph_Driver/src/stm32f4xx_dbgmcu.c ****   else
  94:../Shared/Libraries/STM32F4xx_StdPeriph_Driver/src/stm32f4xx_dbgmcu.c ****   {
  95:../Shared/Libraries/STM32F4xx_StdPeriph_Driver/src/stm32f4xx_dbgmcu.c ****     DBGMCU->CR &= ~DBGMCU_Periph;
  96:../Shared/Libraries/STM32F4xx_StdPeriph_Driver/src/stm32f4xx_dbgmcu.c ****   }
  97:../Shared/Libraries/STM32F4xx_StdPeriph_Driver/src/stm32f4xx_dbgmcu.c **** }
 147              		.loc 1 97 1
 148 001e 06E0     		b	.L12
 149              	.L10:
  95:../Shared/Libraries/STM32F4xx_StdPeriph_Driver/src/stm32f4xx_dbgmcu.c ****   }
 150              		.loc 1 95 11
 151 0020 064B     		ldr	r3, .L13
 152 0022 5A68     		ldr	r2, [r3, #4]
  95:../Shared/Libraries/STM32F4xx_StdPeriph_Driver/src/stm32f4xx_dbgmcu.c ****   }
 153              		.loc 1 95 19
 154 0024 7B68     		ldr	r3, [r7, #4]
 155 0026 DB43     		mvns	r3, r3
  95:../Shared/Libraries/STM32F4xx_StdPeriph_Driver/src/stm32f4xx_dbgmcu.c ****   }
 156              		.loc 1 95 11
 157 0028 0449     		ldr	r1, .L13
  95:../Shared/Libraries/STM32F4xx_StdPeriph_Driver/src/stm32f4xx_dbgmcu.c ****   }
 158              		.loc 1 95 16
 159 002a 1340     		ands	r3, r3, r2
 160 002c 4B60     		str	r3, [r1, #4]
 161              	.L12:
 162              		.loc 1 97 1
 163 002e 00BF     		nop
 164 0030 0C37     		adds	r7, r7, #12
 165              	.LCFI11:
 166              		.cfi_def_cfa_offset 4
 167 0032 BD46     		mov	sp, r7
 168              	.LCFI12:
 169              		.cfi_def_cfa_register 13
 170              		@ sp needed
 171 0034 5DF8047B 		ldr	r7, [sp], #4
 172              	.LCFI13:
 173              		.cfi_restore 7
 174              		.cfi_def_cfa_offset 0
 175 0038 7047     		bx	lr
 176              	.L14:
 177 003a 00BF     		.align	2
 178              	.L13:
 179 003c 002004E0 		.word	-536600576
 180              		.cfi_endproc
 181              	.LFE112:
 183              		.section	.text.DBGMCU_APB1PeriphConfig,"ax",%progbits
 184              		.align	1
 185              		.global	DBGMCU_APB1PeriphConfig
 186              		.syntax unified
 187              		.thumb
 188              		.thumb_func
 190              	DBGMCU_APB1PeriphConfig:
 191              	.LFB113:
ARM GAS  /tmp/cc1gqWJw.s 			page 6


  98:../Shared/Libraries/STM32F4xx_StdPeriph_Driver/src/stm32f4xx_dbgmcu.c **** 
  99:../Shared/Libraries/STM32F4xx_StdPeriph_Driver/src/stm32f4xx_dbgmcu.c **** /**
 100:../Shared/Libraries/STM32F4xx_StdPeriph_Driver/src/stm32f4xx_dbgmcu.c ****   * @brief  Configures APB1 peripheral behavior when the MCU is in Debug mode.
 101:../Shared/Libraries/STM32F4xx_StdPeriph_Driver/src/stm32f4xx_dbgmcu.c ****   * @param  DBGMCU_Periph: specifies the APB1 peripheral.
 102:../Shared/Libraries/STM32F4xx_StdPeriph_Driver/src/stm32f4xx_dbgmcu.c ****   *   This parameter can be any combination of the following values:        
 103:../Shared/Libraries/STM32F4xx_StdPeriph_Driver/src/stm32f4xx_dbgmcu.c ****   *     @arg DBGMCU_TIM2_STOP: TIM2 counter stopped when Core is halted          
 104:../Shared/Libraries/STM32F4xx_StdPeriph_Driver/src/stm32f4xx_dbgmcu.c ****   *     @arg DBGMCU_TIM3_STOP: TIM3 counter stopped when Core is halted          
 105:../Shared/Libraries/STM32F4xx_StdPeriph_Driver/src/stm32f4xx_dbgmcu.c ****   *     @arg DBGMCU_TIM4_STOP: TIM4 counter stopped when Core is halted
 106:../Shared/Libraries/STM32F4xx_StdPeriph_Driver/src/stm32f4xx_dbgmcu.c ****   *     @arg DBGMCU_TIM5_STOP: TIM5 counter stopped when Core is halted          
 107:../Shared/Libraries/STM32F4xx_StdPeriph_Driver/src/stm32f4xx_dbgmcu.c ****   *     @arg DBGMCU_TIM6_STOP: TIM6 counter stopped when Core is halted          
 108:../Shared/Libraries/STM32F4xx_StdPeriph_Driver/src/stm32f4xx_dbgmcu.c ****   *     @arg DBGMCU_TIM7_STOP: TIM7 counter stopped when Core is halted
 109:../Shared/Libraries/STM32F4xx_StdPeriph_Driver/src/stm32f4xx_dbgmcu.c ****   *     @arg DBGMCU_TIM12_STOP: TIM12 counter stopped when Core is halted  
 110:../Shared/Libraries/STM32F4xx_StdPeriph_Driver/src/stm32f4xx_dbgmcu.c ****   *     @arg DBGMCU_TIM13_STOP: TIM13 counter stopped when Core is halted  
 111:../Shared/Libraries/STM32F4xx_StdPeriph_Driver/src/stm32f4xx_dbgmcu.c ****   *     @arg DBGMCU_TIM14_STOP: TIM14 counter stopped when Core is halted 
 112:../Shared/Libraries/STM32F4xx_StdPeriph_Driver/src/stm32f4xx_dbgmcu.c ****   *     @arg DBGMCU_RTC_STOP: RTC Calendar and Wakeup counter stopped when Core is halted.         
 113:../Shared/Libraries/STM32F4xx_StdPeriph_Driver/src/stm32f4xx_dbgmcu.c ****   *     @arg DBGMCU_WWDG_STOP: Debug WWDG stopped when Core is halted
 114:../Shared/Libraries/STM32F4xx_StdPeriph_Driver/src/stm32f4xx_dbgmcu.c ****   *     @arg DBGMCU_IWDG_STOP: Debug IWDG stopped when Core is halted        
 115:../Shared/Libraries/STM32F4xx_StdPeriph_Driver/src/stm32f4xx_dbgmcu.c ****   *     @arg DBGMCU_I2C1_SMBUS_TIMEOUT: I2C1 SMBUS timeout mode stopped when Core is halted
 116:../Shared/Libraries/STM32F4xx_StdPeriph_Driver/src/stm32f4xx_dbgmcu.c ****   *     @arg DBGMCU_I2C2_SMBUS_TIMEOUT: I2C2 SMBUS timeout mode stopped when Core is halted
 117:../Shared/Libraries/STM32F4xx_StdPeriph_Driver/src/stm32f4xx_dbgmcu.c ****   *     @arg DBGMCU_I2C3_SMBUS_TIMEOUT: I2C3 SMBUS timeout mode stopped when Core is halted
 118:../Shared/Libraries/STM32F4xx_StdPeriph_Driver/src/stm32f4xx_dbgmcu.c ****   *     @arg DBGMCU_CAN2_STOP: Debug CAN1 stopped when Core is halted           
 119:../Shared/Libraries/STM32F4xx_StdPeriph_Driver/src/stm32f4xx_dbgmcu.c ****   *     @arg DBGMCU_CAN1_STOP: Debug CAN2 stopped when Core is halted        
 120:../Shared/Libraries/STM32F4xx_StdPeriph_Driver/src/stm32f4xx_dbgmcu.c ****   *   This parameter can be: ENABLE or DISABLE.
 121:../Shared/Libraries/STM32F4xx_StdPeriph_Driver/src/stm32f4xx_dbgmcu.c ****   * @retval None
 122:../Shared/Libraries/STM32F4xx_StdPeriph_Driver/src/stm32f4xx_dbgmcu.c ****   */
 123:../Shared/Libraries/STM32F4xx_StdPeriph_Driver/src/stm32f4xx_dbgmcu.c **** void DBGMCU_APB1PeriphConfig(uint32_t DBGMCU_Periph, FunctionalState NewState)
 124:../Shared/Libraries/STM32F4xx_StdPeriph_Driver/src/stm32f4xx_dbgmcu.c **** {
 192              		.loc 1 124 1
 193              		.cfi_startproc
 194              		@ args = 0, pretend = 0, frame = 8
 195              		@ frame_needed = 1, uses_anonymous_args = 0
 196              		@ link register save eliminated.
 197 0000 80B4     		push	{r7}
 198              	.LCFI14:
 199              		.cfi_def_cfa_offset 4
 200              		.cfi_offset 7, -4
 201 0002 83B0     		sub	sp, sp, #12
 202              	.LCFI15:
 203              		.cfi_def_cfa_offset 16
 204 0004 00AF     		add	r7, sp, #0
 205              	.LCFI16:
 206              		.cfi_def_cfa_register 7
 207 0006 7860     		str	r0, [r7, #4]
 208 0008 0B46     		mov	r3, r1
 209 000a FB70     		strb	r3, [r7, #3]
 125:../Shared/Libraries/STM32F4xx_StdPeriph_Driver/src/stm32f4xx_dbgmcu.c ****   /* Check the parameters */
 126:../Shared/Libraries/STM32F4xx_StdPeriph_Driver/src/stm32f4xx_dbgmcu.c ****   assert_param(IS_DBGMCU_APB1PERIPH(DBGMCU_Periph));
 127:../Shared/Libraries/STM32F4xx_StdPeriph_Driver/src/stm32f4xx_dbgmcu.c ****   assert_param(IS_FUNCTIONAL_STATE(NewState));
 128:../Shared/Libraries/STM32F4xx_StdPeriph_Driver/src/stm32f4xx_dbgmcu.c **** 
 129:../Shared/Libraries/STM32F4xx_StdPeriph_Driver/src/stm32f4xx_dbgmcu.c ****   if (NewState != DISABLE)
 210              		.loc 1 129 6
 211 000c FB78     		ldrb	r3, [r7, #3]	@ zero_extendqisi2
 212 000e 002B     		cmp	r3, #0
 213 0010 06D0     		beq	.L16
 130:../Shared/Libraries/STM32F4xx_StdPeriph_Driver/src/stm32f4xx_dbgmcu.c ****   {
 131:../Shared/Libraries/STM32F4xx_StdPeriph_Driver/src/stm32f4xx_dbgmcu.c ****     DBGMCU->APB1FZ |= DBGMCU_Periph;
 214              		.loc 1 131 11
ARM GAS  /tmp/cc1gqWJw.s 			page 7


 215 0012 0A4B     		ldr	r3, .L19
 216 0014 9A68     		ldr	r2, [r3, #8]
 217 0016 0949     		ldr	r1, .L19
 218              		.loc 1 131 20
 219 0018 7B68     		ldr	r3, [r7, #4]
 220 001a 1343     		orrs	r3, r3, r2
 221 001c 8B60     		str	r3, [r1, #8]
 132:../Shared/Libraries/STM32F4xx_StdPeriph_Driver/src/stm32f4xx_dbgmcu.c ****   }
 133:../Shared/Libraries/STM32F4xx_StdPeriph_Driver/src/stm32f4xx_dbgmcu.c ****   else
 134:../Shared/Libraries/STM32F4xx_StdPeriph_Driver/src/stm32f4xx_dbgmcu.c ****   {
 135:../Shared/Libraries/STM32F4xx_StdPeriph_Driver/src/stm32f4xx_dbgmcu.c ****     DBGMCU->APB1FZ &= ~DBGMCU_Periph;
 136:../Shared/Libraries/STM32F4xx_StdPeriph_Driver/src/stm32f4xx_dbgmcu.c ****   }
 137:../Shared/Libraries/STM32F4xx_StdPeriph_Driver/src/stm32f4xx_dbgmcu.c **** }
 222              		.loc 1 137 1
 223 001e 06E0     		b	.L18
 224              	.L16:
 135:../Shared/Libraries/STM32F4xx_StdPeriph_Driver/src/stm32f4xx_dbgmcu.c ****   }
 225              		.loc 1 135 11
 226 0020 064B     		ldr	r3, .L19
 227 0022 9A68     		ldr	r2, [r3, #8]
 135:../Shared/Libraries/STM32F4xx_StdPeriph_Driver/src/stm32f4xx_dbgmcu.c ****   }
 228              		.loc 1 135 23
 229 0024 7B68     		ldr	r3, [r7, #4]
 230 0026 DB43     		mvns	r3, r3
 135:../Shared/Libraries/STM32F4xx_StdPeriph_Driver/src/stm32f4xx_dbgmcu.c ****   }
 231              		.loc 1 135 11
 232 0028 0449     		ldr	r1, .L19
 135:../Shared/Libraries/STM32F4xx_StdPeriph_Driver/src/stm32f4xx_dbgmcu.c ****   }
 233              		.loc 1 135 20
 234 002a 1340     		ands	r3, r3, r2
 235 002c 8B60     		str	r3, [r1, #8]
 236              	.L18:
 237              		.loc 1 137 1
 238 002e 00BF     		nop
 239 0030 0C37     		adds	r7, r7, #12
 240              	.LCFI17:
 241              		.cfi_def_cfa_offset 4
 242 0032 BD46     		mov	sp, r7
 243              	.LCFI18:
 244              		.cfi_def_cfa_register 13
 245              		@ sp needed
 246 0034 5DF8047B 		ldr	r7, [sp], #4
 247              	.LCFI19:
 248              		.cfi_restore 7
 249              		.cfi_def_cfa_offset 0
 250 0038 7047     		bx	lr
 251              	.L20:
 252 003a 00BF     		.align	2
 253              	.L19:
 254 003c 002004E0 		.word	-536600576
 255              		.cfi_endproc
 256              	.LFE113:
 258              		.section	.text.DBGMCU_APB2PeriphConfig,"ax",%progbits
 259              		.align	1
 260              		.global	DBGMCU_APB2PeriphConfig
 261              		.syntax unified
 262              		.thumb
ARM GAS  /tmp/cc1gqWJw.s 			page 8


 263              		.thumb_func
 265              	DBGMCU_APB2PeriphConfig:
 266              	.LFB114:
 138:../Shared/Libraries/STM32F4xx_StdPeriph_Driver/src/stm32f4xx_dbgmcu.c **** 
 139:../Shared/Libraries/STM32F4xx_StdPeriph_Driver/src/stm32f4xx_dbgmcu.c **** /**
 140:../Shared/Libraries/STM32F4xx_StdPeriph_Driver/src/stm32f4xx_dbgmcu.c ****   * @brief  Configures APB2 peripheral behavior when the MCU is in Debug mode.
 141:../Shared/Libraries/STM32F4xx_StdPeriph_Driver/src/stm32f4xx_dbgmcu.c ****   * @param  DBGMCU_Periph: specifies the APB2 peripheral.
 142:../Shared/Libraries/STM32F4xx_StdPeriph_Driver/src/stm32f4xx_dbgmcu.c ****   *   This parameter can be any combination of the following values:       
 143:../Shared/Libraries/STM32F4xx_StdPeriph_Driver/src/stm32f4xx_dbgmcu.c ****   *     @arg DBGMCU_TIM1_STOP: TIM1 counter stopped when Core is halted                
 144:../Shared/Libraries/STM32F4xx_StdPeriph_Driver/src/stm32f4xx_dbgmcu.c ****   *     @arg DBGMCU_TIM8_STOP: TIM8 counter stopped when Core is halted
 145:../Shared/Libraries/STM32F4xx_StdPeriph_Driver/src/stm32f4xx_dbgmcu.c ****   *     @arg DBGMCU_TIM9_STOP: TIM9 counter stopped when Core is halted   
 146:../Shared/Libraries/STM32F4xx_StdPeriph_Driver/src/stm32f4xx_dbgmcu.c ****   *     @arg DBGMCU_TIM10_STOP: TIM10 counter stopped when Core is halted   
 147:../Shared/Libraries/STM32F4xx_StdPeriph_Driver/src/stm32f4xx_dbgmcu.c ****   *     @arg DBGMCU_TIM11_STOP: TIM11 counter stopped when Core is halted                          
 148:../Shared/Libraries/STM32F4xx_StdPeriph_Driver/src/stm32f4xx_dbgmcu.c ****   * @param  NewState: new state of the specified peripheral in Debug mode.
 149:../Shared/Libraries/STM32F4xx_StdPeriph_Driver/src/stm32f4xx_dbgmcu.c ****   *   This parameter can be: ENABLE or DISABLE.
 150:../Shared/Libraries/STM32F4xx_StdPeriph_Driver/src/stm32f4xx_dbgmcu.c ****   * @retval None
 151:../Shared/Libraries/STM32F4xx_StdPeriph_Driver/src/stm32f4xx_dbgmcu.c ****   */
 152:../Shared/Libraries/STM32F4xx_StdPeriph_Driver/src/stm32f4xx_dbgmcu.c **** void DBGMCU_APB2PeriphConfig(uint32_t DBGMCU_Periph, FunctionalState NewState)
 153:../Shared/Libraries/STM32F4xx_StdPeriph_Driver/src/stm32f4xx_dbgmcu.c **** {
 267              		.loc 1 153 1
 268              		.cfi_startproc
 269              		@ args = 0, pretend = 0, frame = 8
 270              		@ frame_needed = 1, uses_anonymous_args = 0
 271              		@ link register save eliminated.
 272 0000 80B4     		push	{r7}
 273              	.LCFI20:
 274              		.cfi_def_cfa_offset 4
 275              		.cfi_offset 7, -4
 276 0002 83B0     		sub	sp, sp, #12
 277              	.LCFI21:
 278              		.cfi_def_cfa_offset 16
 279 0004 00AF     		add	r7, sp, #0
 280              	.LCFI22:
 281              		.cfi_def_cfa_register 7
 282 0006 7860     		str	r0, [r7, #4]
 283 0008 0B46     		mov	r3, r1
 284 000a FB70     		strb	r3, [r7, #3]
 154:../Shared/Libraries/STM32F4xx_StdPeriph_Driver/src/stm32f4xx_dbgmcu.c ****   /* Check the parameters */
 155:../Shared/Libraries/STM32F4xx_StdPeriph_Driver/src/stm32f4xx_dbgmcu.c ****   assert_param(IS_DBGMCU_APB2PERIPH(DBGMCU_Periph));
 156:../Shared/Libraries/STM32F4xx_StdPeriph_Driver/src/stm32f4xx_dbgmcu.c ****   assert_param(IS_FUNCTIONAL_STATE(NewState));
 157:../Shared/Libraries/STM32F4xx_StdPeriph_Driver/src/stm32f4xx_dbgmcu.c **** 
 158:../Shared/Libraries/STM32F4xx_StdPeriph_Driver/src/stm32f4xx_dbgmcu.c ****   if (NewState != DISABLE)
 285              		.loc 1 158 6
 286 000c FB78     		ldrb	r3, [r7, #3]	@ zero_extendqisi2
 287 000e 002B     		cmp	r3, #0
 288 0010 06D0     		beq	.L22
 159:../Shared/Libraries/STM32F4xx_StdPeriph_Driver/src/stm32f4xx_dbgmcu.c ****   {
 160:../Shared/Libraries/STM32F4xx_StdPeriph_Driver/src/stm32f4xx_dbgmcu.c ****     DBGMCU->APB2FZ |= DBGMCU_Periph;
 289              		.loc 1 160 11
 290 0012 0A4B     		ldr	r3, .L25
 291 0014 DA68     		ldr	r2, [r3, #12]
 292 0016 0949     		ldr	r1, .L25
 293              		.loc 1 160 20
 294 0018 7B68     		ldr	r3, [r7, #4]
 295 001a 1343     		orrs	r3, r3, r2
 296 001c CB60     		str	r3, [r1, #12]
 161:../Shared/Libraries/STM32F4xx_StdPeriph_Driver/src/stm32f4xx_dbgmcu.c ****   }
ARM GAS  /tmp/cc1gqWJw.s 			page 9


 162:../Shared/Libraries/STM32F4xx_StdPeriph_Driver/src/stm32f4xx_dbgmcu.c ****   else
 163:../Shared/Libraries/STM32F4xx_StdPeriph_Driver/src/stm32f4xx_dbgmcu.c ****   {
 164:../Shared/Libraries/STM32F4xx_StdPeriph_Driver/src/stm32f4xx_dbgmcu.c ****     DBGMCU->APB2FZ &= ~DBGMCU_Periph;
 165:../Shared/Libraries/STM32F4xx_StdPeriph_Driver/src/stm32f4xx_dbgmcu.c ****   }
 166:../Shared/Libraries/STM32F4xx_StdPeriph_Driver/src/stm32f4xx_dbgmcu.c **** }
 297              		.loc 1 166 1
 298 001e 06E0     		b	.L24
 299              	.L22:
 164:../Shared/Libraries/STM32F4xx_StdPeriph_Driver/src/stm32f4xx_dbgmcu.c ****   }
 300              		.loc 1 164 11
 301 0020 064B     		ldr	r3, .L25
 302 0022 DA68     		ldr	r2, [r3, #12]
 164:../Shared/Libraries/STM32F4xx_StdPeriph_Driver/src/stm32f4xx_dbgmcu.c ****   }
 303              		.loc 1 164 23
 304 0024 7B68     		ldr	r3, [r7, #4]
 305 0026 DB43     		mvns	r3, r3
 164:../Shared/Libraries/STM32F4xx_StdPeriph_Driver/src/stm32f4xx_dbgmcu.c ****   }
 306              		.loc 1 164 11
 307 0028 0449     		ldr	r1, .L25
 164:../Shared/Libraries/STM32F4xx_StdPeriph_Driver/src/stm32f4xx_dbgmcu.c ****   }
 308              		.loc 1 164 20
 309 002a 1340     		ands	r3, r3, r2
 310 002c CB60     		str	r3, [r1, #12]
 311              	.L24:
 312              		.loc 1 166 1
 313 002e 00BF     		nop
 314 0030 0C37     		adds	r7, r7, #12
 315              	.LCFI23:
 316              		.cfi_def_cfa_offset 4
 317 0032 BD46     		mov	sp, r7
 318              	.LCFI24:
 319              		.cfi_def_cfa_register 13
 320              		@ sp needed
 321 0034 5DF8047B 		ldr	r7, [sp], #4
 322              	.LCFI25:
 323              		.cfi_restore 7
 324              		.cfi_def_cfa_offset 0
 325 0038 7047     		bx	lr
 326              	.L26:
 327 003a 00BF     		.align	2
 328              	.L25:
 329 003c 002004E0 		.word	-536600576
 330              		.cfi_endproc
 331              	.LFE114:
 333              		.text
 334              	.Letext0:
 335              		.file 2 "/usr/arm-none-eabi/include/machine/_default_types.h"
 336              		.file 3 "/usr/arm-none-eabi/include/sys/_stdint.h"
 337              		.file 4 "../Shared/Libraries/CMSIS/Device/ST/STM32F4xx/Include/stm32f4xx.h"
ARM GAS  /tmp/cc1gqWJw.s 			page 10


DEFINED SYMBOLS
                            *ABS*:00000000 stm32f4xx_dbgmcu.c
     /tmp/cc1gqWJw.s:21     .text.DBGMCU_GetREVID:00000000 $t
     /tmp/cc1gqWJw.s:27     .text.DBGMCU_GetREVID:00000000 DBGMCU_GetREVID
     /tmp/cc1gqWJw.s:60     .text.DBGMCU_GetREVID:00000014 $d
     /tmp/cc1gqWJw.s:65     .text.DBGMCU_GetDEVID:00000000 $t
     /tmp/cc1gqWJw.s:71     .text.DBGMCU_GetDEVID:00000000 DBGMCU_GetDEVID
     /tmp/cc1gqWJw.s:104    .text.DBGMCU_GetDEVID:00000018 $d
     /tmp/cc1gqWJw.s:109    .text.DBGMCU_Config:00000000 $t
     /tmp/cc1gqWJw.s:115    .text.DBGMCU_Config:00000000 DBGMCU_Config
     /tmp/cc1gqWJw.s:179    .text.DBGMCU_Config:0000003c $d
     /tmp/cc1gqWJw.s:184    .text.DBGMCU_APB1PeriphConfig:00000000 $t
     /tmp/cc1gqWJw.s:190    .text.DBGMCU_APB1PeriphConfig:00000000 DBGMCU_APB1PeriphConfig
     /tmp/cc1gqWJw.s:254    .text.DBGMCU_APB1PeriphConfig:0000003c $d
     /tmp/cc1gqWJw.s:259    .text.DBGMCU_APB2PeriphConfig:00000000 $t
     /tmp/cc1gqWJw.s:265    .text.DBGMCU_APB2PeriphConfig:00000000 DBGMCU_APB2PeriphConfig
     /tmp/cc1gqWJw.s:329    .text.DBGMCU_APB2PeriphConfig:0000003c $d
                           .group:00000000 wm4.0.62e24ee945655210df7a12269291771b
                           .group:00000000 wm4.stm32f4xx.h.54.f84a67a8e71ba9719846fdff1868826c
                           .group:00000000 wm4.core_cm4.h.32.5f62939b60122629d60d85d0c4a14709
                           .group:00000000 wm4._newlib_version.h.4.411db44ea2338a62eca2f0777f81481b
                           .group:00000000 wm4.features.h.33.2eefb68b261e70563a8ac654e712169f
                           .group:00000000 wm4._default_types.h.15.247e5cd201eca3442cbf5404108c4935
                           .group:00000000 wm4._intsup.h.10.48bafbb683905c4daa4565a85aeeb264
                           .group:00000000 wm4._stdint.h.10.c24fa3af3bc1706662bb5593a907e841
                           .group:00000000 wm4.stdint.h.23.d53047a68f4a85177f80b422d52785ed
                           .group:00000000 wm4.core_cmInstr.h.25.f50f886f2edf670cf199b35fd96f5c91
                           .group:00000000 wm4.core_cm4_simd.h.29.b4a3fdfb606cb3b26119424324d4b963
                           .group:00000000 wm4.core_cm4.h.153.5393ef7e6cebf34dd51ca528f9218ab3
                           .group:00000000 wm4.stm32f4xx.h.289.fa68dcae75666a037ce29b5a1b57e3b3
                           .group:00000000 wm4.stm32f4xx_conf.h.3.bc52e76ab6b5c9037500dbf5bb8f9be4
                           .group:00000000 wm4.misc.h.86.a3996e7f17199502fad3c7f62e5cdb3f
                           .group:00000000 wm4.stm32f4xx_adc.h.31.d96d805acd0f0c0392ec4633757dead3
                           .group:00000000 wm4.stm32f4xx_can.h.31.3bb56c6436c7a6e6af1611046e81f48c
                           .group:00000000 wm4.stm32f4xx_cryp.h.31.94bbbb19b99df10306f31e78c333a77b
                           .group:00000000 wm4.stm32f4xx_dac.h.31.b8d45e7eaf71ee4bf01c1317dbc06f77
                           .group:00000000 wm4.stm32f4xx_dcmi.h.30.9d0942d58c357d2eed15e044bf9b4a77
                           .group:00000000 wm4.stm32f4xx_dma.h.31.815bb924b30b1c776b3cd51113fdfe60
                           .group:00000000 wm4.stm32f4xx_exti.h.31.86bd18e979f97217bb1d3b80fde0231e
                           .group:00000000 wm4.stm32f4xx_flash.h.31.74f2ed42d890f144ca7eb5ae8172f0d0
                           .group:00000000 wm4.stm32f4xx_fsmc.h.31.ff58629e0c603fb2f9b3f00c0657fdfa
                           .group:00000000 wm4.stm32f4xx_gpio.h.31.d9aeae10cfa353d85d475c0d4900c452
                           .group:00000000 wm4.stm32f4xx_hash.h.31.5c109425d30f0b9cc0a26ad38182d91f
                           .group:00000000 wm4.stm32f4xx_i2c.h.31.edf5baa611075c49ae13f56be9040be3
                           .group:00000000 wm4.stm32f4xx_iwdg.h.31.30e376e6d8d424aab7fddd66cf691c7b
                           .group:00000000 wm4.stm32f4xx_pwr.h.31.bb774fc1b632cb8d2ecaec8c6524d2c0
                           .group:00000000 wm4.stm32f4xx_rcc.h.30.820e94551583d2b835c8cf3ad722e16c
                           .group:00000000 wm4.stm32f4xx_rng.h.31.1ec493d56b7a8e5a71238519cae6dea7
                           .group:00000000 wm4.stm32f4xx_rtc.h.31.bddeb98c63c8fa06fac80b5dd8296471
                           .group:00000000 wm4.stm32f4xx_sdio.h.31.8c6dff42ffa718b444c3420717601ff2
                           .group:00000000 wm4.stm32f4xx_spi.h.31.fb1b2c8214b87a47d4457633b7c31c3c
                           .group:00000000 wm4.stm32f4xx_syscfg.h.31.5a680f88d55b7816ae613c20f199cbd9
                           .group:00000000 wm4.stm32f4xx_tim.h.31.b1d608fbde729347e4ccf70799e654d2
                           .group:00000000 wm4.stm32f4xx_usart.h.31.f8d29b14aa4d39de5495adcc92749d3c
                           .group:00000000 wm4.stm32f4xx_wwdg.h.31.b45a80fa1ec64984adf786f7e489f31b
                           .group:00000000 wm4.stm32f4xx.h.6975.cdbdae9d5de06f1ba6b770f59cbe4d6c
                           .group:00000000 wm4.stm32f4xx_dbgmcu.h.53.e374585d496faa7af264f720f446a3e8
ARM GAS  /tmp/cc1gqWJw.s 			page 11



NO UNDEFINED SYMBOLS
